mode: set
github.com/randalmurphal/orc/internal/events/publisher.go:31.47,32.34 1 1
github.com/randalmurphal/orc/internal/events/publisher.go:32.34,34.3 1 1
github.com/randalmurphal/orc/internal/events/publisher.go:38.67,43.27 2 1
github.com/randalmurphal/orc/internal/events/publisher.go:43.27,45.3 1 1
github.com/randalmurphal/orc/internal/events/publisher.go:46.2,46.10 1 1
github.com/randalmurphal/orc/internal/events/publisher.go:51.48,55.14 3 1
github.com/randalmurphal/orc/internal/events/publisher.go:55.14,57.3 1 1
github.com/randalmurphal/orc/internal/events/publisher.go:59.2,60.26 2 1
github.com/randalmurphal/orc/internal/events/publisher.go:60.26,61.10 1 1
github.com/randalmurphal/orc/internal/events/publisher.go:62.20,62.20 0 1
github.com/randalmurphal/orc/internal/events/publisher.go:63.11,63.11 0 1
github.com/randalmurphal/orc/internal/events/publisher.go:70.65,74.14 3 1
github.com/randalmurphal/orc/internal/events/publisher.go:74.14,79.3 3 1
github.com/randalmurphal/orc/internal/events/publisher.go:81.2,83.11 3 1
github.com/randalmurphal/orc/internal/events/publisher.go:87.71,92.27 4 1
github.com/randalmurphal/orc/internal/events/publisher.go:92.27,93.16 1 1
github.com/randalmurphal/orc/internal/events/publisher.go:93.16,98.9 3 1
github.com/randalmurphal/orc/internal/events/publisher.go:103.2,103.37 1 1
github.com/randalmurphal/orc/internal/events/publisher.go:103.37,105.3 1 1
github.com/randalmurphal/orc/internal/events/publisher.go:109.35,113.14 3 1
github.com/randalmurphal/orc/internal/events/publisher.go:113.14,115.3 1 0
github.com/randalmurphal/orc/internal/events/publisher.go:117.2,120.42 2 1
github.com/randalmurphal/orc/internal/events/publisher.go:120.42,121.27 1 1
github.com/randalmurphal/orc/internal/events/publisher.go:121.27,123.4 1 1
github.com/randalmurphal/orc/internal/events/publisher.go:124.3,124.32 1 1
github.com/randalmurphal/orc/internal/events/publisher.go:129.62,133.2 3 1
github.com/randalmurphal/orc/internal/events/publisher.go:136.43,140.2 3 1
github.com/randalmurphal/orc/internal/events/publisher.go:146.46,146.47 0 1
github.com/randalmurphal/orc/internal/events/publisher.go:149.62,153.2 3 1
github.com/randalmurphal/orc/internal/events/publisher.go:156.69,156.70 0 1
github.com/randalmurphal/orc/internal/events/publisher.go:159.33,159.34 0 1
github.com/randalmurphal/orc/internal/events/publisher.go:162.38,164.2 1 1
github.com/randalmurphal/orc/internal/events/types.go:35.67,42.2 1 1
github.com/randalmurphal/orc/internal/progress/display.go:22.46,28.2 1 1
github.com/randalmurphal/orc/internal/progress/display.go:31.57,38.13 6 1
github.com/randalmurphal/orc/internal/progress/display.go:38.13,40.3 1 1
github.com/randalmurphal/orc/internal/progress/display.go:42.2,42.79 1 1
github.com/randalmurphal/orc/internal/progress/display.go:46.53,50.13 3 1
github.com/randalmurphal/orc/internal/progress/display.go:50.13,52.3 1 1
github.com/randalmurphal/orc/internal/progress/display.go:54.2,64.3 2 1
github.com/randalmurphal/orc/internal/progress/display.go:68.62,69.13 1 1
github.com/randalmurphal/orc/internal/progress/display.go:69.13,71.3 1 1
github.com/randalmurphal/orc/internal/progress/display.go:73.2,79.26 4 1
github.com/randalmurphal/orc/internal/progress/display.go:79.26,81.3 1 1
github.com/randalmurphal/orc/internal/progress/display.go:83.2,84.47 1 1
github.com/randalmurphal/orc/internal/progress/display.go:88.56,89.13 1 1
github.com/randalmurphal/orc/internal/progress/display.go:89.13,91.3 1 1
github.com/randalmurphal/orc/internal/progress/display.go:94.2,96.53 2 1
github.com/randalmurphal/orc/internal/progress/display.go:100.61,101.13 1 1
github.com/randalmurphal/orc/internal/progress/display.go:101.13,103.3 1 1
github.com/randalmurphal/orc/internal/progress/display.go:105.2,108.18 3 1
github.com/randalmurphal/orc/internal/progress/display.go:109.15,111.40 2 1
github.com/randalmurphal/orc/internal/progress/display.go:112.12,114.35 2 1
github.com/randalmurphal/orc/internal/progress/display.go:115.14,117.29 2 1
github.com/randalmurphal/orc/internal/progress/display.go:120.2,120.50 1 1
github.com/randalmurphal/orc/internal/progress/display.go:124.45,125.13 1 1
github.com/randalmurphal/orc/internal/progress/display.go:125.13,127.3 1 1
github.com/randalmurphal/orc/internal/progress/display.go:129.2,129.45 1 1
github.com/randalmurphal/orc/internal/progress/display.go:133.60,134.13 1 1
github.com/randalmurphal/orc/internal/progress/display.go:134.13,136.3 1 1
github.com/randalmurphal/orc/internal/progress/display.go:138.2,138.58 1 1
github.com/randalmurphal/orc/internal/progress/display.go:142.78,143.13 1 1
github.com/randalmurphal/orc/internal/progress/display.go:143.13,145.3 1 1
github.com/randalmurphal/orc/internal/progress/display.go:147.2,149.66 3 1
github.com/randalmurphal/orc/internal/progress/display.go:153.41,154.13 1 1
github.com/randalmurphal/orc/internal/progress/display.go:154.13,156.3 1 1
github.com/randalmurphal/orc/internal/progress/display.go:158.2,158.58 1 1
github.com/randalmurphal/orc/internal/progress/display.go:162.37,163.13 1 1
github.com/randalmurphal/orc/internal/progress/display.go:163.13,165.3 1 1
github.com/randalmurphal/orc/internal/progress/display.go:167.2,167.95 1 1
github.com/randalmurphal/orc/internal/progress/display.go:171.36,172.13 1 1
github.com/randalmurphal/orc/internal/progress/display.go:172.13,174.3 1 1
github.com/randalmurphal/orc/internal/progress/display.go:176.2,176.33 1 1
github.com/randalmurphal/orc/internal/progress/display.go:180.39,181.13 1 1
github.com/randalmurphal/orc/internal/progress/display.go:181.13,183.3 1 1
github.com/randalmurphal/orc/internal/progress/display.go:185.2,185.33 1 1
github.com/randalmurphal/orc/internal/progress/display.go:189.37,192.2 1 1
github.com/randalmurphal/orc/internal/progress/display.go:195.45,204.11 7 1
github.com/randalmurphal/orc/internal/progress/display.go:204.11,206.3 1 1
github.com/randalmurphal/orc/internal/progress/display.go:207.2,207.11 1 1
github.com/randalmurphal/orc/internal/progress/display.go:207.11,209.3 1 1
github.com/randalmurphal/orc/internal/progress/display.go:210.2,210.30 1 1
github.com/randalmurphal/orc/cmd/orc/main.go:10.13,11.38 1 0
github.com/randalmurphal/orc/cmd/orc/main.go:11.38,13.3 1 0
github.com/randalmurphal/orc/internal/gate/gate.go:28.43,30.2 1 1
github.com/randalmurphal/orc/internal/gate/gate.go:33.107,34.19 1 1
github.com/randalmurphal/orc/internal/gate/gate.go:35.21,36.43 1 1
github.com/randalmurphal/orc/internal/gate/gate.go:37.19,38.46 1 1
github.com/randalmurphal/orc/internal/gate/gate.go:39.22,40.38 1 0
github.com/randalmurphal/orc/internal/gate/gate.go:41.10,42.61 1 1
github.com/randalmurphal/orc/internal/gate/gate.go:47.90,49.29 1 1
github.com/randalmurphal/orc/internal/gate/gate.go:49.29,54.3 1 1
github.com/randalmurphal/orc/internal/gate/gate.go:57.2,57.42 1 1
github.com/randalmurphal/orc/internal/gate/gate.go:57.42,58.20 1 1
github.com/randalmurphal/orc/internal/gate/gate.go:59.21,60.25 1 1
github.com/randalmurphal/orc/internal/gate/gate.go:60.25,65.5 1 1
github.com/randalmurphal/orc/internal/gate/gate.go:66.20,67.63 1 1
github.com/randalmurphal/orc/internal/gate/gate.go:67.63,72.5 1 1
github.com/randalmurphal/orc/internal/gate/gate.go:73.32,74.79 1 1
github.com/randalmurphal/orc/internal/gate/gate.go:74.79,79.5 1 1
github.com/randalmurphal/orc/internal/gate/gate.go:80.11,82.49 1 1
github.com/randalmurphal/orc/internal/gate/gate.go:82.49,87.5 1 1
github.com/randalmurphal/orc/internal/gate/gate.go:91.2,94.8 1 1
github.com/randalmurphal/orc/internal/gate/gate.go:98.109,99.21 1 1
github.com/randalmurphal/orc/internal/gate/gate.go:99.21,101.3 1 1
github.com/randalmurphal/orc/internal/gate/gate.go:103.2,130.16 3 1
github.com/randalmurphal/orc/internal/gate/gate.go:130.16,132.3 1 1
github.com/randalmurphal/orc/internal/gate/gate.go:134.2,134.38 1 1
github.com/randalmurphal/orc/internal/gate/gate.go:138.78,140.28 2 0
github.com/randalmurphal/orc/internal/gate/gate.go:140.28,142.35 2 0
github.com/randalmurphal/orc/internal/gate/gate.go:142.35,144.4 1 0
github.com/randalmurphal/orc/internal/gate/gate.go:147.2,151.16 4 0
github.com/randalmurphal/orc/internal/gate/gate.go:151.16,153.3 1 0
github.com/randalmurphal/orc/internal/gate/gate.go:155.2,157.15 2 0
github.com/randalmurphal/orc/internal/gate/gate.go:158.18,162.9 1 0
github.com/randalmurphal/orc/internal/gate/gate.go:163.17,169.9 3 0
github.com/randalmurphal/orc/internal/gate/gate.go:170.24,173.7 3 0
github.com/randalmurphal/orc/internal/gate/gate.go:173.7,176.15 3 0
github.com/randalmurphal/orc/internal/gate/gate.go:176.15,177.10 1 0
github.com/randalmurphal/orc/internal/gate/gate.go:179.4,179.36 1 0
github.com/randalmurphal/orc/internal/gate/gate.go:181.3,185.9 1 0
github.com/randalmurphal/orc/internal/gate/gate.go:186.10,190.9 1 0
github.com/randalmurphal/orc/internal/gate/gate.go:195.47,196.24 1 1
github.com/randalmurphal/orc/internal/gate/gate.go:196.24,198.3 1 1
github.com/randalmurphal/orc/internal/gate/gate.go:200.2,201.29 2 1
github.com/randalmurphal/orc/internal/gate/gate.go:201.29,203.3 1 1
github.com/randalmurphal/orc/internal/gate/gate.go:204.2,204.34 1 1
github.com/randalmurphal/orc/internal/gate/gate.go:208.55,209.27 1 1
github.com/randalmurphal/orc/internal/gate/gate.go:209.27,211.3 1 1
github.com/randalmurphal/orc/internal/gate/gate.go:212.2,212.46 1 1
github.com/randalmurphal/orc/internal/gate/gate.go:216.58,219.46 2 1
github.com/randalmurphal/orc/internal/gate/gate.go:219.46,225.3 2 1
github.com/randalmurphal/orc/internal/gate/gate.go:227.2,227.46 1 1
github.com/randalmurphal/orc/internal/gate/gate.go:227.46,233.3 2 1
github.com/randalmurphal/orc/internal/gate/gate.go:235.2,235.57 1 1
github.com/randalmurphal/orc/internal/gate/gate.go:235.57,243.3 3 1
github.com/randalmurphal/orc/internal/gate/gate.go:246.2,249.8 1 1
github.com/randalmurphal/orc/internal/project/registry.go:36.35,38.16 2 0
github.com/randalmurphal/orc/internal/project/registry.go:38.16,40.3 1 0
github.com/randalmurphal/orc/internal/project/registry.go:41.2,41.44 1 0
github.com/randalmurphal/orc/internal/project/registry.go:45.37,47.16 2 0
github.com/randalmurphal/orc/internal/project/registry.go:47.16,49.3 1 0
github.com/randalmurphal/orc/internal/project/registry.go:50.2,50.52 1 0
github.com/randalmurphal/orc/internal/project/registry.go:54.40,56.16 2 0
github.com/randalmurphal/orc/internal/project/registry.go:56.16,58.3 1 0
github.com/randalmurphal/orc/internal/project/registry.go:60.2,61.16 2 0
github.com/randalmurphal/orc/internal/project/registry.go:61.16,62.25 1 0
github.com/randalmurphal/orc/internal/project/registry.go:62.25,64.4 1 0
github.com/randalmurphal/orc/internal/project/registry.go:65.3,65.51 1 0
github.com/randalmurphal/orc/internal/project/registry.go:68.2,69.51 2 0
github.com/randalmurphal/orc/internal/project/registry.go:69.51,71.3 1 0
github.com/randalmurphal/orc/internal/project/registry.go:73.2,73.18 1 0
github.com/randalmurphal/orc/internal/project/registry.go:78.33,80.16 2 0
github.com/randalmurphal/orc/internal/project/registry.go:80.16,82.3 1 0
github.com/randalmurphal/orc/internal/project/registry.go:84.2,85.47 2 0
github.com/randalmurphal/orc/internal/project/registry.go:85.47,87.3 1 0
github.com/randalmurphal/orc/internal/project/registry.go:89.2,90.16 2 0
github.com/randalmurphal/orc/internal/project/registry.go:90.16,92.3 1 0
github.com/randalmurphal/orc/internal/project/registry.go:95.2,96.58 2 0
github.com/randalmurphal/orc/internal/project/registry.go:96.58,98.3 1 0
github.com/randalmurphal/orc/internal/project/registry.go:100.2,100.49 1 0
github.com/randalmurphal/orc/internal/project/registry.go:100.49,104.3 2 0
github.com/randalmurphal/orc/internal/project/registry.go:106.2,106.12 1 0
github.com/randalmurphal/orc/internal/project/registry.go:110.60,112.16 2 1
github.com/randalmurphal/orc/internal/project/registry.go:112.16,114.3 1 0
github.com/randalmurphal/orc/internal/project/registry.go:117.2,118.16 2 1
github.com/randalmurphal/orc/internal/project/registry.go:118.16,120.3 1 1
github.com/randalmurphal/orc/internal/project/registry.go:121.2,121.19 1 1
github.com/randalmurphal/orc/internal/project/registry.go:121.19,123.3 1 0
github.com/randalmurphal/orc/internal/project/registry.go:126.2,126.31 1 1
github.com/randalmurphal/orc/internal/project/registry.go:126.31,127.24 1 1
github.com/randalmurphal/orc/internal/project/registry.go:127.24,131.4 2 1
github.com/randalmurphal/orc/internal/project/registry.go:135.2,146.19 4 1
github.com/randalmurphal/orc/internal/project/registry.go:150.54,151.31 1 1
github.com/randalmurphal/orc/internal/project/registry.go:151.31,152.45 1 1
github.com/randalmurphal/orc/internal/project/registry.go:152.45,155.4 2 1
github.com/randalmurphal/orc/internal/project/registry.go:157.2,157.54 1 0
github.com/randalmurphal/orc/internal/project/registry.go:161.59,162.31 1 1
github.com/randalmurphal/orc/internal/project/registry.go:162.31,163.45 1 1
github.com/randalmurphal/orc/internal/project/registry.go:163.45,165.4 1 1
github.com/randalmurphal/orc/internal/project/registry.go:167.2,167.59 1 1
github.com/randalmurphal/orc/internal/project/registry.go:171.37,173.2 1 1
github.com/randalmurphal/orc/internal/project/registry.go:176.46,178.31 2 1
github.com/randalmurphal/orc/internal/project/registry.go:178.31,179.44 1 1
github.com/randalmurphal/orc/internal/project/registry.go:179.44,181.4 1 1
github.com/randalmurphal/orc/internal/project/registry.go:183.2,183.14 1 1
github.com/randalmurphal/orc/internal/project/registry.go:187.37,190.2 2 1
github.com/randalmurphal/orc/internal/project/registry.go:193.53,195.16 2 0
github.com/randalmurphal/orc/internal/project/registry.go:195.16,197.3 1 0
github.com/randalmurphal/orc/internal/project/registry.go:199.2,200.16 2 0
github.com/randalmurphal/orc/internal/project/registry.go:200.16,202.3 1 0
github.com/randalmurphal/orc/internal/project/registry.go:204.2,204.35 1 0
github.com/randalmurphal/orc/internal/project/registry.go:204.35,206.3 1 0
github.com/randalmurphal/orc/internal/project/registry.go:208.2,208.18 1 0
github.com/randalmurphal/orc/internal/project/registry.go:212.40,214.16 2 0
github.com/randalmurphal/orc/internal/project/registry.go:214.16,216.3 1 0
github.com/randalmurphal/orc/internal/project/registry.go:217.2,217.33 1 0
github.com/randalmurphal/orc/internal/plan/plan.go:87.32,91.2 1 1
github.com/randalmurphal/orc/internal/plan/plan.go:94.74,96.2 1 1
github.com/randalmurphal/orc/internal/plan/plan.go:99.59,101.9 2 1
github.com/randalmurphal/orc/internal/plan/plan.go:101.9,104.3 1 0
github.com/randalmurphal/orc/internal/plan/plan.go:106.2,106.17 1 1
github.com/randalmurphal/orc/internal/plan/plan.go:106.17,108.3 1 0
github.com/randalmurphal/orc/internal/plan/plan.go:110.2,119.32 2 1
github.com/randalmurphal/orc/internal/plan/plan.go:119.32,122.3 2 1
github.com/randalmurphal/orc/internal/plan/plan.go:124.2,124.18 1 1
github.com/randalmurphal/orc/internal/plan/plan.go:128.43,129.26 1 1
github.com/randalmurphal/orc/internal/plan/plan.go:129.26,130.27 1 1
github.com/randalmurphal/orc/internal/plan/plan.go:130.27,132.4 1 1
github.com/randalmurphal/orc/internal/plan/plan.go:134.2,134.12 1 1
github.com/randalmurphal/orc/internal/plan/plan.go:138.38,139.26 1 1
github.com/randalmurphal/orc/internal/plan/plan.go:139.26,140.81 1 1
github.com/randalmurphal/orc/internal/plan/plan.go:140.81,142.4 1 1
github.com/randalmurphal/orc/internal/plan/plan.go:144.2,144.12 1 1
github.com/randalmurphal/orc/internal/plan/plan.go:148.34,149.33 1 1
github.com/randalmurphal/orc/internal/plan/plan.go:149.33,150.69 1 1
github.com/randalmurphal/orc/internal/plan/plan.go:150.69,152.4 1 1
github.com/randalmurphal/orc/internal/plan/plan.go:154.2,154.13 1 1
github.com/randalmurphal/orc/internal/plan/plan.go:165.35,165.55 1 1
github.com/randalmurphal/orc/internal/plan/plan.go:168.41,171.16 3 1
github.com/randalmurphal/orc/internal/plan/plan.go:171.16,172.25 1 1
github.com/randalmurphal/orc/internal/plan/plan.go:172.25,174.4 1 1
github.com/randalmurphal/orc/internal/plan/plan.go:175.3,175.67 1 0
github.com/randalmurphal/orc/internal/plan/plan.go:178.2,179.49 2 1
github.com/randalmurphal/orc/internal/plan/plan.go:179.49,181.3 1 0
github.com/randalmurphal/orc/internal/plan/plan.go:183.2,183.16 1 1
github.com/randalmurphal/orc/internal/plan/plan.go:187.42,189.47 2 1
github.com/randalmurphal/orc/internal/plan/plan.go:189.47,191.3 1 0
github.com/randalmurphal/orc/internal/plan/plan.go:193.2,194.16 2 1
github.com/randalmurphal/orc/internal/plan/plan.go:194.16,196.3 1 0
github.com/randalmurphal/orc/internal/plan/plan.go:198.2,199.55 2 1
github.com/randalmurphal/orc/internal/plan/plan.go:199.55,201.3 1 0
github.com/randalmurphal/orc/internal/plan/plan.go:203.2,203.12 1 1
github.com/randalmurphal/orc/internal/plan/plan.go:207.41,208.47 1 0
github.com/randalmurphal/orc/internal/plan/plan.go:208.47,210.3 1 0
github.com/randalmurphal/orc/internal/plan/plan.go:212.2,213.16 2 0
github.com/randalmurphal/orc/internal/plan/plan.go:213.16,215.3 1 0
github.com/randalmurphal/orc/internal/plan/plan.go:217.2,218.55 2 0
github.com/randalmurphal/orc/internal/plan/plan.go:218.55,220.3 1 0
github.com/randalmurphal/orc/internal/plan/plan.go:222.2,222.12 1 0
github.com/randalmurphal/orc/internal/plan/plan.go:226.62,229.16 3 1
github.com/randalmurphal/orc/internal/plan/plan.go:229.16,231.3 1 1
github.com/randalmurphal/orc/internal/plan/plan.go:233.2,234.52 2 1
github.com/randalmurphal/orc/internal/plan/plan.go:234.52,236.3 1 0
github.com/randalmurphal/orc/internal/plan/plan.go:238.2,238.19 1 1
github.com/randalmurphal/orc/internal/plan/plan.go:242.54,244.16 2 1
github.com/randalmurphal/orc/internal/plan/plan.go:244.16,246.3 1 0
github.com/randalmurphal/orc/internal/plan/plan.go:248.2,257.36 2 1
github.com/randalmurphal/orc/internal/plan/plan.go:257.36,260.3 2 1
github.com/randalmurphal/orc/internal/plan/plan.go:262.2,262.15 1 1
github.com/randalmurphal/orc/internal/hooks/service.go:43.39,44.11 1 1
github.com/randalmurphal/orc/internal/hooks/service.go:45.84,46.14 1 1
github.com/randalmurphal/orc/internal/hooks/service.go:47.10,48.15 1 0
github.com/randalmurphal/orc/internal/hooks/service.go:58.44,60.2 1 1
github.com/randalmurphal/orc/internal/hooks/service.go:63.32,65.2 1 1
github.com/randalmurphal/orc/internal/hooks/service.go:68.37,70.2 1 1
github.com/randalmurphal/orc/internal/hooks/service.go:73.48,75.2 1 1
github.com/randalmurphal/orc/internal/hooks/service.go:78.46,81.16 3 1
github.com/randalmurphal/orc/internal/hooks/service.go:81.16,82.25 1 1
github.com/randalmurphal/orc/internal/hooks/service.go:82.25,84.4 1 1
github.com/randalmurphal/orc/internal/hooks/service.go:85.3,85.58 1 0
github.com/randalmurphal/orc/internal/hooks/service.go:88.2,89.32 2 1
github.com/randalmurphal/orc/internal/hooks/service.go:89.32,90.65 1 1
github.com/randalmurphal/orc/internal/hooks/service.go:90.65,91.12 1 0
github.com/randalmurphal/orc/internal/hooks/service.go:94.3,96.17 3 1
github.com/randalmurphal/orc/internal/hooks/service.go:96.17,97.12 1 0
github.com/randalmurphal/orc/internal/hooks/service.go:100.3,105.5 1 1
github.com/randalmurphal/orc/internal/hooks/service.go:109.2,109.40 1 1
github.com/randalmurphal/orc/internal/hooks/service.go:109.40,111.3 1 0
github.com/randalmurphal/orc/internal/hooks/service.go:114.2,114.18 1 1
github.com/randalmurphal/orc/internal/hooks/service.go:114.18,116.3 1 0
github.com/randalmurphal/orc/internal/hooks/service.go:118.2,118.19 1 1
github.com/randalmurphal/orc/internal/hooks/service.go:122.51,125.16 3 1
github.com/randalmurphal/orc/internal/hooks/service.go:125.16,126.25 1 1
github.com/randalmurphal/orc/internal/hooks/service.go:126.25,128.4 1 1
github.com/randalmurphal/orc/internal/hooks/service.go:129.3,129.47 1 0
github.com/randalmurphal/orc/internal/hooks/service.go:132.2,133.52 2 1
github.com/randalmurphal/orc/internal/hooks/service.go:133.52,135.3 1 0
github.com/randalmurphal/orc/internal/hooks/service.go:138.2,140.19 2 1
github.com/randalmurphal/orc/internal/hooks/service.go:144.43,145.21 1 1
github.com/randalmurphal/orc/internal/hooks/service.go:145.21,147.3 1 1
github.com/randalmurphal/orc/internal/hooks/service.go:149.2,149.21 1 1
github.com/randalmurphal/orc/internal/hooks/service.go:149.21,151.3 1 1
github.com/randalmurphal/orc/internal/hooks/service.go:153.2,153.33 1 1
github.com/randalmurphal/orc/internal/hooks/service.go:153.33,155.3 1 0
github.com/randalmurphal/orc/internal/hooks/service.go:157.2,157.24 1 1
github.com/randalmurphal/orc/internal/hooks/service.go:157.24,159.3 1 1
github.com/randalmurphal/orc/internal/hooks/service.go:162.2,163.41 2 1
github.com/randalmurphal/orc/internal/hooks/service.go:163.41,165.3 1 1
github.com/randalmurphal/orc/internal/hooks/service.go:167.2,167.21 1 1
github.com/randalmurphal/orc/internal/hooks/service.go:171.56,174.49 2 1
github.com/randalmurphal/orc/internal/hooks/service.go:174.49,176.3 1 1
github.com/randalmurphal/orc/internal/hooks/service.go:179.2,179.52 1 1
github.com/randalmurphal/orc/internal/hooks/service.go:179.52,181.3 1 0
github.com/randalmurphal/orc/internal/hooks/service.go:184.2,184.42 1 1
github.com/randalmurphal/orc/internal/hooks/service.go:184.42,186.38 1 0
github.com/randalmurphal/orc/internal/hooks/service.go:186.38,188.4 1 0
github.com/randalmurphal/orc/internal/hooks/service.go:190.3,190.41 1 0
github.com/randalmurphal/orc/internal/hooks/service.go:190.41,192.4 1 0
github.com/randalmurphal/orc/internal/hooks/service.go:193.3,193.13 1 0
github.com/randalmurphal/orc/internal/hooks/service.go:196.2,197.21 2 1
github.com/randalmurphal/orc/internal/hooks/service.go:201.45,203.40 2 1
github.com/randalmurphal/orc/internal/hooks/service.go:203.40,204.25 1 1
github.com/randalmurphal/orc/internal/hooks/service.go:204.25,206.4 1 1
github.com/randalmurphal/orc/internal/hooks/service.go:207.3,207.44 1 0
github.com/randalmurphal/orc/internal/hooks/service.go:209.2,209.12 1 1
github.com/randalmurphal/orc/internal/hooks/service.go:213.44,217.2 3 1
github.com/randalmurphal/orc/internal/hooks/service.go:220.41,222.56 1 1
github.com/randalmurphal/orc/internal/hooks/service.go:222.56,224.3 1 0
github.com/randalmurphal/orc/internal/hooks/service.go:226.2,227.16 2 1
github.com/randalmurphal/orc/internal/hooks/service.go:227.16,229.3 1 0
github.com/randalmurphal/orc/internal/hooks/service.go:231.2,232.55 2 1
github.com/randalmurphal/orc/internal/hooks/service.go:232.55,234.3 1 0
github.com/randalmurphal/orc/internal/hooks/service.go:236.2,236.12 1 1
github.com/randalmurphal/orc/internal/hooks/service.go:240.32,248.2 1 1
github.com/randalmurphal/orc/internal/config/config.go:168.70,170.36 1 1
github.com/randalmurphal/orc/internal/config/config.go:170.36,171.65 1 1
github.com/randalmurphal/orc/internal/config/config.go:171.65,172.50 1 1
github.com/randalmurphal/orc/internal/config/config.go:172.50,174.5 1 1
github.com/randalmurphal/orc/internal/config/config.go:179.2,179.35 1 1
github.com/randalmurphal/orc/internal/config/config.go:179.35,180.56 1 1
github.com/randalmurphal/orc/internal/config/config.go:180.56,182.4 1 1
github.com/randalmurphal/orc/internal/config/config.go:186.2,186.31 1 1
github.com/randalmurphal/orc/internal/config/config.go:186.31,188.3 1 1
github.com/randalmurphal/orc/internal/config/config.go:190.2,190.15 1 1
github.com/randalmurphal/orc/internal/config/config.go:195.61,196.22 1 1
github.com/randalmurphal/orc/internal/config/config.go:196.22,198.3 1 1
github.com/randalmurphal/orc/internal/config/config.go:199.2,199.29 1 1
github.com/randalmurphal/orc/internal/config/config.go:199.29,201.3 1 1
github.com/randalmurphal/orc/internal/config/config.go:202.2,202.11 1 0
github.com/randalmurphal/orc/internal/config/config.go:207.24,256.2 1 1
github.com/randalmurphal/orc/internal/config/config.go:259.59,260.17 1 1
github.com/randalmurphal/orc/internal/config/config.go:261.19,268.4 1 1
github.com/randalmurphal/orc/internal/config/config.go:269.19,280.4 1 1
github.com/randalmurphal/orc/internal/config/config.go:281.21,295.4 1 1
github.com/randalmurphal/orc/internal/config/config.go:296.10,303.4 1 1
github.com/randalmurphal/orc/internal/config/config.go:308.58,311.2 2 1
github.com/randalmurphal/orc/internal/config/config.go:314.30,316.2 1 1
github.com/randalmurphal/orc/internal/config/config.go:319.45,321.16 2 1
github.com/randalmurphal/orc/internal/config/config.go:321.16,322.25 1 1
github.com/randalmurphal/orc/internal/config/config.go:322.25,325.4 1 1
github.com/randalmurphal/orc/internal/config/config.go:326.3,326.49 1 0
github.com/randalmurphal/orc/internal/config/config.go:329.2,330.50 2 1
github.com/randalmurphal/orc/internal/config/config.go:330.50,332.3 1 1
github.com/randalmurphal/orc/internal/config/config.go:334.2,334.17 1 1
github.com/randalmurphal/orc/internal/config/config.go:338.31,340.2 1 1
github.com/randalmurphal/orc/internal/config/config.go:343.44,345.47 2 1
github.com/randalmurphal/orc/internal/config/config.go:345.47,347.3 1 1
github.com/randalmurphal/orc/internal/config/config.go:349.2,350.16 2 1
github.com/randalmurphal/orc/internal/config/config.go:350.16,352.3 1 0
github.com/randalmurphal/orc/internal/config/config.go:354.2,354.55 1 1
github.com/randalmurphal/orc/internal/config/config.go:354.55,356.3 1 0
github.com/randalmurphal/orc/internal/config/config.go:358.2,358.12 1 1
github.com/randalmurphal/orc/internal/config/config.go:362.29,364.12 1 1
github.com/randalmurphal/orc/internal/config/config.go:364.12,365.44 1 1
github.com/randalmurphal/orc/internal/config/config.go:365.44,367.4 1 1
github.com/randalmurphal/orc/internal/config/config.go:371.2,376.27 2 1
github.com/randalmurphal/orc/internal/config/config.go:376.27,377.48 1 1
github.com/randalmurphal/orc/internal/config/config.go:377.48,379.4 1 0
github.com/randalmurphal/orc/internal/config/config.go:383.2,384.35 2 1
github.com/randalmurphal/orc/internal/config/config.go:384.35,386.3 1 0
github.com/randalmurphal/orc/internal/config/config.go:388.2,388.12 1 1
github.com/randalmurphal/orc/internal/config/config.go:392.27,395.2 2 1
github.com/randalmurphal/orc/internal/config/config.go:398.26,399.22 1 1
github.com/randalmurphal/orc/internal/config/config.go:399.22,401.3 1 1
github.com/randalmurphal/orc/internal/config/config.go:402.2,402.12 1 1
github.com/randalmurphal/orc/internal/state/state.go:96.32,106.2 2 1
github.com/randalmurphal/orc/internal/state/state.go:109.42,112.16 3 1
github.com/randalmurphal/orc/internal/state/state.go:112.16,113.25 1 1
github.com/randalmurphal/orc/internal/state/state.go:113.25,115.27 1 1
github.com/randalmurphal/orc/internal/state/state.go:115.27,117.5 1 0
github.com/randalmurphal/orc/internal/state/state.go:118.4,118.55 1 1
github.com/randalmurphal/orc/internal/state/state.go:120.3,120.68 1 0
github.com/randalmurphal/orc/internal/state/state.go:123.2,124.49 2 1
github.com/randalmurphal/orc/internal/state/state.go:124.49,126.3 1 0
github.com/randalmurphal/orc/internal/state/state.go:129.2,129.21 1 1
github.com/randalmurphal/orc/internal/state/state.go:129.21,131.3 1 0
github.com/randalmurphal/orc/internal/state/state.go:133.2,133.16 1 1
github.com/randalmurphal/orc/internal/state/state.go:137.30,140.2 2 1
github.com/randalmurphal/orc/internal/state/state.go:143.42,144.47 1 1
github.com/randalmurphal/orc/internal/state/state.go:144.47,146.3 1 0
github.com/randalmurphal/orc/internal/state/state.go:148.2,151.16 3 1
github.com/randalmurphal/orc/internal/state/state.go:151.16,153.3 1 0
github.com/randalmurphal/orc/internal/state/state.go:155.2,156.55 2 1
github.com/randalmurphal/orc/internal/state/state.go:156.55,158.3 1 0
github.com/randalmurphal/orc/internal/state/state.go:160.2,160.12 1 1
github.com/randalmurphal/orc/internal/state/state.go:164.44,170.30 5 1
github.com/randalmurphal/orc/internal/state/state.go:170.30,172.3 1 1
github.com/randalmurphal/orc/internal/state/state.go:174.2,175.35 2 1
github.com/randalmurphal/orc/internal/state/state.go:179.65,183.30 3 1
github.com/randalmurphal/orc/internal/state/state.go:183.30,185.3 1 0
github.com/randalmurphal/orc/internal/state/state.go:187.2,189.41 3 1
github.com/randalmurphal/orc/internal/state/state.go:193.54,199.30 5 1
github.com/randalmurphal/orc/internal/state/state.go:199.30,201.3 1 0
github.com/randalmurphal/orc/internal/state/state.go:203.2,204.39 2 1
github.com/randalmurphal/orc/internal/state/state.go:208.48,213.30 4 1
github.com/randalmurphal/orc/internal/state/state.go:213.30,215.3 1 0
github.com/randalmurphal/orc/internal/state/state.go:217.2,218.40 2 1
github.com/randalmurphal/orc/internal/state/state.go:222.38,226.37 3 1
github.com/randalmurphal/orc/internal/state/state.go:226.37,228.3 1 1
github.com/randalmurphal/orc/internal/state/state.go:232.46,238.37 5 1
github.com/randalmurphal/orc/internal/state/state.go:238.37,242.3 3 1
github.com/randalmurphal/orc/internal/state/state.go:246.90,255.2 2 1
github.com/randalmurphal/orc/internal/state/state.go:258.28,263.2 4 1
github.com/randalmurphal/orc/internal/state/state.go:266.41,267.44 1 1
github.com/randalmurphal/orc/internal/state/state.go:267.44,268.83 1 1
github.com/randalmurphal/orc/internal/state/state.go:268.83,270.4 1 1
github.com/randalmurphal/orc/internal/state/state.go:272.2,272.11 1 1
github.com/randalmurphal/orc/internal/state/state.go:276.55,278.9 2 1
github.com/randalmurphal/orc/internal/state/state.go:278.9,280.3 1 1
github.com/randalmurphal/orc/internal/state/state.go:281.2,281.37 1 1
github.com/randalmurphal/orc/internal/state/state.go:285.44,286.30 1 1
github.com/randalmurphal/orc/internal/state/state.go:286.30,291.3 4 1
github.com/randalmurphal/orc/internal/state/state.go:292.2,292.26 1 1
github.com/randalmurphal/orc/internal/state/state.go:296.96,306.2 2 1
github.com/randalmurphal/orc/internal/state/state.go:309.57,310.27 1 1
github.com/randalmurphal/orc/internal/state/state.go:310.27,313.3 2 1
github.com/randalmurphal/orc/internal/state/state.go:317.37,320.2 2 1
github.com/randalmurphal/orc/internal/state/state.go:323.49,325.2 1 1
github.com/randalmurphal/orc/internal/state/state.go:328.40,330.2 1 1
github.com/randalmurphal/orc/internal/state/state.go:333.58,337.30 3 1
github.com/randalmurphal/orc/internal/state/state.go:337.30,339.3 1 0
github.com/randalmurphal/orc/internal/state/state.go:341.2,343.18 3 1
github.com/randalmurphal/orc/internal/state/state.go:343.18,345.3 1 1
github.com/randalmurphal/orc/internal/state/state.go:348.2,348.53 1 1
github.com/randalmurphal/orc/internal/prompt/service.go:46.41,48.2 1 1
github.com/randalmurphal/orc/internal/prompt/service.go:51.32,53.2 1 1
github.com/randalmurphal/orc/internal/prompt/service.go:56.46,58.2 1 1
github.com/randalmurphal/orc/internal/prompt/service.go:61.58,63.2 1 1
github.com/randalmurphal/orc/internal/prompt/service.go:68.65,71.58 2 1
github.com/randalmurphal/orc/internal/prompt/service.go:71.58,73.3 1 1
github.com/randalmurphal/orc/internal/prompt/service.go:76.2,78.16 3 1
github.com/randalmurphal/orc/internal/prompt/service.go:78.16,80.3 1 1
github.com/randalmurphal/orc/internal/prompt/service.go:82.2,82.45 1 1
github.com/randalmurphal/orc/internal/prompt/service.go:86.48,89.16 2 1
github.com/randalmurphal/orc/internal/prompt/service.go:89.16,91.3 1 0
github.com/randalmurphal/orc/internal/prompt/service.go:94.2,95.32 2 1
github.com/randalmurphal/orc/internal/prompt/service.go:95.32,96.63 1 1
github.com/randalmurphal/orc/internal/prompt/service.go:96.63,97.12 1 0
github.com/randalmurphal/orc/internal/prompt/service.go:99.3,110.4 4 1
github.com/randalmurphal/orc/internal/prompt/service.go:114.2,115.56 2 1
github.com/randalmurphal/orc/internal/prompt/service.go:115.56,116.33 1 1
github.com/randalmurphal/orc/internal/prompt/service.go:116.33,117.64 1 1
github.com/randalmurphal/orc/internal/prompt/service.go:117.64,118.13 1 0
github.com/randalmurphal/orc/internal/prompt/service.go:120.4,125.18 4 1
github.com/randalmurphal/orc/internal/prompt/service.go:125.18,127.5 1 1
github.com/randalmurphal/orc/internal/prompt/service.go:129.4,129.46 1 1
github.com/randalmurphal/orc/internal/prompt/service.go:129.46,133.5 3 1
github.com/randalmurphal/orc/internal/prompt/service.go:133.10,140.5 1 0
github.com/randalmurphal/orc/internal/prompt/service.go:145.2,146.31 2 1
github.com/randalmurphal/orc/internal/prompt/service.go:146.31,148.3 1 1
github.com/randalmurphal/orc/internal/prompt/service.go:149.2,149.41 1 1
github.com/randalmurphal/orc/internal/prompt/service.go:149.41,151.3 1 1
github.com/randalmurphal/orc/internal/prompt/service.go:153.2,153.20 1 1
github.com/randalmurphal/orc/internal/prompt/service.go:157.54,159.16 2 1
github.com/randalmurphal/orc/internal/prompt/service.go:159.16,161.3 1 1
github.com/randalmurphal/orc/internal/prompt/service.go:163.2,168.8 1 1
github.com/randalmurphal/orc/internal/prompt/service.go:172.61,175.16 3 1
github.com/randalmurphal/orc/internal/prompt/service.go:175.16,177.3 1 1
github.com/randalmurphal/orc/internal/prompt/service.go:179.2,184.8 1 1
github.com/randalmurphal/orc/internal/prompt/service.go:188.53,190.54 2 1
github.com/randalmurphal/orc/internal/prompt/service.go:190.54,192.3 1 0
github.com/randalmurphal/orc/internal/prompt/service.go:194.2,195.66 2 1
github.com/randalmurphal/orc/internal/prompt/service.go:195.66,197.3 1 0
github.com/randalmurphal/orc/internal/prompt/service.go:199.2,199.12 1 1
github.com/randalmurphal/orc/internal/prompt/service.go:203.46,205.63 2 1
github.com/randalmurphal/orc/internal/prompt/service.go:205.63,207.3 1 0
github.com/randalmurphal/orc/internal/prompt/service.go:208.2,208.12 1 1
github.com/randalmurphal/orc/internal/prompt/service.go:212.50,216.2 3 1
github.com/randalmurphal/orc/internal/prompt/service.go:219.47,232.2 1 1
github.com/randalmurphal/orc/internal/prompt/service.go:237.48,243.28 4 1
github.com/randalmurphal/orc/internal/prompt/service.go:243.28,244.15 1 1
github.com/randalmurphal/orc/internal/prompt/service.go:244.15,247.4 2 1
github.com/randalmurphal/orc/internal/prompt/service.go:250.2,251.15 2 1
github.com/randalmurphal/orc/internal/task/task.go:88.34,99.2 2 1
github.com/randalmurphal/orc/internal/task/task.go:102.34,104.2 1 1
github.com/randalmurphal/orc/internal/task/task.go:107.30,112.2 1 1
github.com/randalmurphal/orc/internal/task/task.go:115.37,118.16 3 1
github.com/randalmurphal/orc/internal/task/task.go:118.16,119.25 1 1
github.com/randalmurphal/orc/internal/task/task.go:119.25,121.4 1 1
github.com/randalmurphal/orc/internal/task/task.go:122.3,122.54 1 0
github.com/randalmurphal/orc/internal/task/task.go:125.2,126.49 2 1
github.com/randalmurphal/orc/internal/task/task.go:126.49,128.3 1 0
github.com/randalmurphal/orc/internal/task/task.go:130.2,130.16 1 1
github.com/randalmurphal/orc/internal/task/task.go:134.29,136.47 2 1
github.com/randalmurphal/orc/internal/task/task.go:136.47,138.3 1 0
github.com/randalmurphal/orc/internal/task/task.go:140.2,143.16 3 1
github.com/randalmurphal/orc/internal/task/task.go:143.16,145.3 1 0
github.com/randalmurphal/orc/internal/task/task.go:147.2,148.55 2 1
github.com/randalmurphal/orc/internal/task/task.go:148.55,150.3 1 0
github.com/randalmurphal/orc/internal/task/task.go:152.2,152.12 1 1
github.com/randalmurphal/orc/internal/task/task.go:156.33,160.16 3 1
github.com/randalmurphal/orc/internal/task/task.go:160.16,161.25 1 1
github.com/randalmurphal/orc/internal/task/task.go:161.25,163.4 1 1
github.com/randalmurphal/orc/internal/task/task.go:164.3,164.58 1 0
github.com/randalmurphal/orc/internal/task/task.go:167.2,168.32 2 1
github.com/randalmurphal/orc/internal/task/task.go:168.32,169.21 1 1
github.com/randalmurphal/orc/internal/task/task.go:169.21,170.12 1 1
github.com/randalmurphal/orc/internal/task/task.go:173.3,174.17 2 1
github.com/randalmurphal/orc/internal/task/task.go:174.17,175.12 1 0
github.com/randalmurphal/orc/internal/task/task.go:177.3,177.27 1 1
github.com/randalmurphal/orc/internal/task/task.go:181.2,181.40 1 1
github.com/randalmurphal/orc/internal/task/task.go:181.40,183.3 1 1
github.com/randalmurphal/orc/internal/task/task.go:185.2,185.19 1 1
github.com/randalmurphal/orc/internal/task/task.go:189.31,193.16 3 1
github.com/randalmurphal/orc/internal/task/task.go:193.16,194.25 1 0
github.com/randalmurphal/orc/internal/task/task.go:194.25,196.4 1 0
github.com/randalmurphal/orc/internal/task/task.go:197.3,197.57 1 0
github.com/randalmurphal/orc/internal/task/task.go:201.2,204.32 3 1
github.com/randalmurphal/orc/internal/task/task.go:204.32,205.21 1 1
github.com/randalmurphal/orc/internal/task/task.go:205.21,206.12 1 0
github.com/randalmurphal/orc/internal/task/task.go:209.3,210.24 2 1
github.com/randalmurphal/orc/internal/task/task.go:210.24,212.20 2 1
github.com/randalmurphal/orc/internal/task/task.go:212.20,214.5 1 1
github.com/randalmurphal/orc/internal/task/task.go:218.2,218.48 1 1
github.com/randalmurphal/orc/internal/task/task.go:222.32,224.2 1 1
github.com/randalmurphal/orc/internal/task/task.go:227.29,231.2 3 1
github.com/randalmurphal/orc/internal/task/task.go:235.30,237.16 2 0
github.com/randalmurphal/orc/internal/task/task.go:237.16,239.3 1 0
github.com/randalmurphal/orc/internal/task/task.go:241.2,241.31 1 0
github.com/randalmurphal/orc/internal/task/task.go:241.31,243.3 1 0
github.com/randalmurphal/orc/internal/task/task.go:245.2,246.30 2 0
github.com/randalmurphal/orc/internal/task/task.go:250.41,251.47 1 0
github.com/randalmurphal/orc/internal/task/task.go:251.47,253.3 1 0
github.com/randalmurphal/orc/internal/task/task.go:255.2,258.16 3 0
github.com/randalmurphal/orc/internal/task/task.go:258.16,260.3 1 0
github.com/randalmurphal/orc/internal/task/task.go:262.2,263.55 2 0
github.com/randalmurphal/orc/internal/task/task.go:263.55,265.3 1 0
github.com/randalmurphal/orc/internal/task/task.go:267.2,267.12 1 0
github.com/randalmurphal/orc/internal/task/task.go:271.52,273.16 2 0
github.com/randalmurphal/orc/internal/task/task.go:273.16,274.25 1 0
github.com/randalmurphal/orc/internal/task/task.go:274.25,276.4 1 0
github.com/randalmurphal/orc/internal/task/task.go:277.3,277.58 1 0
github.com/randalmurphal/orc/internal/task/task.go:280.2,281.32 2 0
github.com/randalmurphal/orc/internal/task/task.go:281.32,282.21 1 0
github.com/randalmurphal/orc/internal/task/task.go:282.21,283.12 1 0
github.com/randalmurphal/orc/internal/task/task.go:286.3,288.17 3 0
github.com/randalmurphal/orc/internal/task/task.go:288.17,289.12 1 0
github.com/randalmurphal/orc/internal/task/task.go:292.3,293.50 2 0
github.com/randalmurphal/orc/internal/task/task.go:293.50,294.12 1 0
github.com/randalmurphal/orc/internal/task/task.go:296.3,296.28 1 0
github.com/randalmurphal/orc/internal/task/task.go:299.2,299.40 1 0
github.com/randalmurphal/orc/internal/task/task.go:299.40,301.3 1 0
github.com/randalmurphal/orc/internal/task/task.go:303.2,303.19 1 0
github.com/randalmurphal/orc/internal/task/task.go:307.48,309.16 2 0
github.com/randalmurphal/orc/internal/task/task.go:309.16,310.25 1 0
github.com/randalmurphal/orc/internal/task/task.go:310.25,312.4 1 0
github.com/randalmurphal/orc/internal/task/task.go:313.3,313.57 1 0
github.com/randalmurphal/orc/internal/task/task.go:316.2,319.32 3 0
github.com/randalmurphal/orc/internal/task/task.go:319.32,320.21 1 0
github.com/randalmurphal/orc/internal/task/task.go:320.21,321.12 1 0
github.com/randalmurphal/orc/internal/task/task.go:324.3,325.24 2 0
github.com/randalmurphal/orc/internal/task/task.go:325.24,327.20 2 0
github.com/randalmurphal/orc/internal/task/task.go:327.20,329.5 1 0
github.com/randalmurphal/orc/internal/task/task.go:333.2,333.48 1 0
github.com/randalmurphal/orc/internal/skills/service.go:33.44,35.2 1 1
github.com/randalmurphal/orc/internal/skills/service.go:38.32,40.2 1 1
github.com/randalmurphal/orc/internal/skills/service.go:43.38,45.2 1 1
github.com/randalmurphal/orc/internal/skills/service.go:48.49,50.2 1 1
github.com/randalmurphal/orc/internal/skills/service.go:53.47,56.16 3 1
github.com/randalmurphal/orc/internal/skills/service.go:56.16,57.25 1 1
github.com/randalmurphal/orc/internal/skills/service.go:57.25,59.4 1 1
github.com/randalmurphal/orc/internal/skills/service.go:60.3,60.59 1 0
github.com/randalmurphal/orc/internal/skills/service.go:63.2,64.32 2 1
github.com/randalmurphal/orc/internal/skills/service.go:64.32,65.20 1 1
github.com/randalmurphal/orc/internal/skills/service.go:65.20,66.12 1 0
github.com/randalmurphal/orc/internal/skills/service.go:70.3,72.39 3 1
github.com/randalmurphal/orc/internal/skills/service.go:72.39,74.4 1 1
github.com/randalmurphal/orc/internal/skills/service.go:74.9,74.45 1 1
github.com/randalmurphal/orc/internal/skills/service.go:74.45,76.4 1 1
github.com/randalmurphal/orc/internal/skills/service.go:76.9,77.12 1 0
github.com/randalmurphal/orc/internal/skills/service.go:79.3,80.17 2 1
github.com/randalmurphal/orc/internal/skills/service.go:80.17,81.12 1 0
github.com/randalmurphal/orc/internal/skills/service.go:84.3,87.5 1 1
github.com/randalmurphal/orc/internal/skills/service.go:91.2,91.41 1 1
github.com/randalmurphal/orc/internal/skills/service.go:91.41,93.3 1 0
github.com/randalmurphal/orc/internal/skills/service.go:96.2,96.19 1 1
github.com/randalmurphal/orc/internal/skills/service.go:96.19,98.3 1 0
github.com/randalmurphal/orc/internal/skills/service.go:100.2,100.20 1 1
github.com/randalmurphal/orc/internal/skills/service.go:104.52,108.16 3 1
github.com/randalmurphal/orc/internal/skills/service.go:108.16,109.25 1 1
github.com/randalmurphal/orc/internal/skills/service.go:109.25,113.18 3 1
github.com/randalmurphal/orc/internal/skills/service.go:113.18,114.27 1 1
github.com/randalmurphal/orc/internal/skills/service.go:114.27,116.6 1 1
github.com/randalmurphal/orc/internal/skills/service.go:117.5,117.50 1 0
github.com/randalmurphal/orc/internal/skills/service.go:119.9,121.4 1 0
github.com/randalmurphal/orc/internal/skills/service.go:124.2,125.53 2 1
github.com/randalmurphal/orc/internal/skills/service.go:125.53,127.3 1 0
github.com/randalmurphal/orc/internal/skills/service.go:130.2,130.22 1 1
github.com/randalmurphal/orc/internal/skills/service.go:130.22,132.3 1 1
github.com/randalmurphal/orc/internal/skills/service.go:134.2,134.20 1 1
github.com/randalmurphal/orc/internal/skills/service.go:138.45,139.22 1 1
github.com/randalmurphal/orc/internal/skills/service.go:139.22,141.3 1 1
github.com/randalmurphal/orc/internal/skills/service.go:143.2,143.24 1 1
github.com/randalmurphal/orc/internal/skills/service.go:143.24,145.3 1 1
github.com/randalmurphal/orc/internal/skills/service.go:148.2,148.26 1 1
github.com/randalmurphal/orc/internal/skills/service.go:148.26,150.3 1 1
github.com/randalmurphal/orc/internal/skills/service.go:152.2,152.22 1 1
github.com/randalmurphal/orc/internal/skills/service.go:156.58,158.21 1 1
github.com/randalmurphal/orc/internal/skills/service.go:158.21,160.3 1 1
github.com/randalmurphal/orc/internal/skills/service.go:163.2,163.44 1 1
github.com/randalmurphal/orc/internal/skills/service.go:163.44,164.40 1 0
github.com/randalmurphal/orc/internal/skills/service.go:164.40,166.4 1 0
github.com/randalmurphal/orc/internal/skills/service.go:167.8,169.3 1 1
github.com/randalmurphal/orc/internal/skills/service.go:171.2,171.22 1 1
github.com/randalmurphal/orc/internal/skills/service.go:175.45,179.16 3 1
github.com/randalmurphal/orc/internal/skills/service.go:179.16,180.25 1 1
github.com/randalmurphal/orc/internal/skills/service.go:180.25,184.18 3 1
github.com/randalmurphal/orc/internal/skills/service.go:184.18,185.27 1 1
github.com/randalmurphal/orc/internal/skills/service.go:185.27,187.6 1 1
github.com/randalmurphal/orc/internal/skills/service.go:188.5,188.47 1 0
github.com/randalmurphal/orc/internal/skills/service.go:190.4,190.14 1 1
github.com/randalmurphal/orc/internal/skills/service.go:192.3,192.45 1 0
github.com/randalmurphal/orc/internal/skills/service.go:194.2,194.12 1 1
github.com/randalmurphal/orc/internal/skills/service.go:198.44,201.41 2 1
github.com/randalmurphal/orc/internal/skills/service.go:201.41,203.3 1 1
github.com/randalmurphal/orc/internal/skills/service.go:204.2,206.19 3 1
github.com/randalmurphal/orc/internal/skills/service.go:210.43,212.57 1 1
github.com/randalmurphal/orc/internal/skills/service.go:212.57,214.3 1 0
github.com/randalmurphal/orc/internal/skills/service.go:216.2,217.16 2 1
github.com/randalmurphal/orc/internal/skills/service.go:217.16,219.3 1 0
github.com/randalmurphal/orc/internal/skills/service.go:221.2,222.55 2 1
github.com/randalmurphal/orc/internal/skills/service.go:222.55,224.3 1 0
github.com/randalmurphal/orc/internal/skills/service.go:226.2,226.12 1 1
github.com/randalmurphal/orc/internal/cli/commands.go:25.34,40.55 1 1
github.com/randalmurphal/orc/internal/cli/commands.go:40.55,43.45 2 0
github.com/randalmurphal/orc/internal/cli/commands.go:43.45,45.5 1 0
github.com/randalmurphal/orc/internal/cli/commands.go:48.4,49.18 2 0
github.com/randalmurphal/orc/internal/cli/commands.go:49.18,51.5 1 0
github.com/randalmurphal/orc/internal/cli/commands.go:53.4,54.18 2 0
github.com/randalmurphal/orc/internal/cli/commands.go:54.18,57.5 1 0
github.com/randalmurphal/orc/internal/cli/commands.go:57.10,59.5 1 0
github.com/randalmurphal/orc/internal/cli/commands.go:61.4,67.14 6 0
github.com/randalmurphal/orc/internal/cli/commands.go:70.2,71.12 2 1
github.com/randalmurphal/orc/internal/cli/commands.go:75.33,89.55 1 1
github.com/randalmurphal/orc/internal/cli/commands.go:89.55,90.47 1 0
github.com/randalmurphal/orc/internal/cli/commands.go:90.47,92.5 1 0
github.com/randalmurphal/orc/internal/cli/commands.go:94.4,100.18 5 0
github.com/randalmurphal/orc/internal/cli/commands.go:100.18,102.5 1 0
github.com/randalmurphal/orc/internal/cli/commands.go:105.4,106.25 2 0
github.com/randalmurphal/orc/internal/cli/commands.go:106.25,108.5 1 0
github.com/randalmurphal/orc/internal/cli/commands.go:111.4,111.20 1 0
github.com/randalmurphal/orc/internal/cli/commands.go:111.20,113.5 1 0
github.com/randalmurphal/orc/internal/cli/commands.go:113.10,117.5 1 0
github.com/randalmurphal/orc/internal/cli/commands.go:120.4,120.35 1 0
github.com/randalmurphal/orc/internal/cli/commands.go:120.35,122.5 1 0
github.com/randalmurphal/orc/internal/cli/commands.go:125.4,126.18 2 0
github.com/randalmurphal/orc/internal/cli/commands.go:126.18,138.5 2 0
github.com/randalmurphal/orc/internal/cli/commands.go:141.4,141.37 1 0
github.com/randalmurphal/orc/internal/cli/commands.go:141.37,143.5 1 0
github.com/randalmurphal/orc/internal/cli/commands.go:146.4,147.35 2 0
github.com/randalmurphal/orc/internal/cli/commands.go:147.35,149.5 1 0
github.com/randalmurphal/orc/internal/cli/commands.go:151.4,159.14 8 0
github.com/randalmurphal/orc/internal/cli/commands.go:162.2,164.12 3 1
github.com/randalmurphal/orc/internal/cli/commands.go:168.34,179.55 1 1
github.com/randalmurphal/orc/internal/cli/commands.go:179.55,180.47 1 0
github.com/randalmurphal/orc/internal/cli/commands.go:180.47,182.5 1 0
github.com/randalmurphal/orc/internal/cli/commands.go:184.4,185.18 2 0
github.com/randalmurphal/orc/internal/cli/commands.go:185.18,187.5 1 0
github.com/randalmurphal/orc/internal/cli/commands.go:189.4,189.23 1 0
github.com/randalmurphal/orc/internal/cli/commands.go:189.23,192.5 2 0
github.com/randalmurphal/orc/internal/cli/commands.go:195.4,199.28 4 0
github.com/randalmurphal/orc/internal/cli/commands.go:199.28,202.20 3 0
github.com/randalmurphal/orc/internal/cli/commands.go:202.20,204.6 1 0
github.com/randalmurphal/orc/internal/cli/commands.go:205.5,206.81 2 0
github.com/randalmurphal/orc/internal/cli/commands.go:209.4,210.14 2 0
github.com/randalmurphal/orc/internal/cli/commands.go:216.34,221.55 1 1
github.com/randalmurphal/orc/internal/cli/commands.go:221.55,222.47 1 0
github.com/randalmurphal/orc/internal/cli/commands.go:222.47,224.5 1 0
github.com/randalmurphal/orc/internal/cli/commands.go:226.4,229.18 3 0
github.com/randalmurphal/orc/internal/cli/commands.go:229.18,231.5 1 0
github.com/randalmurphal/orc/internal/cli/commands.go:233.4,244.26 9 0
github.com/randalmurphal/orc/internal/cli/commands.go:244.26,246.5 1 0
github.com/randalmurphal/orc/internal/cli/commands.go:247.4,247.28 1 0
github.com/randalmurphal/orc/internal/cli/commands.go:247.28,249.5 1 0
github.com/randalmurphal/orc/internal/cli/commands.go:251.4,251.27 1 0
github.com/randalmurphal/orc/internal/cli/commands.go:251.27,253.5 1 0
github.com/randalmurphal/orc/internal/cli/commands.go:256.4,256.37 1 0
github.com/randalmurphal/orc/internal/cli/commands.go:256.37,258.36 2 0
github.com/randalmurphal/orc/internal/cli/commands.go:258.36,261.31 3 0
github.com/randalmurphal/orc/internal/cli/commands.go:261.31,263.7 1 0
github.com/randalmurphal/orc/internal/cli/commands.go:264.6,264.19 1 0
github.com/randalmurphal/orc/internal/cli/commands.go:269.4,269.44 1 0
github.com/randalmurphal/orc/internal/cli/commands.go:269.44,271.5 1 0
github.com/randalmurphal/orc/internal/cli/commands.go:273.4,273.14 1 0
github.com/randalmurphal/orc/internal/cli/commands.go:279.33,299.55 1 1
github.com/randalmurphal/orc/internal/cli/commands.go:299.55,300.47 1 0
github.com/randalmurphal/orc/internal/cli/commands.go:300.47,302.5 1 0
github.com/randalmurphal/orc/internal/cli/commands.go:304.4,309.18 4 0
github.com/randalmurphal/orc/internal/cli/commands.go:309.18,311.5 1 0
github.com/randalmurphal/orc/internal/cli/commands.go:314.4,314.53 1 0
github.com/randalmurphal/orc/internal/cli/commands.go:314.53,316.5 1 0
github.com/randalmurphal/orc/internal/cli/commands.go:319.4,320.18 2 0
github.com/randalmurphal/orc/internal/cli/commands.go:320.18,322.5 1 0
github.com/randalmurphal/orc/internal/cli/commands.go:325.4,326.18 2 0
github.com/randalmurphal/orc/internal/cli/commands.go:326.18,328.5 1 0
github.com/randalmurphal/orc/internal/cli/commands.go:331.4,332.18 2 0
github.com/randalmurphal/orc/internal/cli/commands.go:332.18,334.5 1 0
github.com/randalmurphal/orc/internal/cli/commands.go:337.4,337.21 1 0
github.com/randalmurphal/orc/internal/cli/commands.go:337.21,339.5 1 0
github.com/randalmurphal/orc/internal/cli/commands.go:342.4,347.14 5 0
github.com/randalmurphal/orc/internal/cli/commands.go:347.14,351.5 3 0
github.com/randalmurphal/orc/internal/cli/commands.go:354.4,362.18 5 0
github.com/randalmurphal/orc/internal/cli/commands.go:362.18,363.25 1 0
github.com/randalmurphal/orc/internal/cli/commands.go:363.25,371.6 6 0
github.com/randalmurphal/orc/internal/cli/commands.go:372.5,373.15 2 0
github.com/randalmurphal/orc/internal/cli/commands.go:376.4,377.14 2 0
github.com/randalmurphal/orc/internal/cli/commands.go:380.2,383.12 4 1
github.com/randalmurphal/orc/internal/cli/commands.go:387.35,392.55 1 1
github.com/randalmurphal/orc/internal/cli/commands.go:392.55,393.47 1 0
github.com/randalmurphal/orc/internal/cli/commands.go:393.47,395.5 1 0
github.com/randalmurphal/orc/internal/cli/commands.go:397.4,400.18 3 0
github.com/randalmurphal/orc/internal/cli/commands.go:400.18,402.5 1 0
github.com/randalmurphal/orc/internal/cli/commands.go:404.4,404.38 1 0
github.com/randalmurphal/orc/internal/cli/commands.go:404.38,406.5 1 0
github.com/randalmurphal/orc/internal/cli/commands.go:408.4,409.35 2 0
github.com/randalmurphal/orc/internal/cli/commands.go:409.35,411.5 1 0
github.com/randalmurphal/orc/internal/cli/commands.go:413.4,415.14 3 0
github.com/randalmurphal/orc/internal/cli/commands.go:421.34,426.55 1 1
github.com/randalmurphal/orc/internal/cli/commands.go:426.55,427.47 1 0
github.com/randalmurphal/orc/internal/cli/commands.go:427.47,429.5 1 0
github.com/randalmurphal/orc/internal/cli/commands.go:431.4,434.18 3 0
github.com/randalmurphal/orc/internal/cli/commands.go:434.18,436.5 1 0
github.com/randalmurphal/orc/internal/cli/commands.go:438.4,438.40 1 0
github.com/randalmurphal/orc/internal/cli/commands.go:438.40,440.5 1 0
github.com/randalmurphal/orc/internal/cli/commands.go:442.4,443.35 2 0
github.com/randalmurphal/orc/internal/cli/commands.go:443.35,445.5 1 0
github.com/randalmurphal/orc/internal/cli/commands.go:447.4,448.14 2 0
github.com/randalmurphal/orc/internal/cli/commands.go:454.36,459.55 1 1
github.com/randalmurphal/orc/internal/cli/commands.go:459.55,460.47 1 0
github.com/randalmurphal/orc/internal/cli/commands.go:460.47,462.5 1 0
github.com/randalmurphal/orc/internal/cli/commands.go:464.4,467.18 3 0
github.com/randalmurphal/orc/internal/cli/commands.go:467.18,469.5 1 0
github.com/randalmurphal/orc/internal/cli/commands.go:471.4,471.71 1 0
github.com/randalmurphal/orc/internal/cli/commands.go:471.71,473.5 1 0
github.com/randalmurphal/orc/internal/cli/commands.go:475.4,476.18 2 0
github.com/randalmurphal/orc/internal/cli/commands.go:476.18,478.5 1 0
github.com/randalmurphal/orc/internal/cli/commands.go:480.4,481.18 2 0
github.com/randalmurphal/orc/internal/cli/commands.go:481.18,483.5 1 0
github.com/randalmurphal/orc/internal/cli/commands.go:485.4,486.18 2 0
github.com/randalmurphal/orc/internal/cli/commands.go:486.18,488.5 1 0
github.com/randalmurphal/orc/internal/cli/commands.go:491.4,496.14 5 0
github.com/randalmurphal/orc/internal/cli/commands.go:496.14,500.5 3 0
github.com/randalmurphal/orc/internal/cli/commands.go:502.4,509.25 5 0
github.com/randalmurphal/orc/internal/cli/commands.go:509.25,511.5 1 0
github.com/randalmurphal/orc/internal/cli/commands.go:512.4,512.25 1 0
github.com/randalmurphal/orc/internal/cli/commands.go:512.25,514.5 1 0
github.com/randalmurphal/orc/internal/cli/commands.go:516.4,517.18 2 0
github.com/randalmurphal/orc/internal/cli/commands.go:517.18,518.25 1 0
github.com/randalmurphal/orc/internal/cli/commands.go:518.25,521.6 2 0
github.com/randalmurphal/orc/internal/cli/commands.go:522.5,523.15 2 0
github.com/randalmurphal/orc/internal/cli/commands.go:526.4,527.14 2 0
github.com/randalmurphal/orc/internal/cli/commands.go:533.36,546.55 1 1
github.com/randalmurphal/orc/internal/cli/commands.go:546.55,547.47 1 0
github.com/randalmurphal/orc/internal/cli/commands.go:547.47,549.5 1 0
github.com/randalmurphal/orc/internal/cli/commands.go:551.4,554.21 3 0
github.com/randalmurphal/orc/internal/cli/commands.go:554.21,556.5 1 0
github.com/randalmurphal/orc/internal/cli/commands.go:559.4,560.18 2 0
github.com/randalmurphal/orc/internal/cli/commands.go:560.18,562.5 1 0
github.com/randalmurphal/orc/internal/cli/commands.go:564.4,565.20 2 0
github.com/randalmurphal/orc/internal/cli/commands.go:565.20,567.5 1 0
github.com/randalmurphal/orc/internal/cli/commands.go:569.4,569.29 1 0
github.com/randalmurphal/orc/internal/cli/commands.go:569.29,571.5 1 0
github.com/randalmurphal/orc/internal/cli/commands.go:573.4,579.36 6 0
github.com/randalmurphal/orc/internal/cli/commands.go:579.36,582.5 2 0
github.com/randalmurphal/orc/internal/cli/commands.go:585.4,586.18 2 0
github.com/randalmurphal/orc/internal/cli/commands.go:586.18,588.5 1 0
github.com/randalmurphal/orc/internal/cli/commands.go:591.4,592.28 2 0
github.com/randalmurphal/orc/internal/cli/commands.go:592.28,593.34 1 0
github.com/randalmurphal/orc/internal/cli/commands.go:593.34,597.14 4 0
github.com/randalmurphal/orc/internal/cli/commands.go:599.5,599.20 1 0
github.com/randalmurphal/orc/internal/cli/commands.go:599.20,602.41 3 0
github.com/randalmurphal/orc/internal/cli/commands.go:602.41,604.7 1 0
github.com/randalmurphal/orc/internal/cli/commands.go:609.4,609.37 1 0
github.com/randalmurphal/orc/internal/cli/commands.go:609.37,611.5 1 0
github.com/randalmurphal/orc/internal/cli/commands.go:612.4,612.35 1 0
github.com/randalmurphal/orc/internal/cli/commands.go:612.35,614.5 1 0
github.com/randalmurphal/orc/internal/cli/commands.go:616.4,618.14 3 0
github.com/randalmurphal/orc/internal/cli/commands.go:621.2,623.12 3 1
github.com/randalmurphal/orc/internal/cli/commands.go:627.36,635.55 1 1
github.com/randalmurphal/orc/internal/cli/commands.go:635.55,636.47 1 0
github.com/randalmurphal/orc/internal/cli/commands.go:636.47,638.5 1 0
github.com/randalmurphal/orc/internal/cli/commands.go:640.4,641.18 2 0
github.com/randalmurphal/orc/internal/cli/commands.go:641.18,643.5 1 0
github.com/randalmurphal/orc/internal/cli/commands.go:646.4,647.28 2 0
github.com/randalmurphal/orc/internal/cli/commands.go:647.28,648.21 1 0
github.com/randalmurphal/orc/internal/cli/commands.go:649.29,650.15 1 0
github.com/randalmurphal/orc/internal/cli/commands.go:651.28,652.14 1 0
github.com/randalmurphal/orc/internal/cli/commands.go:653.29,654.15 1 0
github.com/randalmurphal/orc/internal/cli/commands.go:655.31,656.17 1 0
github.com/randalmurphal/orc/internal/cli/commands.go:660.4,669.34 8 0
github.com/randalmurphal/orc/internal/cli/commands.go:669.34,671.29 2 0
github.com/randalmurphal/orc/internal/cli/commands.go:671.29,672.74 1 0
github.com/randalmurphal/orc/internal/cli/commands.go:672.74,674.7 1 0
github.com/randalmurphal/orc/internal/cli/commands.go:678.4,678.14 1 0
github.com/randalmurphal/orc/internal/cli/commands.go:684.33,689.55 1 1
github.com/randalmurphal/orc/internal/cli/commands.go:689.55,690.47 1 0
github.com/randalmurphal/orc/internal/cli/commands.go:690.47,692.5 1 0
github.com/randalmurphal/orc/internal/cli/commands.go:694.4,698.18 4 0
github.com/randalmurphal/orc/internal/cli/commands.go:698.18,699.27 1 0
github.com/randalmurphal/orc/internal/cli/commands.go:699.27,702.6 2 0
github.com/randalmurphal/orc/internal/cli/commands.go:703.5,703.51 1 0
github.com/randalmurphal/orc/internal/cli/commands.go:706.4,706.25 1 0
github.com/randalmurphal/orc/internal/cli/commands.go:706.25,709.5 2 0
github.com/randalmurphal/orc/internal/cli/commands.go:711.4,712.34 2 0
github.com/randalmurphal/orc/internal/cli/commands.go:712.34,714.5 1 0
github.com/randalmurphal/orc/internal/cli/commands.go:716.4,716.14 1 0
github.com/randalmurphal/orc/internal/cli/commands.go:722.34,727.55 1 1
github.com/randalmurphal/orc/internal/cli/commands.go:727.55,731.4 2 0
github.com/randalmurphal/orc/internal/cli/commands.go:736.37,741.55 1 1
github.com/randalmurphal/orc/internal/cli/commands.go:741.55,742.47 1 0
github.com/randalmurphal/orc/internal/cli/commands.go:742.47,744.5 1 0
github.com/randalmurphal/orc/internal/cli/commands.go:746.4,749.18 3 0
github.com/randalmurphal/orc/internal/cli/commands.go:749.18,751.5 1 0
github.com/randalmurphal/orc/internal/cli/commands.go:753.4,753.38 1 0
github.com/randalmurphal/orc/internal/cli/commands.go:753.38,755.5 1 0
github.com/randalmurphal/orc/internal/cli/commands.go:757.4,758.35 2 0
github.com/randalmurphal/orc/internal/cli/commands.go:758.35,760.5 1 0
github.com/randalmurphal/orc/internal/cli/commands.go:762.4,764.14 3 0
github.com/randalmurphal/orc/internal/cli/commands.go:770.36,775.55 1 1
github.com/randalmurphal/orc/internal/cli/commands.go:775.55,776.47 1 0
github.com/randalmurphal/orc/internal/cli/commands.go:776.47,778.5 1 0
github.com/randalmurphal/orc/internal/cli/commands.go:780.4,784.18 4 0
github.com/randalmurphal/orc/internal/cli/commands.go:784.18,786.5 1 0
github.com/randalmurphal/orc/internal/cli/commands.go:788.4,789.18 2 0
github.com/randalmurphal/orc/internal/cli/commands.go:789.18,791.5 1 0
github.com/randalmurphal/orc/internal/cli/commands.go:793.4,793.20 1 0
github.com/randalmurphal/orc/internal/cli/commands.go:793.20,795.5 1 0
github.com/randalmurphal/orc/internal/cli/commands.go:797.4,798.35 2 0
github.com/randalmurphal/orc/internal/cli/commands.go:798.35,800.5 1 0
github.com/randalmurphal/orc/internal/cli/commands.go:802.4,803.35 2 0
github.com/randalmurphal/orc/internal/cli/commands.go:803.35,805.5 1 0
github.com/randalmurphal/orc/internal/cli/commands.go:807.4,808.14 2 0
github.com/randalmurphal/orc/internal/cli/commands.go:811.2,812.12 2 1
github.com/randalmurphal/orc/internal/cli/commands.go:816.36,821.55 1 1
github.com/randalmurphal/orc/internal/cli/commands.go:821.55,825.4 2 0
github.com/randalmurphal/orc/internal/cli/commands.go:830.36,835.55 1 1
github.com/randalmurphal/orc/internal/cli/commands.go:835.55,839.4 2 0
github.com/randalmurphal/orc/internal/cli/commands.go:844.36,860.55 1 1
github.com/randalmurphal/orc/internal/cli/commands.go:860.55,861.47 1 0
github.com/randalmurphal/orc/internal/cli/commands.go:861.47,863.5 1 0
github.com/randalmurphal/orc/internal/cli/commands.go:865.4,866.18 2 0
github.com/randalmurphal/orc/internal/cli/commands.go:866.18,868.5 1 0
github.com/randalmurphal/orc/internal/cli/commands.go:870.4,870.22 1 0
github.com/randalmurphal/orc/internal/cli/commands.go:870.22,889.5 17 0
github.com/randalmurphal/orc/internal/cli/commands.go:892.4,892.22 1 0
github.com/randalmurphal/orc/internal/cli/commands.go:892.22,894.16 2 0
github.com/randalmurphal/orc/internal/cli/commands.go:895.20,897.39 2 0
github.com/randalmurphal/orc/internal/cli/commands.go:897.39,899.7 1 0
github.com/randalmurphal/orc/internal/cli/commands.go:900.6,900.47 1 0
github.com/randalmurphal/orc/internal/cli/commands.go:901.13,902.54 1 0
github.com/randalmurphal/orc/internal/cli/commands.go:904.5,904.15 1 0
github.com/randalmurphal/orc/internal/cli/commands.go:908.4,909.15 2 0
github.com/randalmurphal/orc/internal/cli/commands.go:910.19,911.29 1 0
github.com/randalmurphal/orc/internal/cli/commands.go:912.17,915.42 3 0
github.com/randalmurphal/orc/internal/cli/commands.go:915.42,917.49 2 0
github.com/randalmurphal/orc/internal/cli/commands.go:917.49,919.7 1 0
github.com/randalmurphal/orc/internal/cli/commands.go:921.17,924.36 3 0
github.com/randalmurphal/orc/internal/cli/commands.go:924.36,926.43 2 0
github.com/randalmurphal/orc/internal/cli/commands.go:926.43,928.7 1 0
github.com/randalmurphal/orc/internal/cli/commands.go:930.12,931.53 1 0
github.com/randalmurphal/orc/internal/cli/commands.go:933.4,933.14 1 0
github.com/randalmurphal/orc/internal/cli/commands.go:939.34,952.55 1 1
github.com/randalmurphal/orc/internal/cli/commands.go:952.55,953.47 1 0
github.com/randalmurphal/orc/internal/cli/commands.go:953.47,955.5 1 0
github.com/randalmurphal/orc/internal/cli/commands.go:957.4,961.21 4 0
github.com/randalmurphal/orc/internal/cli/commands.go:961.21,963.5 1 0
github.com/randalmurphal/orc/internal/cli/commands.go:966.4,967.18 2 0
github.com/randalmurphal/orc/internal/cli/commands.go:967.18,969.5 1 0
github.com/randalmurphal/orc/internal/cli/commands.go:972.4,973.20 2 0
github.com/randalmurphal/orc/internal/cli/commands.go:973.20,975.5 1 0
github.com/randalmurphal/orc/internal/cli/commands.go:977.4,977.43 1 0
github.com/randalmurphal/orc/internal/cli/commands.go:977.43,979.5 1 0
github.com/randalmurphal/orc/internal/cli/commands.go:981.4,984.37 2 0
github.com/randalmurphal/orc/internal/cli/commands.go:984.37,986.5 1 0
github.com/randalmurphal/orc/internal/cli/commands.go:989.4,990.30 2 0
github.com/randalmurphal/orc/internal/cli/commands.go:990.30,993.5 2 0
github.com/randalmurphal/orc/internal/cli/commands.go:995.4,996.20 2 0
github.com/randalmurphal/orc/internal/cli/commands.go:996.20,998.5 1 0
github.com/randalmurphal/orc/internal/cli/commands.go:999.4,1001.14 3 0
github.com/randalmurphal/orc/internal/cli/commands.go:1004.2,1007.12 4 1
github.com/randalmurphal/orc/internal/cli/commands.go:1011.37,1024.55 1 1
github.com/randalmurphal/orc/internal/cli/commands.go:1024.55,1025.47 1 0
github.com/randalmurphal/orc/internal/cli/commands.go:1025.47,1027.5 1 0
github.com/randalmurphal/orc/internal/cli/commands.go:1029.4,1034.18 5 0
github.com/randalmurphal/orc/internal/cli/commands.go:1034.18,1036.5 1 0
github.com/randalmurphal/orc/internal/cli/commands.go:1038.4,1039.28 2 0
github.com/randalmurphal/orc/internal/cli/commands.go:1039.28,1041.49 1 0
github.com/randalmurphal/orc/internal/cli/commands.go:1041.49,1042.14 1 0
github.com/randalmurphal/orc/internal/cli/commands.go:1046.5,1046.24 1 0
github.com/randalmurphal/orc/internal/cli/commands.go:1046.24,1048.20 2 0
github.com/randalmurphal/orc/internal/cli/commands.go:1048.20,1050.7 1 0
github.com/randalmurphal/orc/internal/cli/commands.go:1051.6,1051.44 1 0
github.com/randalmurphal/orc/internal/cli/commands.go:1051.44,1052.15 1 0
github.com/randalmurphal/orc/internal/cli/commands.go:1056.5,1056.33 1 0
github.com/randalmurphal/orc/internal/cli/commands.go:1059.4,1059.25 1 0
github.com/randalmurphal/orc/internal/cli/commands.go:1059.25,1062.5 2 0
github.com/randalmurphal/orc/internal/cli/commands.go:1064.4,1064.14 1 0
github.com/randalmurphal/orc/internal/cli/commands.go:1064.14,1066.31 2 0
github.com/randalmurphal/orc/internal/cli/commands.go:1066.31,1068.6 1 0
github.com/randalmurphal/orc/internal/cli/commands.go:1069.5,1069.15 1 0
github.com/randalmurphal/orc/internal/cli/commands.go:1072.4,1073.30 2 0
github.com/randalmurphal/orc/internal/cli/commands.go:1073.30,1076.49 2 0
github.com/randalmurphal/orc/internal/cli/commands.go:1076.49,1078.14 2 0
github.com/randalmurphal/orc/internal/cli/commands.go:1080.5,1080.43 1 0
github.com/randalmurphal/orc/internal/cli/commands.go:1083.4,1083.14 1 0
github.com/randalmurphal/orc/internal/cli/commands.go:1086.2,1089.12 4 1
github.com/randalmurphal/orc/internal/cli/commands.go:1093.37,1097.48 1 1
github.com/randalmurphal/orc/internal/cli/commands.go:1097.48,1099.4 1 0
github.com/randalmurphal/orc/internal/cli/commands.go:1104.38,1116.55 1 1
github.com/randalmurphal/orc/internal/cli/commands.go:1116.55,1118.18 2 0
github.com/randalmurphal/orc/internal/cli/commands.go:1118.18,1120.5 1 0
github.com/randalmurphal/orc/internal/cli/commands.go:1122.4,1122.26 1 0
github.com/randalmurphal/orc/internal/cli/commands.go:1122.26,1125.5 2 0
github.com/randalmurphal/orc/internal/cli/commands.go:1127.4,1127.15 1 0
github.com/randalmurphal/orc/internal/cli/commands.go:1127.15,1130.32 2 0
github.com/randalmurphal/orc/internal/cli/commands.go:1130.32,1132.30 2 0
github.com/randalmurphal/orc/internal/cli/commands.go:1132.30,1134.7 1 0
github.com/randalmurphal/orc/internal/cli/commands.go:1135.6,1136.35 1 0
github.com/randalmurphal/orc/internal/cli/commands.go:1138.5,1139.15 2 0
github.com/randalmurphal/orc/internal/cli/commands.go:1143.4,1145.31 3 0
github.com/randalmurphal/orc/internal/cli/commands.go:1145.31,1147.5 1 0
github.com/randalmurphal/orc/internal/cli/commands.go:1148.4,1150.14 2 0
github.com/randalmurphal/orc/internal/cli/commands.go:1153.2,1153.12 1 1
github.com/randalmurphal/orc/internal/cli/commands.go:1158.44,1159.16 1 1
github.com/randalmurphal/orc/internal/cli/commands.go:1160.26,1161.16 1 1
github.com/randalmurphal/orc/internal/cli/commands.go:1162.30,1163.16 1 1
github.com/randalmurphal/orc/internal/cli/commands.go:1164.26,1165.16 1 1
github.com/randalmurphal/orc/internal/cli/commands.go:1166.26,1167.15 1 1
github.com/randalmurphal/orc/internal/cli/commands.go:1168.25,1169.18 1 1
github.com/randalmurphal/orc/internal/cli/commands.go:1170.26,1171.16 1 1
github.com/randalmurphal/orc/internal/cli/commands.go:1172.28,1173.15 1 1
github.com/randalmurphal/orc/internal/cli/commands.go:1174.25,1175.15 1 1
github.com/randalmurphal/orc/internal/cli/commands.go:1176.10,1177.15 1 1
github.com/randalmurphal/orc/internal/cli/commands.go:1181.54,1182.16 1 1
github.com/randalmurphal/orc/internal/cli/commands.go:1183.25,1184.15 1 1
github.com/randalmurphal/orc/internal/cli/commands.go:1185.25,1186.15 1 1
github.com/randalmurphal/orc/internal/cli/commands.go:1187.27,1188.15 1 1
github.com/randalmurphal/orc/internal/cli/commands.go:1189.24,1190.15 1 1
github.com/randalmurphal/orc/internal/cli/commands.go:1191.25,1192.15 1 1
github.com/randalmurphal/orc/internal/cli/commands.go:1193.10,1194.13 1 1
github.com/randalmurphal/orc/internal/cli/commands.go:1198.44,1199.22 1 1
github.com/randalmurphal/orc/internal/cli/commands.go:1199.22,1201.3 1 1
github.com/randalmurphal/orc/internal/cli/commands.go:1202.2,1202.29 1 1
github.com/randalmurphal/orc/internal/cli/root.go:41.22,43.2 1 0
github.com/randalmurphal/orc/internal/cli/root.go:45.13,77.2 27 1
github.com/randalmurphal/orc/internal/cli/root.go:80.19,81.19 1 0
github.com/randalmurphal/orc/internal/cli/root.go:81.19,83.3 1 0
github.com/randalmurphal/orc/internal/cli/root.go:83.8,89.3 4 0
github.com/randalmurphal/orc/internal/cli/root.go:91.2,94.45 3 0
github.com/randalmurphal/orc/internal/cli/root.go:94.45,95.14 1 0
github.com/randalmurphal/orc/internal/cli/root.go:95.14,97.4 1 0
github.com/randalmurphal/orc/internal/cli/serve.go:16.35,30.55 1 1
github.com/randalmurphal/orc/internal/cli/serve.go:30.55,50.14 11 0
github.com/randalmurphal/orc/internal/cli/serve.go:50.14,54.5 3 0
github.com/randalmurphal/orc/internal/cli/serve.go:56.4,56.35 1 0
github.com/randalmurphal/orc/internal/cli/serve.go:60.2,62.12 2 1
github.com/randalmurphal/orc/internal/cli/signals.go:17.65,23.12 4 1
github.com/randalmurphal/orc/internal/cli/signals.go:23.12,32.3 6 1
github.com/randalmurphal/orc/internal/cli/signals.go:34.2,34.20 1 1
github.com/randalmurphal/orc/internal/cli/signals.go:38.73,42.33 2 1
github.com/randalmurphal/orc/internal/cli/signals.go:42.33,44.3 1 0
github.com/randalmurphal/orc/internal/cli/signals.go:47.2,48.33 2 1
github.com/randalmurphal/orc/internal/cli/signals.go:48.33,50.3 1 0
github.com/randalmurphal/orc/internal/cli/signals.go:52.2,53.12 2 1
github.com/randalmurphal/orc/internal/cli/signals.go:66.74,74.2 2 1
github.com/randalmurphal/orc/internal/cli/signals.go:77.54,79.2 1 1
github.com/randalmurphal/orc/internal/cli/signals.go:82.58,84.2 1 1
github.com/randalmurphal/orc/internal/cli/signals.go:87.38,88.45 1 1
github.com/randalmurphal/orc/internal/cli/signals.go:88.45,90.3 1 1
github.com/randalmurphal/orc/internal/cli/signals.go:91.2,91.12 1 1
github.com/randalmurphal/orc/internal/cli/signals.go:95.50,97.2 1 1
github.com/randalmurphal/orc/internal/cli/signals.go:100.66,101.9 1 1
github.com/randalmurphal/orc/internal/cli/signals.go:102.20,103.19 1 1
github.com/randalmurphal/orc/internal/cli/signals.go:104.23,105.13 1 1
