mode: set
github.com/randalmurphal/orc/cmd/orc/main.go:10.13,11.38 1 0
github.com/randalmurphal/orc/cmd/orc/main.go:11.38,13.3 1 0
github.com/randalmurphal/orc/internal/gate/gate.go:28.43,30.2 1 1
github.com/randalmurphal/orc/internal/gate/gate.go:33.107,34.19 1 1
github.com/randalmurphal/orc/internal/gate/gate.go:35.21,36.43 1 1
github.com/randalmurphal/orc/internal/gate/gate.go:37.19,38.46 1 1
github.com/randalmurphal/orc/internal/gate/gate.go:39.22,40.38 1 0
github.com/randalmurphal/orc/internal/gate/gate.go:41.10,42.61 1 1
github.com/randalmurphal/orc/internal/gate/gate.go:47.90,49.29 1 1
github.com/randalmurphal/orc/internal/gate/gate.go:49.29,54.3 1 1
github.com/randalmurphal/orc/internal/gate/gate.go:57.2,57.42 1 1
github.com/randalmurphal/orc/internal/gate/gate.go:57.42,58.20 1 1
github.com/randalmurphal/orc/internal/gate/gate.go:59.21,60.25 1 1
github.com/randalmurphal/orc/internal/gate/gate.go:60.25,65.5 1 1
github.com/randalmurphal/orc/internal/gate/gate.go:66.20,67.63 1 1
github.com/randalmurphal/orc/internal/gate/gate.go:67.63,72.5 1 1
github.com/randalmurphal/orc/internal/gate/gate.go:73.32,74.79 1 1
github.com/randalmurphal/orc/internal/gate/gate.go:74.79,79.5 1 1
github.com/randalmurphal/orc/internal/gate/gate.go:80.11,82.49 1 1
github.com/randalmurphal/orc/internal/gate/gate.go:82.49,87.5 1 1
github.com/randalmurphal/orc/internal/gate/gate.go:91.2,94.8 1 1
github.com/randalmurphal/orc/internal/gate/gate.go:98.109,99.21 1 1
github.com/randalmurphal/orc/internal/gate/gate.go:99.21,101.3 1 1
github.com/randalmurphal/orc/internal/gate/gate.go:103.2,130.16 3 1
github.com/randalmurphal/orc/internal/gate/gate.go:130.16,132.3 1 1
github.com/randalmurphal/orc/internal/gate/gate.go:134.2,134.38 1 1
github.com/randalmurphal/orc/internal/gate/gate.go:138.78,140.28 2 0
github.com/randalmurphal/orc/internal/gate/gate.go:140.28,142.35 2 0
github.com/randalmurphal/orc/internal/gate/gate.go:142.35,144.4 1 0
github.com/randalmurphal/orc/internal/gate/gate.go:147.2,151.16 4 0
github.com/randalmurphal/orc/internal/gate/gate.go:151.16,153.3 1 0
github.com/randalmurphal/orc/internal/gate/gate.go:155.2,157.15 2 0
github.com/randalmurphal/orc/internal/gate/gate.go:158.18,162.9 1 0
github.com/randalmurphal/orc/internal/gate/gate.go:163.17,169.9 3 0
github.com/randalmurphal/orc/internal/gate/gate.go:170.24,173.7 3 0
github.com/randalmurphal/orc/internal/gate/gate.go:173.7,176.15 3 0
github.com/randalmurphal/orc/internal/gate/gate.go:176.15,177.10 1 0
github.com/randalmurphal/orc/internal/gate/gate.go:179.4,179.36 1 0
github.com/randalmurphal/orc/internal/gate/gate.go:181.3,185.9 1 0
github.com/randalmurphal/orc/internal/gate/gate.go:186.10,190.9 1 0
github.com/randalmurphal/orc/internal/gate/gate.go:195.47,196.24 1 1
github.com/randalmurphal/orc/internal/gate/gate.go:196.24,198.3 1 1
github.com/randalmurphal/orc/internal/gate/gate.go:200.2,201.29 2 1
github.com/randalmurphal/orc/internal/gate/gate.go:201.29,203.3 1 1
github.com/randalmurphal/orc/internal/gate/gate.go:204.2,204.34 1 1
github.com/randalmurphal/orc/internal/gate/gate.go:208.55,209.27 1 1
github.com/randalmurphal/orc/internal/gate/gate.go:209.27,211.3 1 1
github.com/randalmurphal/orc/internal/gate/gate.go:212.2,212.46 1 1
github.com/randalmurphal/orc/internal/gate/gate.go:216.58,219.46 2 1
github.com/randalmurphal/orc/internal/gate/gate.go:219.46,225.3 2 1
github.com/randalmurphal/orc/internal/gate/gate.go:227.2,227.46 1 1
github.com/randalmurphal/orc/internal/gate/gate.go:227.46,233.3 2 1
github.com/randalmurphal/orc/internal/gate/gate.go:235.2,235.57 1 1
github.com/randalmurphal/orc/internal/gate/gate.go:235.57,243.3 3 1
github.com/randalmurphal/orc/internal/gate/gate.go:246.2,249.8 1 1
github.com/randalmurphal/orc/internal/progress/display.go:22.46,28.2 1 1
github.com/randalmurphal/orc/internal/progress/display.go:31.57,38.13 6 1
github.com/randalmurphal/orc/internal/progress/display.go:38.13,40.3 1 1
github.com/randalmurphal/orc/internal/progress/display.go:42.2,42.79 1 1
github.com/randalmurphal/orc/internal/progress/display.go:46.53,50.13 3 1
github.com/randalmurphal/orc/internal/progress/display.go:50.13,52.3 1 1
github.com/randalmurphal/orc/internal/progress/display.go:54.2,64.3 2 1
github.com/randalmurphal/orc/internal/progress/display.go:68.62,69.13 1 1
github.com/randalmurphal/orc/internal/progress/display.go:69.13,71.3 1 1
github.com/randalmurphal/orc/internal/progress/display.go:73.2,79.26 4 1
github.com/randalmurphal/orc/internal/progress/display.go:79.26,81.3 1 1
github.com/randalmurphal/orc/internal/progress/display.go:83.2,84.47 1 1
github.com/randalmurphal/orc/internal/progress/display.go:88.56,89.13 1 1
github.com/randalmurphal/orc/internal/progress/display.go:89.13,91.3 1 1
github.com/randalmurphal/orc/internal/progress/display.go:94.2,96.53 2 1
github.com/randalmurphal/orc/internal/progress/display.go:100.61,101.13 1 1
github.com/randalmurphal/orc/internal/progress/display.go:101.13,103.3 1 1
github.com/randalmurphal/orc/internal/progress/display.go:105.2,108.18 3 1
github.com/randalmurphal/orc/internal/progress/display.go:109.15,111.40 2 1
github.com/randalmurphal/orc/internal/progress/display.go:112.12,114.35 2 1
github.com/randalmurphal/orc/internal/progress/display.go:115.14,117.29 2 1
github.com/randalmurphal/orc/internal/progress/display.go:120.2,120.50 1 1
github.com/randalmurphal/orc/internal/progress/display.go:124.45,125.13 1 1
github.com/randalmurphal/orc/internal/progress/display.go:125.13,127.3 1 1
github.com/randalmurphal/orc/internal/progress/display.go:129.2,129.45 1 1
github.com/randalmurphal/orc/internal/progress/display.go:133.60,134.13 1 1
github.com/randalmurphal/orc/internal/progress/display.go:134.13,136.3 1 1
github.com/randalmurphal/orc/internal/progress/display.go:138.2,138.58 1 1
github.com/randalmurphal/orc/internal/progress/display.go:142.78,143.13 1 1
github.com/randalmurphal/orc/internal/progress/display.go:143.13,145.3 1 1
github.com/randalmurphal/orc/internal/progress/display.go:147.2,149.66 3 1
github.com/randalmurphal/orc/internal/progress/display.go:153.41,154.13 1 1
github.com/randalmurphal/orc/internal/progress/display.go:154.13,156.3 1 1
github.com/randalmurphal/orc/internal/progress/display.go:158.2,158.58 1 1
github.com/randalmurphal/orc/internal/progress/display.go:162.37,163.13 1 1
github.com/randalmurphal/orc/internal/progress/display.go:163.13,165.3 1 1
github.com/randalmurphal/orc/internal/progress/display.go:167.2,167.95 1 1
github.com/randalmurphal/orc/internal/progress/display.go:171.36,172.13 1 1
github.com/randalmurphal/orc/internal/progress/display.go:172.13,174.3 1 1
github.com/randalmurphal/orc/internal/progress/display.go:176.2,176.33 1 1
github.com/randalmurphal/orc/internal/progress/display.go:180.39,181.13 1 1
github.com/randalmurphal/orc/internal/progress/display.go:181.13,183.3 1 1
github.com/randalmurphal/orc/internal/progress/display.go:185.2,185.33 1 1
github.com/randalmurphal/orc/internal/progress/display.go:189.37,192.2 1 1
github.com/randalmurphal/orc/internal/progress/display.go:195.45,204.11 7 1
github.com/randalmurphal/orc/internal/progress/display.go:204.11,206.3 1 1
github.com/randalmurphal/orc/internal/progress/display.go:207.2,207.11 1 1
github.com/randalmurphal/orc/internal/progress/display.go:207.11,209.3 1 1
github.com/randalmurphal/orc/internal/progress/display.go:210.2,210.30 1 1
github.com/randalmurphal/orc/internal/state/state.go:96.32,106.2 2 1
github.com/randalmurphal/orc/internal/state/state.go:109.42,112.16 3 1
github.com/randalmurphal/orc/internal/state/state.go:112.16,113.25 1 1
github.com/randalmurphal/orc/internal/state/state.go:113.25,115.27 1 1
github.com/randalmurphal/orc/internal/state/state.go:115.27,117.5 1 0
github.com/randalmurphal/orc/internal/state/state.go:118.4,118.55 1 1
github.com/randalmurphal/orc/internal/state/state.go:120.3,120.68 1 0
github.com/randalmurphal/orc/internal/state/state.go:123.2,124.49 2 1
github.com/randalmurphal/orc/internal/state/state.go:124.49,126.3 1 0
github.com/randalmurphal/orc/internal/state/state.go:129.2,129.21 1 1
github.com/randalmurphal/orc/internal/state/state.go:129.21,131.3 1 0
github.com/randalmurphal/orc/internal/state/state.go:133.2,133.16 1 1
github.com/randalmurphal/orc/internal/state/state.go:137.30,140.2 2 1
github.com/randalmurphal/orc/internal/state/state.go:143.42,144.47 1 1
github.com/randalmurphal/orc/internal/state/state.go:144.47,146.3 1 0
github.com/randalmurphal/orc/internal/state/state.go:148.2,151.16 3 1
github.com/randalmurphal/orc/internal/state/state.go:151.16,153.3 1 0
github.com/randalmurphal/orc/internal/state/state.go:155.2,156.55 2 1
github.com/randalmurphal/orc/internal/state/state.go:156.55,158.3 1 0
github.com/randalmurphal/orc/internal/state/state.go:160.2,160.12 1 1
github.com/randalmurphal/orc/internal/state/state.go:164.44,170.30 5 1
github.com/randalmurphal/orc/internal/state/state.go:170.30,172.3 1 1
github.com/randalmurphal/orc/internal/state/state.go:174.2,175.35 2 1
github.com/randalmurphal/orc/internal/state/state.go:179.65,183.30 3 1
github.com/randalmurphal/orc/internal/state/state.go:183.30,185.3 1 0
github.com/randalmurphal/orc/internal/state/state.go:187.2,189.41 3 1
github.com/randalmurphal/orc/internal/state/state.go:193.54,199.30 5 1
github.com/randalmurphal/orc/internal/state/state.go:199.30,201.3 1 0
github.com/randalmurphal/orc/internal/state/state.go:203.2,204.39 2 1
github.com/randalmurphal/orc/internal/state/state.go:208.48,213.30 4 1
github.com/randalmurphal/orc/internal/state/state.go:213.30,215.3 1 0
github.com/randalmurphal/orc/internal/state/state.go:217.2,218.40 2 1
github.com/randalmurphal/orc/internal/state/state.go:222.38,226.37 3 1
github.com/randalmurphal/orc/internal/state/state.go:226.37,228.3 1 1
github.com/randalmurphal/orc/internal/state/state.go:232.46,238.37 5 1
github.com/randalmurphal/orc/internal/state/state.go:238.37,242.3 3 1
github.com/randalmurphal/orc/internal/state/state.go:246.90,255.2 2 1
github.com/randalmurphal/orc/internal/state/state.go:258.28,263.2 4 1
github.com/randalmurphal/orc/internal/state/state.go:266.41,267.44 1 1
github.com/randalmurphal/orc/internal/state/state.go:267.44,268.83 1 1
github.com/randalmurphal/orc/internal/state/state.go:268.83,270.4 1 1
github.com/randalmurphal/orc/internal/state/state.go:272.2,272.11 1 1
github.com/randalmurphal/orc/internal/state/state.go:276.55,278.9 2 1
github.com/randalmurphal/orc/internal/state/state.go:278.9,280.3 1 1
github.com/randalmurphal/orc/internal/state/state.go:281.2,281.37 1 1
github.com/randalmurphal/orc/internal/state/state.go:285.44,286.30 1 1
github.com/randalmurphal/orc/internal/state/state.go:286.30,291.3 4 1
github.com/randalmurphal/orc/internal/state/state.go:292.2,292.26 1 1
github.com/randalmurphal/orc/internal/state/state.go:296.96,306.2 2 1
github.com/randalmurphal/orc/internal/state/state.go:309.57,310.27 1 1
github.com/randalmurphal/orc/internal/state/state.go:310.27,313.3 2 1
github.com/randalmurphal/orc/internal/state/state.go:317.37,320.2 2 1
github.com/randalmurphal/orc/internal/state/state.go:323.49,325.2 1 1
github.com/randalmurphal/orc/internal/state/state.go:328.40,330.2 1 1
github.com/randalmurphal/orc/internal/state/state.go:333.58,337.30 3 1
github.com/randalmurphal/orc/internal/state/state.go:337.30,339.3 1 0
github.com/randalmurphal/orc/internal/state/state.go:341.2,343.18 3 1
github.com/randalmurphal/orc/internal/state/state.go:343.18,345.3 1 1
github.com/randalmurphal/orc/internal/state/state.go:348.2,348.53 1 1
github.com/randalmurphal/orc/internal/plan/plan.go:87.32,91.2 1 1
github.com/randalmurphal/orc/internal/plan/plan.go:94.74,96.2 1 1
github.com/randalmurphal/orc/internal/plan/plan.go:99.59,101.9 2 1
github.com/randalmurphal/orc/internal/plan/plan.go:101.9,104.3 1 0
github.com/randalmurphal/orc/internal/plan/plan.go:106.2,106.17 1 1
github.com/randalmurphal/orc/internal/plan/plan.go:106.17,108.3 1 0
github.com/randalmurphal/orc/internal/plan/plan.go:110.2,119.32 2 1
github.com/randalmurphal/orc/internal/plan/plan.go:119.32,122.3 2 1
github.com/randalmurphal/orc/internal/plan/plan.go:124.2,124.18 1 1
github.com/randalmurphal/orc/internal/plan/plan.go:128.43,129.26 1 1
github.com/randalmurphal/orc/internal/plan/plan.go:129.26,130.27 1 1
github.com/randalmurphal/orc/internal/plan/plan.go:130.27,132.4 1 1
github.com/randalmurphal/orc/internal/plan/plan.go:134.2,134.12 1 1
github.com/randalmurphal/orc/internal/plan/plan.go:138.38,139.26 1 1
github.com/randalmurphal/orc/internal/plan/plan.go:139.26,140.81 1 1
github.com/randalmurphal/orc/internal/plan/plan.go:140.81,142.4 1 1
github.com/randalmurphal/orc/internal/plan/plan.go:144.2,144.12 1 1
github.com/randalmurphal/orc/internal/plan/plan.go:148.34,149.33 1 1
github.com/randalmurphal/orc/internal/plan/plan.go:149.33,150.69 1 1
github.com/randalmurphal/orc/internal/plan/plan.go:150.69,152.4 1 1
github.com/randalmurphal/orc/internal/plan/plan.go:154.2,154.13 1 1
github.com/randalmurphal/orc/internal/plan/plan.go:165.35,165.55 1 1
github.com/randalmurphal/orc/internal/plan/plan.go:168.41,171.16 3 1
github.com/randalmurphal/orc/internal/plan/plan.go:171.16,172.25 1 1
github.com/randalmurphal/orc/internal/plan/plan.go:172.25,174.4 1 1
github.com/randalmurphal/orc/internal/plan/plan.go:175.3,175.67 1 0
github.com/randalmurphal/orc/internal/plan/plan.go:178.2,179.49 2 1
github.com/randalmurphal/orc/internal/plan/plan.go:179.49,181.3 1 0
github.com/randalmurphal/orc/internal/plan/plan.go:183.2,183.16 1 1
github.com/randalmurphal/orc/internal/plan/plan.go:187.42,189.47 2 1
github.com/randalmurphal/orc/internal/plan/plan.go:189.47,191.3 1 0
github.com/randalmurphal/orc/internal/plan/plan.go:193.2,194.16 2 1
github.com/randalmurphal/orc/internal/plan/plan.go:194.16,196.3 1 0
github.com/randalmurphal/orc/internal/plan/plan.go:198.2,199.55 2 1
github.com/randalmurphal/orc/internal/plan/plan.go:199.55,201.3 1 0
github.com/randalmurphal/orc/internal/plan/plan.go:203.2,203.12 1 1
github.com/randalmurphal/orc/internal/plan/plan.go:207.41,208.47 1 0
github.com/randalmurphal/orc/internal/plan/plan.go:208.47,210.3 1 0
github.com/randalmurphal/orc/internal/plan/plan.go:212.2,213.16 2 0
github.com/randalmurphal/orc/internal/plan/plan.go:213.16,215.3 1 0
github.com/randalmurphal/orc/internal/plan/plan.go:217.2,218.55 2 0
github.com/randalmurphal/orc/internal/plan/plan.go:218.55,220.3 1 0
github.com/randalmurphal/orc/internal/plan/plan.go:222.2,222.12 1 0
github.com/randalmurphal/orc/internal/plan/plan.go:226.62,229.16 3 1
github.com/randalmurphal/orc/internal/plan/plan.go:229.16,231.3 1 1
github.com/randalmurphal/orc/internal/plan/plan.go:233.2,234.52 2 1
github.com/randalmurphal/orc/internal/plan/plan.go:234.52,236.3 1 0
github.com/randalmurphal/orc/internal/plan/plan.go:238.2,238.19 1 1
github.com/randalmurphal/orc/internal/plan/plan.go:242.54,244.16 2 1
github.com/randalmurphal/orc/internal/plan/plan.go:244.16,246.3 1 0
github.com/randalmurphal/orc/internal/plan/plan.go:248.2,257.36 2 1
github.com/randalmurphal/orc/internal/plan/plan.go:257.36,260.3 2 1
github.com/randalmurphal/orc/internal/plan/plan.go:262.2,262.15 1 1
github.com/randalmurphal/orc/internal/config/config.go:168.70,170.36 1 1
github.com/randalmurphal/orc/internal/config/config.go:170.36,171.65 1 1
github.com/randalmurphal/orc/internal/config/config.go:171.65,172.50 1 1
github.com/randalmurphal/orc/internal/config/config.go:172.50,174.5 1 1
github.com/randalmurphal/orc/internal/config/config.go:179.2,179.35 1 1
github.com/randalmurphal/orc/internal/config/config.go:179.35,180.56 1 1
github.com/randalmurphal/orc/internal/config/config.go:180.56,182.4 1 1
github.com/randalmurphal/orc/internal/config/config.go:186.2,186.31 1 1
github.com/randalmurphal/orc/internal/config/config.go:186.31,188.3 1 1
github.com/randalmurphal/orc/internal/config/config.go:190.2,190.15 1 1
github.com/randalmurphal/orc/internal/config/config.go:195.61,196.22 1 1
github.com/randalmurphal/orc/internal/config/config.go:196.22,198.3 1 1
github.com/randalmurphal/orc/internal/config/config.go:199.2,199.29 1 1
github.com/randalmurphal/orc/internal/config/config.go:199.29,201.3 1 1
github.com/randalmurphal/orc/internal/config/config.go:202.2,202.11 1 0
github.com/randalmurphal/orc/internal/config/config.go:207.24,256.2 1 1
github.com/randalmurphal/orc/internal/config/config.go:259.59,260.17 1 1
github.com/randalmurphal/orc/internal/config/config.go:261.19,268.4 1 1
github.com/randalmurphal/orc/internal/config/config.go:269.19,280.4 1 1
github.com/randalmurphal/orc/internal/config/config.go:281.21,295.4 1 1
github.com/randalmurphal/orc/internal/config/config.go:296.10,303.4 1 1
github.com/randalmurphal/orc/internal/config/config.go:308.58,311.2 2 1
github.com/randalmurphal/orc/internal/config/config.go:314.30,316.2 1 1
github.com/randalmurphal/orc/internal/config/config.go:319.45,321.16 2 1
github.com/randalmurphal/orc/internal/config/config.go:321.16,322.25 1 1
github.com/randalmurphal/orc/internal/config/config.go:322.25,325.4 1 1
github.com/randalmurphal/orc/internal/config/config.go:326.3,326.49 1 0
github.com/randalmurphal/orc/internal/config/config.go:329.2,330.50 2 1
github.com/randalmurphal/orc/internal/config/config.go:330.50,332.3 1 1
github.com/randalmurphal/orc/internal/config/config.go:334.2,334.17 1 1
github.com/randalmurphal/orc/internal/config/config.go:338.31,340.2 1 1
github.com/randalmurphal/orc/internal/config/config.go:343.44,345.47 2 1
github.com/randalmurphal/orc/internal/config/config.go:345.47,347.3 1 1
github.com/randalmurphal/orc/internal/config/config.go:349.2,350.16 2 1
github.com/randalmurphal/orc/internal/config/config.go:350.16,352.3 1 0
github.com/randalmurphal/orc/internal/config/config.go:354.2,354.55 1 1
github.com/randalmurphal/orc/internal/config/config.go:354.55,356.3 1 0
github.com/randalmurphal/orc/internal/config/config.go:358.2,358.12 1 1
github.com/randalmurphal/orc/internal/config/config.go:362.29,364.12 1 1
github.com/randalmurphal/orc/internal/config/config.go:364.12,365.44 1 1
github.com/randalmurphal/orc/internal/config/config.go:365.44,367.4 1 1
github.com/randalmurphal/orc/internal/config/config.go:371.2,376.27 2 1
github.com/randalmurphal/orc/internal/config/config.go:376.27,377.48 1 1
github.com/randalmurphal/orc/internal/config/config.go:377.48,379.4 1 0
github.com/randalmurphal/orc/internal/config/config.go:383.2,384.35 2 1
github.com/randalmurphal/orc/internal/config/config.go:384.35,386.3 1 0
github.com/randalmurphal/orc/internal/config/config.go:388.2,388.12 1 1
github.com/randalmurphal/orc/internal/config/config.go:392.27,395.2 2 1
github.com/randalmurphal/orc/internal/config/config.go:398.26,399.22 1 1
github.com/randalmurphal/orc/internal/config/config.go:399.22,401.3 1 1
github.com/randalmurphal/orc/internal/config/config.go:402.2,402.12 1 1
github.com/randalmurphal/orc/internal/prompt/service.go:46.41,48.2 1 1
github.com/randalmurphal/orc/internal/prompt/service.go:51.32,53.2 1 1
github.com/randalmurphal/orc/internal/prompt/service.go:56.46,58.2 1 1
github.com/randalmurphal/orc/internal/prompt/service.go:61.58,63.2 1 1
github.com/randalmurphal/orc/internal/prompt/service.go:68.65,71.58 2 1
github.com/randalmurphal/orc/internal/prompt/service.go:71.58,73.3 1 1
github.com/randalmurphal/orc/internal/prompt/service.go:76.2,78.16 3 1
github.com/randalmurphal/orc/internal/prompt/service.go:78.16,80.3 1 1
github.com/randalmurphal/orc/internal/prompt/service.go:82.2,82.45 1 1
github.com/randalmurphal/orc/internal/prompt/service.go:86.48,89.16 2 1
github.com/randalmurphal/orc/internal/prompt/service.go:89.16,91.3 1 0
github.com/randalmurphal/orc/internal/prompt/service.go:94.2,95.32 2 1
github.com/randalmurphal/orc/internal/prompt/service.go:95.32,96.63 1 1
github.com/randalmurphal/orc/internal/prompt/service.go:96.63,97.12 1 0
github.com/randalmurphal/orc/internal/prompt/service.go:99.3,110.4 4 1
github.com/randalmurphal/orc/internal/prompt/service.go:114.2,115.56 2 1
github.com/randalmurphal/orc/internal/prompt/service.go:115.56,116.33 1 1
github.com/randalmurphal/orc/internal/prompt/service.go:116.33,117.64 1 1
github.com/randalmurphal/orc/internal/prompt/service.go:117.64,118.13 1 0
github.com/randalmurphal/orc/internal/prompt/service.go:120.4,125.18 4 1
github.com/randalmurphal/orc/internal/prompt/service.go:125.18,127.5 1 1
github.com/randalmurphal/orc/internal/prompt/service.go:129.4,129.46 1 1
github.com/randalmurphal/orc/internal/prompt/service.go:129.46,133.5 3 1
github.com/randalmurphal/orc/internal/prompt/service.go:133.10,140.5 1 0
github.com/randalmurphal/orc/internal/prompt/service.go:145.2,146.31 2 1
github.com/randalmurphal/orc/internal/prompt/service.go:146.31,148.3 1 1
github.com/randalmurphal/orc/internal/prompt/service.go:149.2,149.41 1 1
github.com/randalmurphal/orc/internal/prompt/service.go:149.41,151.3 1 1
github.com/randalmurphal/orc/internal/prompt/service.go:153.2,153.20 1 1
github.com/randalmurphal/orc/internal/prompt/service.go:157.54,159.16 2 1
github.com/randalmurphal/orc/internal/prompt/service.go:159.16,161.3 1 1
github.com/randalmurphal/orc/internal/prompt/service.go:163.2,168.8 1 1
github.com/randalmurphal/orc/internal/prompt/service.go:172.61,175.16 3 1
github.com/randalmurphal/orc/internal/prompt/service.go:175.16,177.3 1 1
github.com/randalmurphal/orc/internal/prompt/service.go:179.2,184.8 1 1
github.com/randalmurphal/orc/internal/prompt/service.go:188.53,190.54 2 1
github.com/randalmurphal/orc/internal/prompt/service.go:190.54,192.3 1 0
github.com/randalmurphal/orc/internal/prompt/service.go:194.2,195.66 2 1
github.com/randalmurphal/orc/internal/prompt/service.go:195.66,197.3 1 0
github.com/randalmurphal/orc/internal/prompt/service.go:199.2,199.12 1 1
github.com/randalmurphal/orc/internal/prompt/service.go:203.46,205.63 2 1
github.com/randalmurphal/orc/internal/prompt/service.go:205.63,207.3 1 0
github.com/randalmurphal/orc/internal/prompt/service.go:208.2,208.12 1 1
github.com/randalmurphal/orc/internal/prompt/service.go:212.50,216.2 3 1
github.com/randalmurphal/orc/internal/prompt/service.go:219.47,232.2 1 1
github.com/randalmurphal/orc/internal/prompt/service.go:237.48,243.28 4 1
github.com/randalmurphal/orc/internal/prompt/service.go:243.28,244.15 1 1
github.com/randalmurphal/orc/internal/prompt/service.go:244.15,247.4 2 1
github.com/randalmurphal/orc/internal/prompt/service.go:250.2,251.15 2 1
github.com/randalmurphal/orc/internal/project/registry.go:36.35,38.16 2 1
github.com/randalmurphal/orc/internal/project/registry.go:38.16,40.3 1 0
github.com/randalmurphal/orc/internal/project/registry.go:41.2,41.44 1 1
github.com/randalmurphal/orc/internal/project/registry.go:45.37,47.16 2 1
github.com/randalmurphal/orc/internal/project/registry.go:47.16,49.3 1 0
github.com/randalmurphal/orc/internal/project/registry.go:50.2,50.52 1 1
github.com/randalmurphal/orc/internal/project/registry.go:54.40,56.16 2 1
github.com/randalmurphal/orc/internal/project/registry.go:56.16,58.3 1 0
github.com/randalmurphal/orc/internal/project/registry.go:60.2,61.16 2 1
github.com/randalmurphal/orc/internal/project/registry.go:61.16,62.25 1 1
github.com/randalmurphal/orc/internal/project/registry.go:62.25,64.4 1 1
github.com/randalmurphal/orc/internal/project/registry.go:65.3,65.51 1 0
github.com/randalmurphal/orc/internal/project/registry.go:68.2,69.51 2 1
github.com/randalmurphal/orc/internal/project/registry.go:69.51,71.3 1 1
github.com/randalmurphal/orc/internal/project/registry.go:73.2,73.18 1 1
github.com/randalmurphal/orc/internal/project/registry.go:78.33,80.16 2 1
github.com/randalmurphal/orc/internal/project/registry.go:80.16,82.3 1 0
github.com/randalmurphal/orc/internal/project/registry.go:84.2,85.47 2 1
github.com/randalmurphal/orc/internal/project/registry.go:85.47,87.3 1 0
github.com/randalmurphal/orc/internal/project/registry.go:89.2,90.16 2 1
github.com/randalmurphal/orc/internal/project/registry.go:90.16,92.3 1 0
github.com/randalmurphal/orc/internal/project/registry.go:95.2,96.58 2 1
github.com/randalmurphal/orc/internal/project/registry.go:96.58,98.3 1 0
github.com/randalmurphal/orc/internal/project/registry.go:100.2,100.49 1 1
github.com/randalmurphal/orc/internal/project/registry.go:100.49,104.3 2 0
github.com/randalmurphal/orc/internal/project/registry.go:106.2,106.12 1 1
github.com/randalmurphal/orc/internal/project/registry.go:110.60,112.16 2 1
github.com/randalmurphal/orc/internal/project/registry.go:112.16,114.3 1 0
github.com/randalmurphal/orc/internal/project/registry.go:117.2,118.16 2 1
github.com/randalmurphal/orc/internal/project/registry.go:118.16,120.3 1 1
github.com/randalmurphal/orc/internal/project/registry.go:121.2,121.19 1 1
github.com/randalmurphal/orc/internal/project/registry.go:121.19,123.3 1 1
github.com/randalmurphal/orc/internal/project/registry.go:126.2,126.31 1 1
github.com/randalmurphal/orc/internal/project/registry.go:126.31,127.24 1 1
github.com/randalmurphal/orc/internal/project/registry.go:127.24,131.4 2 1
github.com/randalmurphal/orc/internal/project/registry.go:135.2,146.19 4 1
github.com/randalmurphal/orc/internal/project/registry.go:150.54,151.31 1 1
github.com/randalmurphal/orc/internal/project/registry.go:151.31,152.45 1 1
github.com/randalmurphal/orc/internal/project/registry.go:152.45,155.4 2 1
github.com/randalmurphal/orc/internal/project/registry.go:157.2,157.54 1 1
github.com/randalmurphal/orc/internal/project/registry.go:161.59,162.31 1 1
github.com/randalmurphal/orc/internal/project/registry.go:162.31,163.45 1 1
github.com/randalmurphal/orc/internal/project/registry.go:163.45,165.4 1 1
github.com/randalmurphal/orc/internal/project/registry.go:167.2,167.59 1 1
github.com/randalmurphal/orc/internal/project/registry.go:171.37,173.2 1 1
github.com/randalmurphal/orc/internal/project/registry.go:176.46,178.31 2 1
github.com/randalmurphal/orc/internal/project/registry.go:178.31,179.44 1 1
github.com/randalmurphal/orc/internal/project/registry.go:179.44,181.4 1 1
github.com/randalmurphal/orc/internal/project/registry.go:183.2,183.14 1 1
github.com/randalmurphal/orc/internal/project/registry.go:187.37,190.2 2 1
github.com/randalmurphal/orc/internal/project/registry.go:193.53,195.16 2 1
github.com/randalmurphal/orc/internal/project/registry.go:195.16,197.3 1 0
github.com/randalmurphal/orc/internal/project/registry.go:199.2,200.16 2 1
github.com/randalmurphal/orc/internal/project/registry.go:200.16,202.3 1 0
github.com/randalmurphal/orc/internal/project/registry.go:204.2,204.35 1 1
github.com/randalmurphal/orc/internal/project/registry.go:204.35,206.3 1 0
github.com/randalmurphal/orc/internal/project/registry.go:208.2,208.18 1 1
github.com/randalmurphal/orc/internal/project/registry.go:212.40,214.16 2 1
github.com/randalmurphal/orc/internal/project/registry.go:214.16,216.3 1 0
github.com/randalmurphal/orc/internal/project/registry.go:217.2,217.33 1 1
github.com/randalmurphal/orc/internal/task/task.go:88.34,99.2 2 1
github.com/randalmurphal/orc/internal/task/task.go:102.34,104.2 1 1
github.com/randalmurphal/orc/internal/task/task.go:107.30,112.2 1 1
github.com/randalmurphal/orc/internal/task/task.go:115.37,118.16 3 1
github.com/randalmurphal/orc/internal/task/task.go:118.16,119.25 1 1
github.com/randalmurphal/orc/internal/task/task.go:119.25,121.4 1 1
github.com/randalmurphal/orc/internal/task/task.go:122.3,122.54 1 0
github.com/randalmurphal/orc/internal/task/task.go:125.2,126.49 2 1
github.com/randalmurphal/orc/internal/task/task.go:126.49,128.3 1 0
github.com/randalmurphal/orc/internal/task/task.go:130.2,130.16 1 1
github.com/randalmurphal/orc/internal/task/task.go:134.29,136.47 2 1
github.com/randalmurphal/orc/internal/task/task.go:136.47,138.3 1 0
github.com/randalmurphal/orc/internal/task/task.go:140.2,143.16 3 1
github.com/randalmurphal/orc/internal/task/task.go:143.16,145.3 1 0
github.com/randalmurphal/orc/internal/task/task.go:147.2,148.55 2 1
github.com/randalmurphal/orc/internal/task/task.go:148.55,150.3 1 0
github.com/randalmurphal/orc/internal/task/task.go:152.2,152.12 1 1
github.com/randalmurphal/orc/internal/task/task.go:156.33,160.16 3 1
github.com/randalmurphal/orc/internal/task/task.go:160.16,161.25 1 1
github.com/randalmurphal/orc/internal/task/task.go:161.25,163.4 1 1
github.com/randalmurphal/orc/internal/task/task.go:164.3,164.58 1 0
github.com/randalmurphal/orc/internal/task/task.go:167.2,168.32 2 1
github.com/randalmurphal/orc/internal/task/task.go:168.32,169.21 1 1
github.com/randalmurphal/orc/internal/task/task.go:169.21,170.12 1 1
github.com/randalmurphal/orc/internal/task/task.go:173.3,174.17 2 1
github.com/randalmurphal/orc/internal/task/task.go:174.17,175.12 1 0
github.com/randalmurphal/orc/internal/task/task.go:177.3,177.27 1 1
github.com/randalmurphal/orc/internal/task/task.go:181.2,181.40 1 1
github.com/randalmurphal/orc/internal/task/task.go:181.40,183.3 1 1
github.com/randalmurphal/orc/internal/task/task.go:185.2,185.19 1 1
github.com/randalmurphal/orc/internal/task/task.go:189.31,193.16 3 1
github.com/randalmurphal/orc/internal/task/task.go:193.16,194.25 1 0
github.com/randalmurphal/orc/internal/task/task.go:194.25,196.4 1 0
github.com/randalmurphal/orc/internal/task/task.go:197.3,197.57 1 0
github.com/randalmurphal/orc/internal/task/task.go:201.2,204.32 3 1
github.com/randalmurphal/orc/internal/task/task.go:204.32,205.21 1 1
github.com/randalmurphal/orc/internal/task/task.go:205.21,206.12 1 0
github.com/randalmurphal/orc/internal/task/task.go:209.3,210.24 2 1
github.com/randalmurphal/orc/internal/task/task.go:210.24,212.20 2 1
github.com/randalmurphal/orc/internal/task/task.go:212.20,214.5 1 1
github.com/randalmurphal/orc/internal/task/task.go:218.2,218.48 1 1
github.com/randalmurphal/orc/internal/task/task.go:222.32,224.2 1 1
github.com/randalmurphal/orc/internal/task/task.go:227.29,231.2 3 1
github.com/randalmurphal/orc/internal/task/task.go:235.30,237.16 2 1
github.com/randalmurphal/orc/internal/task/task.go:237.16,239.3 1 1
github.com/randalmurphal/orc/internal/task/task.go:241.2,241.31 1 1
github.com/randalmurphal/orc/internal/task/task.go:241.31,243.3 1 1
github.com/randalmurphal/orc/internal/task/task.go:245.2,246.30 2 1
github.com/randalmurphal/orc/internal/task/task.go:250.41,251.47 1 1
github.com/randalmurphal/orc/internal/task/task.go:251.47,253.3 1 0
github.com/randalmurphal/orc/internal/task/task.go:255.2,258.16 3 1
github.com/randalmurphal/orc/internal/task/task.go:258.16,260.3 1 0
github.com/randalmurphal/orc/internal/task/task.go:262.2,263.55 2 1
github.com/randalmurphal/orc/internal/task/task.go:263.55,265.3 1 0
github.com/randalmurphal/orc/internal/task/task.go:267.2,267.12 1 1
github.com/randalmurphal/orc/internal/task/task.go:271.52,273.16 2 1
github.com/randalmurphal/orc/internal/task/task.go:273.16,274.25 1 1
github.com/randalmurphal/orc/internal/task/task.go:274.25,276.4 1 1
github.com/randalmurphal/orc/internal/task/task.go:277.3,277.58 1 0
github.com/randalmurphal/orc/internal/task/task.go:280.2,281.32 2 1
github.com/randalmurphal/orc/internal/task/task.go:281.32,282.21 1 1
github.com/randalmurphal/orc/internal/task/task.go:282.21,283.12 1 0
github.com/randalmurphal/orc/internal/task/task.go:286.3,288.17 3 1
github.com/randalmurphal/orc/internal/task/task.go:288.17,289.12 1 1
github.com/randalmurphal/orc/internal/task/task.go:292.3,293.50 2 1
github.com/randalmurphal/orc/internal/task/task.go:293.50,294.12 1 1
github.com/randalmurphal/orc/internal/task/task.go:296.3,296.28 1 1
github.com/randalmurphal/orc/internal/task/task.go:299.2,299.40 1 1
github.com/randalmurphal/orc/internal/task/task.go:299.40,301.3 1 1
github.com/randalmurphal/orc/internal/task/task.go:303.2,303.19 1 1
github.com/randalmurphal/orc/internal/task/task.go:307.48,309.16 2 1
github.com/randalmurphal/orc/internal/task/task.go:309.16,310.25 1 1
github.com/randalmurphal/orc/internal/task/task.go:310.25,312.4 1 1
github.com/randalmurphal/orc/internal/task/task.go:313.3,313.57 1 0
github.com/randalmurphal/orc/internal/task/task.go:316.2,319.32 3 1
github.com/randalmurphal/orc/internal/task/task.go:319.32,320.21 1 1
github.com/randalmurphal/orc/internal/task/task.go:320.21,321.12 1 0
github.com/randalmurphal/orc/internal/task/task.go:324.3,325.24 2 1
github.com/randalmurphal/orc/internal/task/task.go:325.24,327.20 2 1
github.com/randalmurphal/orc/internal/task/task.go:327.20,329.5 1 1
github.com/randalmurphal/orc/internal/task/task.go:333.2,333.48 1 1
github.com/randalmurphal/orc/internal/events/publisher.go:31.47,32.34 1 1
github.com/randalmurphal/orc/internal/events/publisher.go:32.34,34.3 1 1
github.com/randalmurphal/orc/internal/events/publisher.go:38.67,43.27 2 1
github.com/randalmurphal/orc/internal/events/publisher.go:43.27,45.3 1 1
github.com/randalmurphal/orc/internal/events/publisher.go:46.2,46.10 1 1
github.com/randalmurphal/orc/internal/events/publisher.go:51.48,55.14 3 1
github.com/randalmurphal/orc/internal/events/publisher.go:55.14,57.3 1 1
github.com/randalmurphal/orc/internal/events/publisher.go:59.2,60.26 2 1
github.com/randalmurphal/orc/internal/events/publisher.go:60.26,61.10 1 1
github.com/randalmurphal/orc/internal/events/publisher.go:62.20,62.20 0 1
github.com/randalmurphal/orc/internal/events/publisher.go:63.11,63.11 0 1
github.com/randalmurphal/orc/internal/events/publisher.go:70.65,74.14 3 1
github.com/randalmurphal/orc/internal/events/publisher.go:74.14,79.3 3 1
github.com/randalmurphal/orc/internal/events/publisher.go:81.2,83.11 3 1
github.com/randalmurphal/orc/internal/events/publisher.go:87.71,92.27 4 1
github.com/randalmurphal/orc/internal/events/publisher.go:92.27,93.16 1 1
github.com/randalmurphal/orc/internal/events/publisher.go:93.16,98.9 3 1
github.com/randalmurphal/orc/internal/events/publisher.go:103.2,103.37 1 1
github.com/randalmurphal/orc/internal/events/publisher.go:103.37,105.3 1 1
github.com/randalmurphal/orc/internal/events/publisher.go:109.35,113.14 3 1
github.com/randalmurphal/orc/internal/events/publisher.go:113.14,115.3 1 0
github.com/randalmurphal/orc/internal/events/publisher.go:117.2,120.42 2 1
github.com/randalmurphal/orc/internal/events/publisher.go:120.42,121.27 1 1
github.com/randalmurphal/orc/internal/events/publisher.go:121.27,123.4 1 1
github.com/randalmurphal/orc/internal/events/publisher.go:124.3,124.32 1 1
github.com/randalmurphal/orc/internal/events/publisher.go:129.62,133.2 3 1
github.com/randalmurphal/orc/internal/events/publisher.go:136.43,140.2 3 1
github.com/randalmurphal/orc/internal/events/publisher.go:146.46,146.47 0 1
github.com/randalmurphal/orc/internal/events/publisher.go:149.62,153.2 3 1
github.com/randalmurphal/orc/internal/events/publisher.go:156.69,156.70 0 1
github.com/randalmurphal/orc/internal/events/publisher.go:159.33,159.34 0 1
github.com/randalmurphal/orc/internal/events/publisher.go:162.38,164.2 1 1
github.com/randalmurphal/orc/internal/events/types.go:35.67,42.2 1 1
github.com/randalmurphal/orc/internal/cli/commands.go:25.34,40.55 1 1
github.com/randalmurphal/orc/internal/cli/commands.go:40.55,43.45 2 0
github.com/randalmurphal/orc/internal/cli/commands.go:43.45,45.5 1 0
github.com/randalmurphal/orc/internal/cli/commands.go:48.4,49.18 2 0
github.com/randalmurphal/orc/internal/cli/commands.go:49.18,51.5 1 0
github.com/randalmurphal/orc/internal/cli/commands.go:53.4,54.18 2 0
github.com/randalmurphal/orc/internal/cli/commands.go:54.18,57.5 1 0
github.com/randalmurphal/orc/internal/cli/commands.go:57.10,59.5 1 0
github.com/randalmurphal/orc/internal/cli/commands.go:61.4,67.14 6 0
github.com/randalmurphal/orc/internal/cli/commands.go:70.2,71.12 2 1
github.com/randalmurphal/orc/internal/cli/commands.go:75.33,89.55 1 1
github.com/randalmurphal/orc/internal/cli/commands.go:89.55,90.47 1 0
github.com/randalmurphal/orc/internal/cli/commands.go:90.47,92.5 1 0
github.com/randalmurphal/orc/internal/cli/commands.go:94.4,100.18 5 0
github.com/randalmurphal/orc/internal/cli/commands.go:100.18,102.5 1 0
github.com/randalmurphal/orc/internal/cli/commands.go:105.4,106.25 2 0
github.com/randalmurphal/orc/internal/cli/commands.go:106.25,108.5 1 0
github.com/randalmurphal/orc/internal/cli/commands.go:111.4,111.20 1 0
github.com/randalmurphal/orc/internal/cli/commands.go:111.20,113.5 1 0
github.com/randalmurphal/orc/internal/cli/commands.go:113.10,117.5 1 0
github.com/randalmurphal/orc/internal/cli/commands.go:120.4,120.35 1 0
github.com/randalmurphal/orc/internal/cli/commands.go:120.35,122.5 1 0
github.com/randalmurphal/orc/internal/cli/commands.go:125.4,126.18 2 0
github.com/randalmurphal/orc/internal/cli/commands.go:126.18,138.5 2 0
github.com/randalmurphal/orc/internal/cli/commands.go:141.4,141.37 1 0
github.com/randalmurphal/orc/internal/cli/commands.go:141.37,143.5 1 0
github.com/randalmurphal/orc/internal/cli/commands.go:146.4,147.35 2 0
github.com/randalmurphal/orc/internal/cli/commands.go:147.35,149.5 1 0
github.com/randalmurphal/orc/internal/cli/commands.go:151.4,159.14 8 0
github.com/randalmurphal/orc/internal/cli/commands.go:162.2,164.12 3 1
github.com/randalmurphal/orc/internal/cli/commands.go:168.34,179.55 1 1
github.com/randalmurphal/orc/internal/cli/commands.go:179.55,180.47 1 0
github.com/randalmurphal/orc/internal/cli/commands.go:180.47,182.5 1 0
github.com/randalmurphal/orc/internal/cli/commands.go:184.4,185.18 2 0
github.com/randalmurphal/orc/internal/cli/commands.go:185.18,187.5 1 0
github.com/randalmurphal/orc/internal/cli/commands.go:189.4,189.23 1 0
github.com/randalmurphal/orc/internal/cli/commands.go:189.23,192.5 2 0
github.com/randalmurphal/orc/internal/cli/commands.go:195.4,199.28 4 0
github.com/randalmurphal/orc/internal/cli/commands.go:199.28,202.20 3 0
github.com/randalmurphal/orc/internal/cli/commands.go:202.20,204.6 1 0
github.com/randalmurphal/orc/internal/cli/commands.go:205.5,206.81 2 0
github.com/randalmurphal/orc/internal/cli/commands.go:209.4,210.14 2 0
github.com/randalmurphal/orc/internal/cli/commands.go:216.34,221.55 1 1
github.com/randalmurphal/orc/internal/cli/commands.go:221.55,222.47 1 0
github.com/randalmurphal/orc/internal/cli/commands.go:222.47,224.5 1 0
github.com/randalmurphal/orc/internal/cli/commands.go:226.4,229.18 3 0
github.com/randalmurphal/orc/internal/cli/commands.go:229.18,231.5 1 0
github.com/randalmurphal/orc/internal/cli/commands.go:233.4,244.26 9 0
github.com/randalmurphal/orc/internal/cli/commands.go:244.26,246.5 1 0
github.com/randalmurphal/orc/internal/cli/commands.go:247.4,247.28 1 0
github.com/randalmurphal/orc/internal/cli/commands.go:247.28,249.5 1 0
github.com/randalmurphal/orc/internal/cli/commands.go:251.4,251.27 1 0
github.com/randalmurphal/orc/internal/cli/commands.go:251.27,253.5 1 0
github.com/randalmurphal/orc/internal/cli/commands.go:256.4,256.37 1 0
github.com/randalmurphal/orc/internal/cli/commands.go:256.37,258.36 2 0
github.com/randalmurphal/orc/internal/cli/commands.go:258.36,261.31 3 0
github.com/randalmurphal/orc/internal/cli/commands.go:261.31,263.7 1 0
github.com/randalmurphal/orc/internal/cli/commands.go:264.6,264.19 1 0
github.com/randalmurphal/orc/internal/cli/commands.go:269.4,269.44 1 0
github.com/randalmurphal/orc/internal/cli/commands.go:269.44,271.5 1 0
github.com/randalmurphal/orc/internal/cli/commands.go:273.4,273.14 1 0
github.com/randalmurphal/orc/internal/cli/commands.go:279.33,299.55 1 1
github.com/randalmurphal/orc/internal/cli/commands.go:299.55,300.47 1 0
github.com/randalmurphal/orc/internal/cli/commands.go:300.47,302.5 1 0
github.com/randalmurphal/orc/internal/cli/commands.go:304.4,309.18 4 0
github.com/randalmurphal/orc/internal/cli/commands.go:309.18,311.5 1 0
github.com/randalmurphal/orc/internal/cli/commands.go:314.4,314.53 1 0
github.com/randalmurphal/orc/internal/cli/commands.go:314.53,316.5 1 0
github.com/randalmurphal/orc/internal/cli/commands.go:319.4,320.18 2 0
github.com/randalmurphal/orc/internal/cli/commands.go:320.18,322.5 1 0
github.com/randalmurphal/orc/internal/cli/commands.go:325.4,326.18 2 0
github.com/randalmurphal/orc/internal/cli/commands.go:326.18,328.5 1 0
github.com/randalmurphal/orc/internal/cli/commands.go:331.4,332.18 2 0
github.com/randalmurphal/orc/internal/cli/commands.go:332.18,334.5 1 0
github.com/randalmurphal/orc/internal/cli/commands.go:337.4,337.21 1 0
github.com/randalmurphal/orc/internal/cli/commands.go:337.21,339.5 1 0
github.com/randalmurphal/orc/internal/cli/commands.go:342.4,347.14 5 0
github.com/randalmurphal/orc/internal/cli/commands.go:347.14,351.5 3 0
github.com/randalmurphal/orc/internal/cli/commands.go:354.4,362.18 5 0
github.com/randalmurphal/orc/internal/cli/commands.go:362.18,363.25 1 0
github.com/randalmurphal/orc/internal/cli/commands.go:363.25,371.6 6 0
github.com/randalmurphal/orc/internal/cli/commands.go:372.5,373.15 2 0
github.com/randalmurphal/orc/internal/cli/commands.go:376.4,377.14 2 0
github.com/randalmurphal/orc/internal/cli/commands.go:380.2,383.12 4 1
github.com/randalmurphal/orc/internal/cli/commands.go:387.35,392.55 1 1
github.com/randalmurphal/orc/internal/cli/commands.go:392.55,393.47 1 0
github.com/randalmurphal/orc/internal/cli/commands.go:393.47,395.5 1 0
github.com/randalmurphal/orc/internal/cli/commands.go:397.4,400.18 3 0
github.com/randalmurphal/orc/internal/cli/commands.go:400.18,402.5 1 0
github.com/randalmurphal/orc/internal/cli/commands.go:404.4,404.38 1 0
github.com/randalmurphal/orc/internal/cli/commands.go:404.38,406.5 1 0
github.com/randalmurphal/orc/internal/cli/commands.go:408.4,409.35 2 0
github.com/randalmurphal/orc/internal/cli/commands.go:409.35,411.5 1 0
github.com/randalmurphal/orc/internal/cli/commands.go:413.4,415.14 3 0
github.com/randalmurphal/orc/internal/cli/commands.go:421.34,426.55 1 1
github.com/randalmurphal/orc/internal/cli/commands.go:426.55,427.47 1 0
github.com/randalmurphal/orc/internal/cli/commands.go:427.47,429.5 1 0
github.com/randalmurphal/orc/internal/cli/commands.go:431.4,434.18 3 0
github.com/randalmurphal/orc/internal/cli/commands.go:434.18,436.5 1 0
github.com/randalmurphal/orc/internal/cli/commands.go:438.4,438.40 1 0
github.com/randalmurphal/orc/internal/cli/commands.go:438.40,440.5 1 0
github.com/randalmurphal/orc/internal/cli/commands.go:442.4,443.35 2 0
github.com/randalmurphal/orc/internal/cli/commands.go:443.35,445.5 1 0
github.com/randalmurphal/orc/internal/cli/commands.go:447.4,448.14 2 0
github.com/randalmurphal/orc/internal/cli/commands.go:454.36,459.55 1 1
github.com/randalmurphal/orc/internal/cli/commands.go:459.55,460.47 1 0
github.com/randalmurphal/orc/internal/cli/commands.go:460.47,462.5 1 0
github.com/randalmurphal/orc/internal/cli/commands.go:464.4,467.18 3 0
github.com/randalmurphal/orc/internal/cli/commands.go:467.18,469.5 1 0
github.com/randalmurphal/orc/internal/cli/commands.go:471.4,471.71 1 0
github.com/randalmurphal/orc/internal/cli/commands.go:471.71,473.5 1 0
github.com/randalmurphal/orc/internal/cli/commands.go:475.4,476.18 2 0
github.com/randalmurphal/orc/internal/cli/commands.go:476.18,478.5 1 0
github.com/randalmurphal/orc/internal/cli/commands.go:480.4,481.18 2 0
github.com/randalmurphal/orc/internal/cli/commands.go:481.18,483.5 1 0
github.com/randalmurphal/orc/internal/cli/commands.go:485.4,486.18 2 0
github.com/randalmurphal/orc/internal/cli/commands.go:486.18,488.5 1 0
github.com/randalmurphal/orc/internal/cli/commands.go:491.4,496.14 5 0
github.com/randalmurphal/orc/internal/cli/commands.go:496.14,500.5 3 0
github.com/randalmurphal/orc/internal/cli/commands.go:502.4,509.25 5 0
github.com/randalmurphal/orc/internal/cli/commands.go:509.25,511.5 1 0
github.com/randalmurphal/orc/internal/cli/commands.go:512.4,512.25 1 0
github.com/randalmurphal/orc/internal/cli/commands.go:512.25,514.5 1 0
github.com/randalmurphal/orc/internal/cli/commands.go:516.4,517.18 2 0
github.com/randalmurphal/orc/internal/cli/commands.go:517.18,518.25 1 0
github.com/randalmurphal/orc/internal/cli/commands.go:518.25,521.6 2 0
github.com/randalmurphal/orc/internal/cli/commands.go:522.5,523.15 2 0
github.com/randalmurphal/orc/internal/cli/commands.go:526.4,527.14 2 0
github.com/randalmurphal/orc/internal/cli/commands.go:533.36,546.55 1 1
github.com/randalmurphal/orc/internal/cli/commands.go:546.55,547.47 1 0
github.com/randalmurphal/orc/internal/cli/commands.go:547.47,549.5 1 0
github.com/randalmurphal/orc/internal/cli/commands.go:551.4,554.21 3 0
github.com/randalmurphal/orc/internal/cli/commands.go:554.21,556.5 1 0
github.com/randalmurphal/orc/internal/cli/commands.go:559.4,560.18 2 0
github.com/randalmurphal/orc/internal/cli/commands.go:560.18,562.5 1 0
github.com/randalmurphal/orc/internal/cli/commands.go:564.4,565.20 2 0
github.com/randalmurphal/orc/internal/cli/commands.go:565.20,567.5 1 0
github.com/randalmurphal/orc/internal/cli/commands.go:569.4,569.29 1 0
github.com/randalmurphal/orc/internal/cli/commands.go:569.29,571.5 1 0
github.com/randalmurphal/orc/internal/cli/commands.go:573.4,579.36 6 0
github.com/randalmurphal/orc/internal/cli/commands.go:579.36,582.5 2 0
github.com/randalmurphal/orc/internal/cli/commands.go:585.4,586.18 2 0
github.com/randalmurphal/orc/internal/cli/commands.go:586.18,588.5 1 0
github.com/randalmurphal/orc/internal/cli/commands.go:591.4,592.28 2 0
github.com/randalmurphal/orc/internal/cli/commands.go:592.28,593.34 1 0
github.com/randalmurphal/orc/internal/cli/commands.go:593.34,597.14 4 0
github.com/randalmurphal/orc/internal/cli/commands.go:599.5,599.20 1 0
github.com/randalmurphal/orc/internal/cli/commands.go:599.20,602.41 3 0
github.com/randalmurphal/orc/internal/cli/commands.go:602.41,604.7 1 0
github.com/randalmurphal/orc/internal/cli/commands.go:609.4,609.37 1 0
github.com/randalmurphal/orc/internal/cli/commands.go:609.37,611.5 1 0
github.com/randalmurphal/orc/internal/cli/commands.go:612.4,612.35 1 0
github.com/randalmurphal/orc/internal/cli/commands.go:612.35,614.5 1 0
github.com/randalmurphal/orc/internal/cli/commands.go:616.4,618.14 3 0
github.com/randalmurphal/orc/internal/cli/commands.go:621.2,623.12 3 1
github.com/randalmurphal/orc/internal/cli/commands.go:627.36,635.55 1 1
github.com/randalmurphal/orc/internal/cli/commands.go:635.55,636.47 1 0
github.com/randalmurphal/orc/internal/cli/commands.go:636.47,638.5 1 0
github.com/randalmurphal/orc/internal/cli/commands.go:640.4,641.18 2 0
github.com/randalmurphal/orc/internal/cli/commands.go:641.18,643.5 1 0
github.com/randalmurphal/orc/internal/cli/commands.go:646.4,647.28 2 0
github.com/randalmurphal/orc/internal/cli/commands.go:647.28,648.21 1 0
github.com/randalmurphal/orc/internal/cli/commands.go:649.29,650.15 1 0
github.com/randalmurphal/orc/internal/cli/commands.go:651.28,652.14 1 0
github.com/randalmurphal/orc/internal/cli/commands.go:653.29,654.15 1 0
github.com/randalmurphal/orc/internal/cli/commands.go:655.31,656.17 1 0
github.com/randalmurphal/orc/internal/cli/commands.go:660.4,669.34 8 0
github.com/randalmurphal/orc/internal/cli/commands.go:669.34,671.29 2 0
github.com/randalmurphal/orc/internal/cli/commands.go:671.29,672.74 1 0
github.com/randalmurphal/orc/internal/cli/commands.go:672.74,674.7 1 0
github.com/randalmurphal/orc/internal/cli/commands.go:678.4,678.14 1 0
github.com/randalmurphal/orc/internal/cli/commands.go:684.33,689.55 1 1
github.com/randalmurphal/orc/internal/cli/commands.go:689.55,690.47 1 0
github.com/randalmurphal/orc/internal/cli/commands.go:690.47,692.5 1 0
github.com/randalmurphal/orc/internal/cli/commands.go:694.4,698.18 4 0
github.com/randalmurphal/orc/internal/cli/commands.go:698.18,699.27 1 0
github.com/randalmurphal/orc/internal/cli/commands.go:699.27,702.6 2 0
github.com/randalmurphal/orc/internal/cli/commands.go:703.5,703.51 1 0
github.com/randalmurphal/orc/internal/cli/commands.go:706.4,706.25 1 0
github.com/randalmurphal/orc/internal/cli/commands.go:706.25,709.5 2 0
github.com/randalmurphal/orc/internal/cli/commands.go:711.4,712.34 2 0
github.com/randalmurphal/orc/internal/cli/commands.go:712.34,714.5 1 0
github.com/randalmurphal/orc/internal/cli/commands.go:716.4,716.14 1 0
github.com/randalmurphal/orc/internal/cli/commands.go:722.34,727.55 1 1
github.com/randalmurphal/orc/internal/cli/commands.go:727.55,731.4 2 0
github.com/randalmurphal/orc/internal/cli/commands.go:736.37,741.55 1 1
github.com/randalmurphal/orc/internal/cli/commands.go:741.55,742.47 1 0
github.com/randalmurphal/orc/internal/cli/commands.go:742.47,744.5 1 0
github.com/randalmurphal/orc/internal/cli/commands.go:746.4,749.18 3 0
github.com/randalmurphal/orc/internal/cli/commands.go:749.18,751.5 1 0
github.com/randalmurphal/orc/internal/cli/commands.go:753.4,753.38 1 0
github.com/randalmurphal/orc/internal/cli/commands.go:753.38,755.5 1 0
github.com/randalmurphal/orc/internal/cli/commands.go:757.4,758.35 2 0
github.com/randalmurphal/orc/internal/cli/commands.go:758.35,760.5 1 0
github.com/randalmurphal/orc/internal/cli/commands.go:762.4,764.14 3 0
github.com/randalmurphal/orc/internal/cli/commands.go:770.36,775.55 1 1
github.com/randalmurphal/orc/internal/cli/commands.go:775.55,776.47 1 0
github.com/randalmurphal/orc/internal/cli/commands.go:776.47,778.5 1 0
github.com/randalmurphal/orc/internal/cli/commands.go:780.4,784.18 4 0
github.com/randalmurphal/orc/internal/cli/commands.go:784.18,786.5 1 0
github.com/randalmurphal/orc/internal/cli/commands.go:788.4,789.18 2 0
github.com/randalmurphal/orc/internal/cli/commands.go:789.18,791.5 1 0
github.com/randalmurphal/orc/internal/cli/commands.go:793.4,793.20 1 0
github.com/randalmurphal/orc/internal/cli/commands.go:793.20,795.5 1 0
github.com/randalmurphal/orc/internal/cli/commands.go:797.4,798.35 2 0
github.com/randalmurphal/orc/internal/cli/commands.go:798.35,800.5 1 0
github.com/randalmurphal/orc/internal/cli/commands.go:802.4,803.35 2 0
github.com/randalmurphal/orc/internal/cli/commands.go:803.35,805.5 1 0
github.com/randalmurphal/orc/internal/cli/commands.go:807.4,808.14 2 0
github.com/randalmurphal/orc/internal/cli/commands.go:811.2,812.12 2 1
github.com/randalmurphal/orc/internal/cli/commands.go:816.36,821.55 1 1
github.com/randalmurphal/orc/internal/cli/commands.go:821.55,825.4 2 0
github.com/randalmurphal/orc/internal/cli/commands.go:830.36,835.55 1 1
github.com/randalmurphal/orc/internal/cli/commands.go:835.55,839.4 2 0
github.com/randalmurphal/orc/internal/cli/commands.go:844.36,860.55 1 1
github.com/randalmurphal/orc/internal/cli/commands.go:860.55,861.47 1 0
github.com/randalmurphal/orc/internal/cli/commands.go:861.47,863.5 1 0
github.com/randalmurphal/orc/internal/cli/commands.go:865.4,866.18 2 0
github.com/randalmurphal/orc/internal/cli/commands.go:866.18,868.5 1 0
github.com/randalmurphal/orc/internal/cli/commands.go:870.4,870.22 1 0
github.com/randalmurphal/orc/internal/cli/commands.go:870.22,889.5 17 0
github.com/randalmurphal/orc/internal/cli/commands.go:892.4,892.22 1 0
github.com/randalmurphal/orc/internal/cli/commands.go:892.22,894.16 2 0
github.com/randalmurphal/orc/internal/cli/commands.go:895.20,897.39 2 0
github.com/randalmurphal/orc/internal/cli/commands.go:897.39,899.7 1 0
github.com/randalmurphal/orc/internal/cli/commands.go:900.6,900.47 1 0
github.com/randalmurphal/orc/internal/cli/commands.go:901.13,902.54 1 0
github.com/randalmurphal/orc/internal/cli/commands.go:904.5,904.15 1 0
github.com/randalmurphal/orc/internal/cli/commands.go:908.4,909.15 2 0
github.com/randalmurphal/orc/internal/cli/commands.go:910.19,911.29 1 0
github.com/randalmurphal/orc/internal/cli/commands.go:912.17,915.42 3 0
github.com/randalmurphal/orc/internal/cli/commands.go:915.42,917.49 2 0
github.com/randalmurphal/orc/internal/cli/commands.go:917.49,919.7 1 0
github.com/randalmurphal/orc/internal/cli/commands.go:921.17,924.36 3 0
github.com/randalmurphal/orc/internal/cli/commands.go:924.36,926.43 2 0
github.com/randalmurphal/orc/internal/cli/commands.go:926.43,928.7 1 0
github.com/randalmurphal/orc/internal/cli/commands.go:930.12,931.53 1 0
github.com/randalmurphal/orc/internal/cli/commands.go:933.4,933.14 1 0
github.com/randalmurphal/orc/internal/cli/commands.go:939.34,952.55 1 1
github.com/randalmurphal/orc/internal/cli/commands.go:952.55,953.47 1 0
github.com/randalmurphal/orc/internal/cli/commands.go:953.47,955.5 1 0
github.com/randalmurphal/orc/internal/cli/commands.go:957.4,961.21 4 0
github.com/randalmurphal/orc/internal/cli/commands.go:961.21,963.5 1 0
github.com/randalmurphal/orc/internal/cli/commands.go:966.4,967.18 2 0
github.com/randalmurphal/orc/internal/cli/commands.go:967.18,969.5 1 0
github.com/randalmurphal/orc/internal/cli/commands.go:972.4,973.20 2 0
github.com/randalmurphal/orc/internal/cli/commands.go:973.20,975.5 1 0
github.com/randalmurphal/orc/internal/cli/commands.go:977.4,977.43 1 0
github.com/randalmurphal/orc/internal/cli/commands.go:977.43,979.5 1 0
github.com/randalmurphal/orc/internal/cli/commands.go:981.4,984.37 2 0
github.com/randalmurphal/orc/internal/cli/commands.go:984.37,986.5 1 0
github.com/randalmurphal/orc/internal/cli/commands.go:989.4,990.30 2 0
github.com/randalmurphal/orc/internal/cli/commands.go:990.30,993.5 2 0
github.com/randalmurphal/orc/internal/cli/commands.go:995.4,996.20 2 0
github.com/randalmurphal/orc/internal/cli/commands.go:996.20,998.5 1 0
github.com/randalmurphal/orc/internal/cli/commands.go:999.4,1001.14 3 0
github.com/randalmurphal/orc/internal/cli/commands.go:1004.2,1007.12 4 1
github.com/randalmurphal/orc/internal/cli/commands.go:1011.37,1024.55 1 1
github.com/randalmurphal/orc/internal/cli/commands.go:1024.55,1025.47 1 0
github.com/randalmurphal/orc/internal/cli/commands.go:1025.47,1027.5 1 0
github.com/randalmurphal/orc/internal/cli/commands.go:1029.4,1034.18 5 0
github.com/randalmurphal/orc/internal/cli/commands.go:1034.18,1036.5 1 0
github.com/randalmurphal/orc/internal/cli/commands.go:1038.4,1039.28 2 0
github.com/randalmurphal/orc/internal/cli/commands.go:1039.28,1041.49 1 0
github.com/randalmurphal/orc/internal/cli/commands.go:1041.49,1042.14 1 0
github.com/randalmurphal/orc/internal/cli/commands.go:1046.5,1046.24 1 0
github.com/randalmurphal/orc/internal/cli/commands.go:1046.24,1048.20 2 0
github.com/randalmurphal/orc/internal/cli/commands.go:1048.20,1050.7 1 0
github.com/randalmurphal/orc/internal/cli/commands.go:1051.6,1051.44 1 0
github.com/randalmurphal/orc/internal/cli/commands.go:1051.44,1052.15 1 0
github.com/randalmurphal/orc/internal/cli/commands.go:1056.5,1056.33 1 0
github.com/randalmurphal/orc/internal/cli/commands.go:1059.4,1059.25 1 0
github.com/randalmurphal/orc/internal/cli/commands.go:1059.25,1062.5 2 0
github.com/randalmurphal/orc/internal/cli/commands.go:1064.4,1064.14 1 0
github.com/randalmurphal/orc/internal/cli/commands.go:1064.14,1066.31 2 0
github.com/randalmurphal/orc/internal/cli/commands.go:1066.31,1068.6 1 0
github.com/randalmurphal/orc/internal/cli/commands.go:1069.5,1069.15 1 0
github.com/randalmurphal/orc/internal/cli/commands.go:1072.4,1073.30 2 0
github.com/randalmurphal/orc/internal/cli/commands.go:1073.30,1076.49 2 0
github.com/randalmurphal/orc/internal/cli/commands.go:1076.49,1078.14 2 0
github.com/randalmurphal/orc/internal/cli/commands.go:1080.5,1080.43 1 0
github.com/randalmurphal/orc/internal/cli/commands.go:1083.4,1083.14 1 0
github.com/randalmurphal/orc/internal/cli/commands.go:1086.2,1089.12 4 1
github.com/randalmurphal/orc/internal/cli/commands.go:1093.37,1097.48 1 1
github.com/randalmurphal/orc/internal/cli/commands.go:1097.48,1099.4 1 0
github.com/randalmurphal/orc/internal/cli/commands.go:1104.38,1116.55 1 1
github.com/randalmurphal/orc/internal/cli/commands.go:1116.55,1118.18 2 0
github.com/randalmurphal/orc/internal/cli/commands.go:1118.18,1120.5 1 0
github.com/randalmurphal/orc/internal/cli/commands.go:1122.4,1122.26 1 0
github.com/randalmurphal/orc/internal/cli/commands.go:1122.26,1125.5 2 0
github.com/randalmurphal/orc/internal/cli/commands.go:1127.4,1127.15 1 0
github.com/randalmurphal/orc/internal/cli/commands.go:1127.15,1130.32 2 0
github.com/randalmurphal/orc/internal/cli/commands.go:1130.32,1132.30 2 0
github.com/randalmurphal/orc/internal/cli/commands.go:1132.30,1134.7 1 0
github.com/randalmurphal/orc/internal/cli/commands.go:1135.6,1136.35 1 0
github.com/randalmurphal/orc/internal/cli/commands.go:1138.5,1139.15 2 0
github.com/randalmurphal/orc/internal/cli/commands.go:1143.4,1145.31 3 0
github.com/randalmurphal/orc/internal/cli/commands.go:1145.31,1147.5 1 0
github.com/randalmurphal/orc/internal/cli/commands.go:1148.4,1150.14 2 0
github.com/randalmurphal/orc/internal/cli/commands.go:1153.2,1153.12 1 1
github.com/randalmurphal/orc/internal/cli/commands.go:1158.44,1159.16 1 1
github.com/randalmurphal/orc/internal/cli/commands.go:1160.26,1161.16 1 1
github.com/randalmurphal/orc/internal/cli/commands.go:1162.30,1163.16 1 1
github.com/randalmurphal/orc/internal/cli/commands.go:1164.26,1165.16 1 1
github.com/randalmurphal/orc/internal/cli/commands.go:1166.26,1167.15 1 1
github.com/randalmurphal/orc/internal/cli/commands.go:1168.25,1169.18 1 1
github.com/randalmurphal/orc/internal/cli/commands.go:1170.26,1171.16 1 1
github.com/randalmurphal/orc/internal/cli/commands.go:1172.28,1173.15 1 1
github.com/randalmurphal/orc/internal/cli/commands.go:1174.25,1175.15 1 1
github.com/randalmurphal/orc/internal/cli/commands.go:1176.10,1177.15 1 1
github.com/randalmurphal/orc/internal/cli/commands.go:1181.54,1182.16 1 1
github.com/randalmurphal/orc/internal/cli/commands.go:1183.25,1184.15 1 1
github.com/randalmurphal/orc/internal/cli/commands.go:1185.25,1186.15 1 1
github.com/randalmurphal/orc/internal/cli/commands.go:1187.27,1188.15 1 1
github.com/randalmurphal/orc/internal/cli/commands.go:1189.24,1190.15 1 1
github.com/randalmurphal/orc/internal/cli/commands.go:1191.25,1192.15 1 1
github.com/randalmurphal/orc/internal/cli/commands.go:1193.10,1194.13 1 1
github.com/randalmurphal/orc/internal/cli/commands.go:1198.44,1199.22 1 1
github.com/randalmurphal/orc/internal/cli/commands.go:1199.22,1201.3 1 1
github.com/randalmurphal/orc/internal/cli/commands.go:1202.2,1202.29 1 1
github.com/randalmurphal/orc/internal/cli/root.go:41.22,43.2 1 0
github.com/randalmurphal/orc/internal/cli/root.go:45.13,77.2 27 1
github.com/randalmurphal/orc/internal/cli/root.go:80.19,81.19 1 0
github.com/randalmurphal/orc/internal/cli/root.go:81.19,83.3 1 0
github.com/randalmurphal/orc/internal/cli/root.go:83.8,89.3 4 0
github.com/randalmurphal/orc/internal/cli/root.go:91.2,94.45 3 0
github.com/randalmurphal/orc/internal/cli/root.go:94.45,95.14 1 0
github.com/randalmurphal/orc/internal/cli/root.go:95.14,97.4 1 0
github.com/randalmurphal/orc/internal/cli/serve.go:16.35,30.55 1 1
github.com/randalmurphal/orc/internal/cli/serve.go:30.55,50.14 11 0
github.com/randalmurphal/orc/internal/cli/serve.go:50.14,54.5 3 0
github.com/randalmurphal/orc/internal/cli/serve.go:56.4,56.35 1 0
github.com/randalmurphal/orc/internal/cli/serve.go:60.2,62.12 2 1
github.com/randalmurphal/orc/internal/cli/signals.go:17.65,23.12 4 1
github.com/randalmurphal/orc/internal/cli/signals.go:23.12,32.3 6 1
github.com/randalmurphal/orc/internal/cli/signals.go:34.2,34.20 1 1
github.com/randalmurphal/orc/internal/cli/signals.go:38.73,42.33 2 1
github.com/randalmurphal/orc/internal/cli/signals.go:42.33,44.3 1 0
github.com/randalmurphal/orc/internal/cli/signals.go:47.2,48.33 2 1
github.com/randalmurphal/orc/internal/cli/signals.go:48.33,50.3 1 0
github.com/randalmurphal/orc/internal/cli/signals.go:52.2,53.12 2 1
github.com/randalmurphal/orc/internal/cli/signals.go:66.74,74.2 2 1
github.com/randalmurphal/orc/internal/cli/signals.go:77.54,79.2 1 1
github.com/randalmurphal/orc/internal/cli/signals.go:82.58,84.2 1 1
github.com/randalmurphal/orc/internal/cli/signals.go:87.38,88.45 1 1
github.com/randalmurphal/orc/internal/cli/signals.go:88.45,90.3 1 1
github.com/randalmurphal/orc/internal/cli/signals.go:91.2,91.12 1 1
github.com/randalmurphal/orc/internal/cli/signals.go:95.50,97.2 1 1
github.com/randalmurphal/orc/internal/cli/signals.go:100.66,101.9 1 1
github.com/randalmurphal/orc/internal/cli/signals.go:102.20,103.19 1 1
github.com/randalmurphal/orc/internal/cli/signals.go:104.23,105.13 1 1
github.com/randalmurphal/orc/internal/git/git.go:38.29,44.2 1 1
github.com/randalmurphal/orc/internal/git/git.go:47.52,49.16 2 1
github.com/randalmurphal/orc/internal/git/git.go:49.16,51.3 1 1
github.com/randalmurphal/orc/internal/git/git.go:53.2,58.8 1 1
github.com/randalmurphal/orc/internal/git/git.go:62.48,64.2 1 1
github.com/randalmurphal/orc/internal/git/git.go:69.73,76.56 5 1
github.com/randalmurphal/orc/internal/git/git.go:76.56,78.3 1 0
github.com/randalmurphal/orc/internal/git/git.go:82.2,83.16 2 1
github.com/randalmurphal/orc/internal/git/git.go:83.16,86.17 2 0
github.com/randalmurphal/orc/internal/git/git.go:86.17,88.4 1 0
github.com/randalmurphal/orc/internal/git/git.go:91.2,91.26 1 1
github.com/randalmurphal/orc/internal/git/git.go:95.52,100.60 4 1
github.com/randalmurphal/orc/internal/git/git.go:100.60,102.3 1 1
github.com/randalmurphal/orc/internal/git/git.go:104.2,104.12 1 1
github.com/randalmurphal/orc/internal/git/git.go:108.50,112.2 3 1
github.com/randalmurphal/orc/internal/git/git.go:115.52,122.2 1 1
github.com/randalmurphal/orc/internal/git/git.go:125.84,127.41 1 1
github.com/randalmurphal/orc/internal/git/git.go:127.41,129.3 1 0
github.com/randalmurphal/orc/internal/git/git.go:132.2,136.16 3 1
github.com/randalmurphal/orc/internal/git/git.go:136.16,138.39 1 1
github.com/randalmurphal/orc/internal/git/git.go:138.39,139.92 1 1
github.com/randalmurphal/orc/internal/git/git.go:139.92,141.5 1 0
github.com/randalmurphal/orc/internal/git/git.go:142.9,144.4 1 0
github.com/randalmurphal/orc/internal/git/git.go:148.2,149.16 2 1
github.com/randalmurphal/orc/internal/git/git.go:149.16,151.3 1 0
github.com/randalmurphal/orc/internal/git/git.go:153.2,159.8 1 1
github.com/randalmurphal/orc/internal/git/git.go:163.49,165.55 2 1
github.com/randalmurphal/orc/internal/git/git.go:165.55,167.3 1 0
github.com/randalmurphal/orc/internal/git/git.go:168.2,168.35 1 1
github.com/randalmurphal/orc/internal/git/git.go:172.49,175.2 2 1
github.com/randalmurphal/orc/internal/git/git.go:178.46,180.16 2 1
github.com/randalmurphal/orc/internal/git/git.go:180.16,182.3 1 0
github.com/randalmurphal/orc/internal/git/git.go:183.2,183.12 1 1
github.com/randalmurphal/orc/internal/git/git.go:187.50,189.2 1 1
github.com/randalmurphal/orc/internal/git/git.go:192.39,194.2 1 1
github.com/randalmurphal/orc/internal/git/git.go:197.42,199.2 1 0
github.com/randalmurphal/orc/internal/git/git.go:202.43,205.2 2 0
github.com/randalmurphal/orc/internal/git/git.go:208.67,210.2 1 0
github.com/randalmurphal/orc/internal/git/git.go:213.53,215.10 2 0
github.com/randalmurphal/orc/internal/git/git.go:215.10,217.3 1 0
github.com/randalmurphal/orc/internal/git/git.go:218.2,220.12 3 0
github.com/randalmurphal/orc/internal/git/git.go:224.61,226.2 1 0
github.com/randalmurphal/orc/internal/git/git.go:229.46,231.2 1 0
github.com/randalmurphal/orc/internal/git/git.go:234.41,236.2 1 0
github.com/randalmurphal/orc/internal/api/server.go:62.30,67.2 1 1
github.com/randalmurphal/orc/internal/api/server.go:70.31,71.16 1 1
github.com/randalmurphal/orc/internal/api/server.go:71.16,73.3 1 1
github.com/randalmurphal/orc/internal/api/server.go:76.2,77.19 2 1
github.com/randalmurphal/orc/internal/api/server.go:77.19,79.3 1 1
github.com/randalmurphal/orc/internal/api/server.go:82.2,97.10 5 1
github.com/randalmurphal/orc/internal/api/server.go:101.35,103.52 1 1
github.com/randalmurphal/orc/internal/api/server.go:103.52,104.55 1 1
github.com/randalmurphal/orc/internal/api/server.go:104.55,108.29 4 1
github.com/randalmurphal/orc/internal/api/server.go:108.29,111.5 2 0
github.com/randalmurphal/orc/internal/api/server.go:112.4,112.11 1 1
github.com/randalmurphal/orc/internal/api/server.go:117.2,218.112 70 1
github.com/randalmurphal/orc/internal/api/server.go:222.32,225.2 2 0
github.com/randalmurphal/orc/internal/api/server.go:228.58,234.12 2 0
github.com/randalmurphal/orc/internal/api/server.go:234.12,239.3 4 0
github.com/randalmurphal/orc/internal/api/server.go:241.2,242.32 2 0
github.com/randalmurphal/orc/internal/api/server.go:246.54,250.43 3 1
github.com/randalmurphal/orc/internal/api/server.go:250.43,251.10 1 1
github.com/randalmurphal/orc/internal/api/server.go:252.20,252.20 0 1
github.com/randalmurphal/orc/internal/api/server.go:253.11,253.11 0 1
github.com/randalmurphal/orc/internal/api/server.go:260.71,262.2 1 1
github.com/randalmurphal/orc/internal/api/server.go:265.74,267.16 2 1
github.com/randalmurphal/orc/internal/api/server.go:267.16,270.3 2 0
github.com/randalmurphal/orc/internal/api/server.go:273.2,273.18 1 1
github.com/randalmurphal/orc/internal/api/server.go:273.18,275.3 1 1
github.com/randalmurphal/orc/internal/api/server.go:278.2,282.37 3 1
github.com/randalmurphal/orc/internal/api/server.go:282.37,285.3 2 1
github.com/randalmurphal/orc/internal/api/server.go:288.2,290.19 3 1
github.com/randalmurphal/orc/internal/api/server.go:290.19,291.63 1 1
github.com/randalmurphal/orc/internal/api/server.go:291.63,293.4 1 1
github.com/randalmurphal/orc/internal/api/server.go:295.2,295.20 1 1
github.com/randalmurphal/orc/internal/api/server.go:295.20,296.76 1 1
github.com/randalmurphal/orc/internal/api/server.go:296.76,298.4 1 1
github.com/randalmurphal/orc/internal/api/server.go:302.2,308.20 5 1
github.com/randalmurphal/orc/internal/api/server.go:308.20,311.3 2 0
github.com/randalmurphal/orc/internal/api/server.go:312.2,312.17 1 1
github.com/randalmurphal/orc/internal/api/server.go:312.17,314.3 1 0
github.com/randalmurphal/orc/internal/api/server.go:316.2,324.4 2 1
github.com/randalmurphal/orc/internal/api/server.go:328.46,330.25 2 1
github.com/randalmurphal/orc/internal/api/server.go:330.25,332.3 1 0
github.com/randalmurphal/orc/internal/api/server.go:333.2,333.15 1 1
github.com/randalmurphal/orc/internal/api/server.go:337.75,344.61 2 1
github.com/randalmurphal/orc/internal/api/server.go:344.61,347.3 2 1
github.com/randalmurphal/orc/internal/api/server.go:349.2,349.21 1 1
github.com/randalmurphal/orc/internal/api/server.go:349.21,352.3 2 1
github.com/randalmurphal/orc/internal/api/server.go:354.2,355.16 2 1
github.com/randalmurphal/orc/internal/api/server.go:355.16,358.3 2 0
github.com/randalmurphal/orc/internal/api/server.go:360.2,362.22 3 1
github.com/randalmurphal/orc/internal/api/server.go:362.22,364.3 1 1
github.com/randalmurphal/orc/internal/api/server.go:364.8,367.3 1 1
github.com/randalmurphal/orc/internal/api/server.go:369.2,369.33 1 1
github.com/randalmurphal/orc/internal/api/server.go:369.33,372.3 2 0
github.com/randalmurphal/orc/internal/api/server.go:375.2,376.16 2 1
github.com/randalmurphal/orc/internal/api/server.go:376.16,387.3 1 0
github.com/randalmurphal/orc/internal/api/server.go:390.2,390.35 1 1
github.com/randalmurphal/orc/internal/api/server.go:390.35,393.3 2 0
github.com/randalmurphal/orc/internal/api/server.go:396.2,397.33 2 1
github.com/randalmurphal/orc/internal/api/server.go:397.33,400.3 2 0
github.com/randalmurphal/orc/internal/api/server.go:402.2,403.22 2 1
github.com/randalmurphal/orc/internal/api/server.go:407.72,410.16 3 1
github.com/randalmurphal/orc/internal/api/server.go:410.16,413.3 2 1
github.com/randalmurphal/orc/internal/api/server.go:415.2,415.22 1 1
github.com/randalmurphal/orc/internal/api/server.go:419.75,424.16 3 1
github.com/randalmurphal/orc/internal/api/server.go:424.16,427.3 2 1
github.com/randalmurphal/orc/internal/api/server.go:429.2,429.36 1 1
github.com/randalmurphal/orc/internal/api/server.go:429.36,432.3 2 1
github.com/randalmurphal/orc/internal/api/server.go:435.2,435.40 1 1
github.com/randalmurphal/orc/internal/api/server.go:435.40,438.3 2 0
github.com/randalmurphal/orc/internal/api/server.go:440.2,440.37 1 1
github.com/randalmurphal/orc/internal/api/server.go:444.73,447.16 3 0
github.com/randalmurphal/orc/internal/api/server.go:447.16,450.3 2 0
github.com/randalmurphal/orc/internal/api/server.go:452.2,452.23 1 0
github.com/randalmurphal/orc/internal/api/server.go:456.72,459.16 3 1
github.com/randalmurphal/orc/internal/api/server.go:459.16,462.3 2 0
github.com/randalmurphal/orc/internal/api/server.go:464.2,464.22 1 1
github.com/randalmurphal/orc/internal/api/server.go:468.79,472.22 2 1
github.com/randalmurphal/orc/internal/api/server.go:472.22,475.3 2 0
github.com/randalmurphal/orc/internal/api/server.go:478.2,480.16 3 1
github.com/randalmurphal/orc/internal/api/server.go:480.16,484.3 2 0
github.com/randalmurphal/orc/internal/api/server.go:486.2,487.32 2 1
github.com/randalmurphal/orc/internal/api/server.go:487.32,488.63 1 1
github.com/randalmurphal/orc/internal/api/server.go:488.63,489.12 1 0
github.com/randalmurphal/orc/internal/api/server.go:492.3,493.17 2 1
github.com/randalmurphal/orc/internal/api/server.go:493.17,494.12 1 0
github.com/randalmurphal/orc/internal/api/server.go:497.3,502.5 2 1
github.com/randalmurphal/orc/internal/api/server.go:506.2,506.24 1 1
github.com/randalmurphal/orc/internal/api/server.go:506.24,508.3 1 1
github.com/randalmurphal/orc/internal/api/server.go:510.2,510.32 1 1
github.com/randalmurphal/orc/internal/api/server.go:514.72,517.16 3 1
github.com/randalmurphal/orc/internal/api/server.go:517.16,520.3 2 0
github.com/randalmurphal/orc/internal/api/server.go:522.2,522.17 1 1
github.com/randalmurphal/orc/internal/api/server.go:522.17,525.3 2 1
github.com/randalmurphal/orc/internal/api/server.go:528.2,529.16 2 1
github.com/randalmurphal/orc/internal/api/server.go:529.16,532.3 2 1
github.com/randalmurphal/orc/internal/api/server.go:534.2,535.16 2 0
github.com/randalmurphal/orc/internal/api/server.go:535.16,538.3 1 0
github.com/randalmurphal/orc/internal/api/server.go:541.2,549.12 5 0
github.com/randalmurphal/orc/internal/api/server.go:549.12,550.16 1 0
github.com/randalmurphal/orc/internal/api/server.go:550.16,554.4 3 0
github.com/randalmurphal/orc/internal/api/server.go:556.3,561.17 4 0
github.com/randalmurphal/orc/internal/api/server.go:561.17,564.4 2 0
github.com/randalmurphal/orc/internal/api/server.go:564.9,567.4 2 0
github.com/randalmurphal/orc/internal/api/server.go:570.3,570.52 1 0
github.com/randalmurphal/orc/internal/api/server.go:570.52,572.4 1 0
github.com/randalmurphal/orc/internal/api/server.go:575.2,575.74 1 0
github.com/randalmurphal/orc/internal/api/server.go:579.74,582.16 3 1
github.com/randalmurphal/orc/internal/api/server.go:582.16,585.3 2 1
github.com/randalmurphal/orc/internal/api/server.go:587.2,588.33 2 1
github.com/randalmurphal/orc/internal/api/server.go:588.33,591.3 2 0
github.com/randalmurphal/orc/internal/api/server.go:593.2,593.73 1 1
github.com/randalmurphal/orc/internal/api/server.go:597.75,600.16 3 1
github.com/randalmurphal/orc/internal/api/server.go:600.16,603.3 2 1
github.com/randalmurphal/orc/internal/api/server.go:605.2,606.33 2 1
github.com/randalmurphal/orc/internal/api/server.go:606.33,609.3 2 0
github.com/randalmurphal/orc/internal/api/server.go:611.2,611.74 1 1
github.com/randalmurphal/orc/internal/api/server.go:615.71,619.22 2 1
github.com/randalmurphal/orc/internal/api/server.go:619.22,622.3 2 1
github.com/randalmurphal/orc/internal/api/server.go:625.2,638.15 9 0
github.com/randalmurphal/orc/internal/api/server.go:638.15,641.28 3 0
github.com/randalmurphal/orc/internal/api/server.go:641.28,642.17 1 0
github.com/randalmurphal/orc/internal/api/server.go:642.17,644.10 2 0
github.com/randalmurphal/orc/internal/api/server.go:647.3,648.12 2 0
github.com/randalmurphal/orc/internal/api/server.go:652.2,652.43 1 0
github.com/randalmurphal/orc/internal/api/server.go:652.43,656.3 3 0
github.com/randalmurphal/orc/internal/api/server.go:659.2,659.6 1 0
github.com/randalmurphal/orc/internal/api/server.go:659.6,660.10 1 0
github.com/randalmurphal/orc/internal/api/server.go:661.29,662.10 1 0
github.com/randalmurphal/orc/internal/api/server.go:663.22,666.28 3 0
github.com/randalmurphal/orc/internal/api/server.go:672.74,674.16 2 1
github.com/randalmurphal/orc/internal/api/server.go:674.16,676.3 1 0
github.com/randalmurphal/orc/internal/api/server.go:678.2,696.4 1 1
github.com/randalmurphal/orc/internal/api/server.go:719.77,721.61 2 1
github.com/randalmurphal/orc/internal/api/server.go:721.61,724.3 2 1
github.com/randalmurphal/orc/internal/api/server.go:727.2,728.16 2 1
github.com/randalmurphal/orc/internal/api/server.go:728.16,730.3 1 0
github.com/randalmurphal/orc/internal/api/server.go:733.2,733.23 1 1
github.com/randalmurphal/orc/internal/api/server.go:733.23,736.3 2 1
github.com/randalmurphal/orc/internal/api/server.go:739.2,739.27 1 1
github.com/randalmurphal/orc/internal/api/server.go:739.27,740.40 1 1
github.com/randalmurphal/orc/internal/api/server.go:740.40,742.4 1 1
github.com/randalmurphal/orc/internal/api/server.go:743.3,743.41 1 1
github.com/randalmurphal/orc/internal/api/server.go:743.41,745.4 1 1
github.com/randalmurphal/orc/internal/api/server.go:746.3,746.37 1 1
github.com/randalmurphal/orc/internal/api/server.go:746.37,748.4 1 1
github.com/randalmurphal/orc/internal/api/server.go:752.2,752.26 1 1
github.com/randalmurphal/orc/internal/api/server.go:752.26,753.32 1 1
github.com/randalmurphal/orc/internal/api/server.go:753.32,755.4 1 1
github.com/randalmurphal/orc/internal/api/server.go:756.3,756.41 1 1
github.com/randalmurphal/orc/internal/api/server.go:756.41,758.4 1 1
github.com/randalmurphal/orc/internal/api/server.go:759.3,759.34 1 1
github.com/randalmurphal/orc/internal/api/server.go:759.34,760.71 1 1
github.com/randalmurphal/orc/internal/api/server.go:760.71,762.5 1 1
github.com/randalmurphal/orc/internal/api/server.go:767.2,767.20 1 1
github.com/randalmurphal/orc/internal/api/server.go:767.20,768.33 1 1
github.com/randalmurphal/orc/internal/api/server.go:768.33,770.4 1 1
github.com/randalmurphal/orc/internal/api/server.go:771.3,771.33 1 1
github.com/randalmurphal/orc/internal/api/server.go:771.33,773.4 1 1
github.com/randalmurphal/orc/internal/api/server.go:777.2,777.35 1 1
github.com/randalmurphal/orc/internal/api/server.go:777.35,780.3 2 0
github.com/randalmurphal/orc/internal/api/server.go:783.2,801.4 1 1
github.com/randalmurphal/orc/internal/api/server.go:805.77,807.16 2 0
github.com/randalmurphal/orc/internal/api/server.go:807.16,810.3 2 0
github.com/randalmurphal/orc/internal/api/server.go:813.2,813.21 1 0
github.com/randalmurphal/orc/internal/api/server.go:813.21,815.3 1 0
github.com/randalmurphal/orc/internal/api/server.go:817.2,817.29 1 0
github.com/randalmurphal/orc/internal/api/server.go:821.75,825.16 3 0
github.com/randalmurphal/orc/internal/api/server.go:825.16,828.3 2 0
github.com/randalmurphal/orc/internal/api/server.go:830.2,831.16 2 0
github.com/randalmurphal/orc/internal/api/server.go:831.16,834.3 2 0
github.com/randalmurphal/orc/internal/api/server.go:836.2,836.25 1 0
github.com/randalmurphal/orc/internal/api/server.go:840.81,844.16 3 0
github.com/randalmurphal/orc/internal/api/server.go:844.16,847.3 2 0
github.com/randalmurphal/orc/internal/api/server.go:849.2,850.16 2 0
github.com/randalmurphal/orc/internal/api/server.go:850.16,853.3 2 0
github.com/randalmurphal/orc/internal/api/server.go:856.2,858.16 3 0
github.com/randalmurphal/orc/internal/api/server.go:858.16,862.3 2 0
github.com/randalmurphal/orc/internal/api/server.go:864.2,864.18 1 0
github.com/randalmurphal/orc/internal/api/server.go:864.18,866.3 1 0
github.com/randalmurphal/orc/internal/api/server.go:868.2,868.26 1 0
github.com/randalmurphal/orc/internal/api/server.go:872.82,876.16 3 0
github.com/randalmurphal/orc/internal/api/server.go:876.16,879.3 2 0
github.com/randalmurphal/orc/internal/api/server.go:881.2,882.16 2 0
github.com/randalmurphal/orc/internal/api/server.go:882.16,885.3 2 0
github.com/randalmurphal/orc/internal/api/server.go:887.2,893.61 2 0
github.com/randalmurphal/orc/internal/api/server.go:893.61,896.3 2 0
github.com/randalmurphal/orc/internal/api/server.go:898.2,898.21 1 0
github.com/randalmurphal/orc/internal/api/server.go:898.21,901.3 2 0
github.com/randalmurphal/orc/internal/api/server.go:904.2,905.16 2 0
github.com/randalmurphal/orc/internal/api/server.go:905.16,908.3 2 0
github.com/randalmurphal/orc/internal/api/server.go:910.2,912.22 3 0
github.com/randalmurphal/orc/internal/api/server.go:912.22,914.3 1 0
github.com/randalmurphal/orc/internal/api/server.go:914.8,916.3 1 0
github.com/randalmurphal/orc/internal/api/server.go:919.2,919.80 1 0
github.com/randalmurphal/orc/internal/api/server.go:919.80,922.3 2 0
github.com/randalmurphal/orc/internal/api/server.go:925.2,926.16 2 0
github.com/randalmurphal/orc/internal/api/server.go:926.16,936.3 1 0
github.com/randalmurphal/orc/internal/api/server.go:939.2,939.80 1 0
github.com/randalmurphal/orc/internal/api/server.go:939.80,942.3 2 0
github.com/randalmurphal/orc/internal/api/server.go:944.2,945.80 2 0
github.com/randalmurphal/orc/internal/api/server.go:945.80,948.3 2 0
github.com/randalmurphal/orc/internal/api/server.go:950.2,951.22 2 0
github.com/randalmurphal/orc/internal/api/server.go:955.79,960.16 4 1
github.com/randalmurphal/orc/internal/api/server.go:960.16,963.3 2 1
github.com/randalmurphal/orc/internal/api/server.go:965.2,966.16 2 1
github.com/randalmurphal/orc/internal/api/server.go:966.16,969.3 2 1
github.com/randalmurphal/orc/internal/api/server.go:971.2,971.22 1 0
github.com/randalmurphal/orc/internal/api/server.go:975.82,980.16 4 0
github.com/randalmurphal/orc/internal/api/server.go:980.16,983.3 2 0
github.com/randalmurphal/orc/internal/api/server.go:985.2,986.16 2 0
github.com/randalmurphal/orc/internal/api/server.go:986.16,989.3 2 0
github.com/randalmurphal/orc/internal/api/server.go:991.2,991.36 1 0
github.com/randalmurphal/orc/internal/api/server.go:991.36,994.3 2 0
github.com/randalmurphal/orc/internal/api/server.go:996.2,997.46 2 0
github.com/randalmurphal/orc/internal/api/server.go:997.46,1000.3 2 0
github.com/randalmurphal/orc/internal/api/server.go:1002.2,1002.37 1 0
github.com/randalmurphal/orc/internal/api/server.go:1006.79,1013.16 5 0
github.com/randalmurphal/orc/internal/api/server.go:1013.16,1016.3 2 0
github.com/randalmurphal/orc/internal/api/server.go:1018.2,1021.16 3 0
github.com/randalmurphal/orc/internal/api/server.go:1021.16,1024.3 2 0
github.com/randalmurphal/orc/internal/api/server.go:1026.2,1028.17 2 0
github.com/randalmurphal/orc/internal/api/server.go:1028.17,1031.3 2 0
github.com/randalmurphal/orc/internal/api/server.go:1034.2,1036.16 3 0
github.com/randalmurphal/orc/internal/api/server.go:1036.16,1039.3 2 0
github.com/randalmurphal/orc/internal/api/server.go:1040.2,1041.53 2 0
github.com/randalmurphal/orc/internal/api/server.go:1041.53,1044.3 2 0
github.com/randalmurphal/orc/internal/api/server.go:1047.2,1049.58 3 0
github.com/randalmurphal/orc/internal/api/server.go:1049.58,1051.3 1 0
github.com/randalmurphal/orc/internal/api/server.go:1051.8,1060.3 1 0
github.com/randalmurphal/orc/internal/api/server.go:1063.2,1068.43 6 0
github.com/randalmurphal/orc/internal/api/server.go:1068.43,1071.3 2 0
github.com/randalmurphal/orc/internal/api/server.go:1074.2,1083.12 6 0
github.com/randalmurphal/orc/internal/api/server.go:1083.12,1084.16 1 0
github.com/randalmurphal/orc/internal/api/server.go:1084.16,1088.4 3 0
github.com/randalmurphal/orc/internal/api/server.go:1090.3,1095.59 5 0
github.com/randalmurphal/orc/internal/api/server.go:1095.59,1098.4 2 0
github.com/randalmurphal/orc/internal/api/server.go:1098.9,1101.4 2 0
github.com/randalmurphal/orc/internal/api/server.go:1104.2,1107.4 1 0
github.com/randalmurphal/orc/internal/api/server.go:1111.81,1116.16 4 1
github.com/randalmurphal/orc/internal/api/server.go:1116.16,1119.3 2 0
github.com/randalmurphal/orc/internal/api/server.go:1121.2,1122.16 2 1
github.com/randalmurphal/orc/internal/api/server.go:1122.16,1125.3 2 0
github.com/randalmurphal/orc/internal/api/server.go:1127.2,1127.36 1 1
github.com/randalmurphal/orc/internal/api/server.go:1127.36,1130.3 2 1
github.com/randalmurphal/orc/internal/api/server.go:1133.2,1136.13 4 1
github.com/randalmurphal/orc/internal/api/server.go:1136.13,1139.3 2 0
github.com/randalmurphal/orc/internal/api/server.go:1142.2,1144.42 3 1
github.com/randalmurphal/orc/internal/api/server.go:1144.42,1147.3 2 0
github.com/randalmurphal/orc/internal/api/server.go:1150.2,1151.58 2 1
github.com/randalmurphal/orc/internal/api/server.go:1151.58,1153.56 2 1
[...]
github.com/randalmurphal/orc/internal/executor/executor.go:296.2,296.39 1 0
github.com/randalmurphal/orc/internal/executor/executor.go:296.39,298.3 1 0
github.com/randalmurphal/orc/internal/executor/executor.go:300.2,300.47 1 0
github.com/randalmurphal/orc/internal/executor/executor.go:304.48,305.24 1 1
github.com/randalmurphal/orc/internal/executor/executor.go:305.24,307.3 1 1
github.com/randalmurphal/orc/internal/executor/executor.go:311.60,316.2 1 1
github.com/randalmurphal/orc/internal/executor/executor.go:319.74,325.2 1 1
github.com/randalmurphal/orc/internal/executor/executor.go:328.72,330.16 2 1
github.com/randalmurphal/orc/internal/executor/executor.go:330.16,332.3 1 1
github.com/randalmurphal/orc/internal/executor/executor.go:333.2,337.5 1 1
github.com/randalmurphal/orc/internal/executor/executor.go:341.100,349.2 1 1
github.com/randalmurphal/orc/internal/executor/executor.go:352.82,359.2 1 1
github.com/randalmurphal/orc/internal/executor/executor.go:362.76,368.2 1 1
github.com/randalmurphal/orc/internal/executor/executor.go:371.64,373.2 1 1
github.com/randalmurphal/orc/internal/executor/executor.go:376.116,398.21 12 1
github.com/randalmurphal/orc/internal/executor/executor.go:398.21,399.53 1 0
github.com/randalmurphal/orc/internal/executor/executor.go:399.53,401.4 1 0
github.com/randalmurphal/orc/internal/executor/executor.go:404.2,404.86 1 1
github.com/randalmurphal/orc/internal/executor/executor.go:404.86,405.18 1 1
github.com/randalmurphal/orc/internal/executor/executor.go:405.18,407.4 1 1
github.com/randalmurphal/orc/internal/executor/executor.go:408.3,408.30 1 1
github.com/randalmurphal/orc/internal/executor/executor.go:408.30,410.4 1 1
github.com/randalmurphal/orc/internal/executor/executor.go:411.3,411.17 1 1
github.com/randalmurphal/orc/internal/executor/executor.go:411.17,413.4 1 1
github.com/randalmurphal/orc/internal/executor/executor.go:414.3,414.18 1 1
github.com/randalmurphal/orc/internal/executor/executor.go:416.2,420.16 3 1
github.com/randalmurphal/orc/internal/executor/executor.go:420.16,425.3 4 0
github.com/randalmurphal/orc/internal/executor/executor.go:428.2,448.30 5 1
github.com/randalmurphal/orc/internal/executor/executor.go:448.30,453.3 1 1
github.com/randalmurphal/orc/internal/executor/executor.go:456.2,467.16 9 1
github.com/randalmurphal/orc/internal/executor/executor.go:467.16,471.3 3 1
github.com/randalmurphal/orc/internal/executor/executor.go:473.2,473.25 1 1
github.com/randalmurphal/orc/internal/executor/executor.go:473.25,475.3 1 1
github.com/randalmurphal/orc/internal/executor/executor.go:475.8,475.31 1 1
github.com/randalmurphal/orc/internal/executor/executor.go:475.31,478.3 2 1
github.com/randalmurphal/orc/internal/executor/executor.go:478.8,481.3 2 1
github.com/randalmurphal/orc/internal/executor/executor.go:483.2,483.29 1 1
github.com/randalmurphal/orc/internal/executor/executor.go:487.82,488.71 1 1
github.com/randalmurphal/orc/internal/executor/executor.go:488.71,492.17 3 1
github.com/randalmurphal/orc/internal/executor/executor.go:492.17,496.18 3 1
github.com/randalmurphal/orc/internal/executor/executor.go:496.18,498.23 1 1
github.com/randalmurphal/orc/internal/executor/executor.go:498.23,500.6 1 1
github.com/randalmurphal/orc/internal/executor/executor.go:500.11,502.6 1 1
github.com/randalmurphal/orc/internal/executor/executor.go:503.5,504.18 2 1
github.com/randalmurphal/orc/internal/executor/executor.go:509.3,511.16 3 0
github.com/randalmurphal/orc/internal/executor/executor.go:516.69,532.33 3 1
github.com/randalmurphal/orc/internal/executor/executor.go:532.33,534.3 1 1
github.com/randalmurphal/orc/internal/executor/executor.go:536.2,536.15 1 1
github.com/randalmurphal/orc/internal/executor/executor.go:540.71,541.71 1 1
github.com/randalmurphal/orc/internal/executor/executor.go:541.71,544.20 2 1
github.com/randalmurphal/orc/internal/executor/executor.go:544.20,546.4 1 0
github.com/randalmurphal/orc/internal/executor/executor.go:549.3,558.17 3 1
github.com/randalmurphal/orc/internal/executor/executor.go:558.17,562.4 3 1
github.com/randalmurphal/orc/internal/executor/executor.go:564.3,573.16 7 1
github.com/randalmurphal/orc/internal/executor/executor.go:578.103,579.71 1 1
github.com/randalmurphal/orc/internal/executor/executor.go:579.71,585.53 3 1
github.com/randalmurphal/orc/internal/executor/executor.go:585.53,587.4 1 0
github.com/randalmurphal/orc/internal/executor/executor.go:590.3,590.54 1 1
github.com/randalmurphal/orc/internal/executor/executor.go:590.54,592.4 1 1
github.com/randalmurphal/orc/internal/executor/executor.go:595.3,595.16 1 1
github.com/randalmurphal/orc/internal/executor/executor.go:595.16,598.4 2 1
github.com/randalmurphal/orc/internal/executor/executor.go:601.3,601.45 1 1
github.com/randalmurphal/orc/internal/executor/executor.go:601.45,603.4 1 0
github.com/randalmurphal/orc/internal/executor/executor.go:605.3,605.16 1 1
github.com/randalmurphal/orc/internal/executor/executor.go:610.74,611.71 1 1
github.com/randalmurphal/orc/internal/executor/executor.go:611.71,613.22 1 1
github.com/randalmurphal/orc/internal/executor/executor.go:613.22,615.4 1 1
github.com/randalmurphal/orc/internal/executor/executor.go:618.3,620.17 3 1
github.com/randalmurphal/orc/internal/executor/executor.go:620.17,624.4 2 0
github.com/randalmurphal/orc/internal/executor/executor.go:626.3,627.16 2 1
github.com/randalmurphal/orc/internal/executor/executor.go:632.55,634.47 2 1
github.com/randalmurphal/orc/internal/executor/executor.go:634.47,636.3 1 0
github.com/randalmurphal/orc/internal/executor/executor.go:638.2,659.50 4 1
github.com/randalmurphal/orc/internal/executor/executor.go:663.103,671.51 5 1
github.com/randalmurphal/orc/internal/executor/executor.go:671.51,673.3 1 0
github.com/randalmurphal/orc/internal/executor/executor.go:676.2,676.53 1 1
github.com/randalmurphal/orc/internal/executor/executor.go:676.53,678.17 2 0
github.com/randalmurphal/orc/internal/executor/executor.go:678.17,680.4 1 0
github.com/randalmurphal/orc/internal/executor/executor.go:681.3,692.32 5 0
github.com/randalmurphal/orc/internal/executor/executor.go:692.32,694.4 1 0
github.com/randalmurphal/orc/internal/executor/executor.go:695.3,695.42 1 0
github.com/randalmurphal/orc/internal/executor/executor.go:695.42,697.4 1 0
github.com/randalmurphal/orc/internal/executor/executor.go:699.3,699.37 1 0
github.com/randalmurphal/orc/internal/executor/executor.go:699.37,701.4 1 0
github.com/randalmurphal/orc/internal/executor/executor.go:702.3,702.40 1 0
github.com/randalmurphal/orc/internal/executor/executor.go:702.40,704.4 1 0
github.com/randalmurphal/orc/internal/executor/executor.go:705.3,709.16 3 0
github.com/randalmurphal/orc/internal/executor/executor.go:709.16,710.28 1 0
github.com/randalmurphal/orc/internal/executor/executor.go:710.28,713.22 2 0
github.com/randalmurphal/orc/internal/executor/executor.go:713.22,714.59 1 0
github.com/randalmurphal/orc/internal/executor/executor.go:714.59,716.7 1 0
github.com/randalmurphal/orc/internal/executor/executor.go:716.12,718.7 1 0
github.com/randalmurphal/orc/internal/executor/executor.go:725.2,729.24 3 1
github.com/randalmurphal/orc/internal/executor/executor.go:729.24,733.35 2 1
github.com/randalmurphal/orc/internal/executor/executor.go:733.35,735.12 2 1
github.com/randalmurphal/orc/internal/executor/executor.go:739.3,740.52 2 1
github.com/randalmurphal/orc/internal/executor/executor.go:740.52,742.4 1 0
github.com/randalmurphal/orc/internal/executor/executor.go:744.3,752.17 5 1
github.com/randalmurphal/orc/internal/executor/executor.go:752.17,754.24 1 1
github.com/randalmurphal/orc/internal/executor/executor.go:754.24,758.5 3 1
github.com/randalmurphal/orc/internal/executor/executor.go:761.4,762.79 2 0
github.com/randalmurphal/orc/internal/executor/executor.go:762.79,772.42 4 0
github.com/randalmurphal/orc/internal/executor/executor.go:772.42,774.6 1 0
github.com/randalmurphal/orc/internal/executor/executor.go:775.5,780.23 4 0
github.com/randalmurphal/orc/internal/executor/executor.go:780.23,782.6 1 0
github.com/randalmurphal/orc/internal/executor/executor.go:782.11,784.6 1 0
github.com/randalmurphal/orc/internal/executor/executor.go:787.5,787.33 1 0
github.com/randalmurphal/orc/internal/executor/executor.go:787.33,788.28 1 0
github.com/randalmurphal/orc/internal/executor/executor.go:788.28,790.31 1 0
github.com/randalmurphal/orc/internal/executor/executor.go:790.31,792.8 1 0
github.com/randalmurphal/orc/internal/executor/executor.go:793.7,794.12 2 0
github.com/randalmurphal/orc/internal/executor/executor.go:797.5,798.13 2 0
github.com/randalmurphal/orc/internal/executor/executor.go:802.4,812.59 8 0
github.com/randalmurphal/orc/internal/executor/executor.go:816.3,821.26 4 1
github.com/randalmurphal/orc/internal/executor/executor.go:821.26,823.4 1 0
github.com/randalmurphal/orc/internal/executor/executor.go:826.3,826.52 1 1
github.com/randalmurphal/orc/internal/executor/executor.go:826.52,828.4 1 0
github.com/randalmurphal/orc/internal/executor/executor.go:829.3,829.52 1 1
github.com/randalmurphal/orc/internal/executor/executor.go:829.52,831.4 1 0
github.com/randalmurphal/orc/internal/executor/executor.go:834.3,839.28 4 1
github.com/randalmurphal/orc/internal/executor/executor.go:839.28,841.22 2 0
github.com/randalmurphal/orc/internal/executor/executor.go:841.22,844.5 1 0
github.com/randalmurphal/orc/internal/executor/executor.go:844.10,844.33 1 0
github.com/randalmurphal/orc/internal/executor/executor.go:844.33,847.80 2 0
github.com/randalmurphal/orc/internal/executor/executor.go:847.80,861.24 6 0
github.com/randalmurphal/orc/internal/executor/executor.go:861.24,863.7 1 0
github.com/randalmurphal/orc/internal/executor/executor.go:863.12,865.7 1 0
github.com/randalmurphal/orc/internal/executor/executor.go:868.6,868.34 1 0
github.com/randalmurphal/orc/internal/executor/executor.go:868.34,869.29 1 0
github.com/randalmurphal/orc/internal/executor/executor.go:869.29,870.32 1 0
github.com/randalmurphal/orc/internal/executor/executor.go:870.32,872.9 1 0
github.com/randalmurphal/orc/internal/executor/executor.go:873.8,874.13 2 0
github.com/randalmurphal/orc/internal/executor/executor.go:877.6,878.14 2 0
github.com/randalmurphal/orc/internal/executor/executor.go:882.5,886.96 2 0
github.com/randalmurphal/orc/internal/executor/executor.go:887.10,889.5 1 0
github.com/randalmurphal/orc/internal/executor/executor.go:892.3,892.6 1 1
github.com/randalmurphal/orc/internal/executor/executor.go:896.2,905.48 7 1
github.com/randalmurphal/orc/internal/executor/executor.go:905.48,908.3 1 1
github.com/randalmurphal/orc/internal/executor/executor.go:911.2,916.12 3 1
github.com/randalmurphal/orc/internal/executor/executor.go:920.127,925.66 2 1
github.com/randalmurphal/orc/internal/executor/executor.go:925.66,930.3 1 1
github.com/randalmurphal/orc/internal/executor/executor.go:933.2,938.61 2 1
github.com/randalmurphal/orc/internal/executor/executor.go:942.123,945.33 2 1
github.com/randalmurphal/orc/internal/executor/executor.go:945.33,946.26 1 1
github.com/randalmurphal/orc/internal/executor/executor.go:946.26,948.9 2 1
github.com/randalmurphal/orc/internal/executor/executor.go:952.2,952.20 1 1
github.com/randalmurphal/orc/internal/executor/executor.go:952.20,954.3 1 1
github.com/randalmurphal/orc/internal/executor/executor.go:957.2,968.45 3 1
github.com/randalmurphal/orc/internal/executor/executor.go:972.121,974.47 2 1
github.com/randalmurphal/orc/internal/executor/executor.go:974.47,976.3 1 0
github.com/randalmurphal/orc/internal/executor/executor.go:978.2,997.66 4 1
github.com/randalmurphal/orc/internal/executor/executor.go:997.66,999.3 1 0
github.com/randalmurphal/orc/internal/executor/executor.go:1001.2,1001.18 1 1
github.com/randalmurphal/orc/internal/executor/executor.go:1005.68,1007.15 2 1
github.com/randalmurphal/orc/internal/executor/executor.go:1007.15,1009.3 1 1
github.com/randalmurphal/orc/internal/executor/executor.go:1012.2,1032.26 2 1
github.com/randalmurphal/orc/internal/executor/executor.go:1032.26,1034.3 1 0
github.com/randalmurphal/orc/internal/executor/executor.go:1036.2,1036.16 1 1
github.com/randalmurphal/orc/internal/executor/executor.go:1040.65,1041.21 1 0
github.com/randalmurphal/orc/internal/executor/executor.go:1041.21,1043.3 1 0
github.com/randalmurphal/orc/internal/executor/executor.go:1045.2,1046.24 2 0
github.com/randalmurphal/orc/internal/executor/executor.go:1046.24,1048.3 1 0
github.com/randalmurphal/orc/internal/executor/executor.go:1051.2,1052.49 2 0
github.com/randalmurphal/orc/internal/executor/executor.go:1052.49,1056.3 2 0
github.com/randalmurphal/orc/internal/executor/executor.go:1058.2,1058.54 1 0
github.com/randalmurphal/orc/internal/executor/executor.go:1062.75,1064.38 2 1
github.com/randalmurphal/orc/internal/executor/executor.go:1064.38,1066.3 1 0
github.com/randalmurphal/orc/internal/executor/executor.go:1068.2,1068.21 1 1
github.com/randalmurphal/orc/internal/executor/executor.go:1068.21,1070.3 1 1
github.com/randalmurphal/orc/internal/executor/executor.go:1073.2,1073.49 1 0
github.com/randalmurphal/orc/internal/executor/executor.go:1073.49,1075.3 1 0
github.com/randalmurphal/orc/internal/executor/executor.go:1077.2,1077.16 1 0
github.com/randalmurphal/orc/internal/executor/executor.go:1078.15,1079.31 1 0
github.com/randalmurphal/orc/internal/executor/executor.go:1080.12,1081.28 1 0
github.com/randalmurphal/orc/internal/executor/executor.go:1082.10,1084.13 2 0
github.com/randalmurphal/orc/internal/executor/executor.go:1089.76,1092.24 3 0
github.com/randalmurphal/orc/internal/executor/executor.go:1092.24,1094.3 1 0
github.com/randalmurphal/orc/internal/executor/executor.go:1097.2,1098.26 2 0
github.com/randalmurphal/orc/internal/executor/executor.go:1098.26,1100.3 1 0
github.com/randalmurphal/orc/internal/executor/executor.go:1102.2,1105.47 2 0
github.com/randalmurphal/orc/internal/executor/executor.go:1105.47,1107.3 1 0
github.com/randalmurphal/orc/internal/executor/executor.go:1110.2,1111.46 2 0
github.com/randalmurphal/orc/internal/executor/executor.go:1111.46,1113.3 1 0
github.com/randalmurphal/orc/internal/executor/executor.go:1115.2,1116.12 2 0
github.com/randalmurphal/orc/internal/executor/executor.go:1120.73,1126.26 4 0
github.com/randalmurphal/orc/internal/executor/executor.go:1126.26,1128.3 1 0
github.com/randalmurphal/orc/internal/executor/executor.go:1131.2,1131.68 1 0
github.com/randalmurphal/orc/internal/executor/executor.go:1131.68,1133.3 1 0
github.com/randalmurphal/orc/internal/executor/executor.go:1136.2,1136.55 1 0
github.com/randalmurphal/orc/internal/executor/executor.go:1136.55,1138.3 1 0
github.com/randalmurphal/orc/internal/executor/executor.go:1141.2,1141.71 1 0
github.com/randalmurphal/orc/internal/executor/executor.go:1141.71,1143.3 1 0
github.com/randalmurphal/orc/internal/executor/executor.go:1146.2,1146.22 1 0
github.com/randalmurphal/orc/internal/executor/executor.go:1146.22,1147.64 1 0
github.com/randalmurphal/orc/internal/executor/executor.go:1147.64,1149.4 1 0
github.com/randalmurphal/orc/internal/executor/executor.go:1152.2,1153.12 2 0
github.com/randalmurphal/orc/internal/executor/executor.go:1157.70,1163.26 4 0
github.com/randalmurphal/orc/internal/executor/executor.go:1163.26,1165.3 1 0
github.com/randalmurphal/orc/internal/executor/executor.go:1168.2,1168.64 1 0
github.com/randalmurphal/orc/internal/executor/executor.go:1168.64,1170.3 1 0
github.com/randalmurphal/orc/internal/executor/executor.go:1173.2,1174.17 2 0
github.com/randalmurphal/orc/internal/executor/executor.go:1174.17,1176.3 1 0
github.com/randalmurphal/orc/internal/executor/executor.go:1177.2,1192.38 5 0
github.com/randalmurphal/orc/internal/executor/executor.go:1192.38,1194.3 1 0
github.com/randalmurphal/orc/internal/executor/executor.go:1197.2,1197.44 1 0
github.com/randalmurphal/orc/internal/executor/executor.go:1197.44,1199.3 1 0
github.com/randalmurphal/orc/internal/executor/executor.go:1202.2,1202.18 1 0
github.com/randalmurphal/orc/internal/executor/executor.go:1202.18,1204.3 1 0
github.com/randalmurphal/orc/internal/executor/executor.go:1207.2,1208.16 2 0
github.com/randalmurphal/orc/internal/executor/executor.go:1208.16,1210.3 1 0
github.com/randalmurphal/orc/internal/executor/executor.go:1213.2,1214.17 2 0
github.com/randalmurphal/orc/internal/executor/executor.go:1214.17,1215.24 1 0
github.com/randalmurphal/orc/internal/executor/executor.go:1215.24,1217.4 1 0
github.com/randalmurphal/orc/internal/executor/executor.go:1218.3,1219.29 2 0
github.com/randalmurphal/orc/internal/executor/executor.go:1222.2,1225.37 2 0
github.com/randalmurphal/orc/internal/executor/executor.go:1225.37,1226.85 1 0
github.com/randalmurphal/orc/internal/executor/executor.go:1226.85,1228.4 1 0
github.com/randalmurphal/orc/internal/executor/executor.go:1228.9,1230.4 1 0
github.com/randalmurphal/orc/internal/executor/executor.go:1233.2,1233.12 1 0
github.com/randalmurphal/orc/internal/executor/executor.go:1237.53,1241.25 3 0
github.com/randalmurphal/orc/internal/executor/executor.go:1241.25,1243.3 1 0
github.com/randalmurphal/orc/internal/executor/executor.go:1243.8,1245.3 1 0
github.com/randalmurphal/orc/internal/executor/executor.go:1246.2,1261.20 12 0
github.com/randalmurphal/orc/internal/executor/executor.go:1265.79,1269.26 2 0
github.com/randalmurphal/orc/internal/executor/executor.go:1269.26,1271.3 1 0
github.com/randalmurphal/orc/internal/executor/executor.go:1273.2,1274.16 2 0
github.com/randalmurphal/orc/internal/executor/executor.go:1274.16,1276.3 1 0
github.com/randalmurphal/orc/internal/executor/executor.go:1278.2,1278.28 1 0
github.com/randalmurphal/orc/internal/executor/recovery.go:32.39,39.2 1 1
github.com/randalmurphal/orc/internal/executor/recovery.go:42.120,49.57 5 1
github.com/randalmurphal/orc/internal/executor/recovery.go:49.57,51.21 2 1
github.com/randalmurphal/orc/internal/executor/recovery.go:51.21,53.4 1 1
github.com/randalmurphal/orc/internal/executor/recovery.go:56.3,56.28 1 1
github.com/randalmurphal/orc/internal/executor/recovery.go:56.28,58.4 1 1
github.com/randalmurphal/orc/internal/executor/recovery.go:60.3,69.15 2 1
github.com/randalmurphal/orc/internal/executor/recovery.go:69.15,71.43 2 1
github.com/randalmurphal/orc/internal/executor/recovery.go:71.43,73.5 1 0
github.com/randalmurphal/orc/internal/executor/recovery.go:76.3,76.10 1 1
github.com/randalmurphal/orc/internal/executor/recovery.go:77.21,78.28 1 0
github.com/randalmurphal/orc/internal/executor/recovery.go:79.30,79.30 0 1
github.com/randalmurphal/orc/internal/executor/recovery.go:83.3,84.31 2 1
github.com/randalmurphal/orc/internal/executor/recovery.go:84.31,86.4 1 0
github.com/randalmurphal/orc/internal/executor/recovery.go:89.2,89.30 1 1
github.com/randalmurphal/orc/internal/executor/recovery.go:93.34,94.16 1 1
github.com/randalmurphal/orc/internal/executor/recovery.go:94.16,96.3 1 1
github.com/randalmurphal/orc/internal/executor/recovery.go:99.2,101.44 1 1
github.com/randalmurphal/orc/internal/executor/recovery.go:101.44,103.3 1 1
github.com/randalmurphal/orc/internal/executor/recovery.go:106.2,120.44 3 1
github.com/randalmurphal/orc/internal/executor/recovery.go:120.44,121.40 1 1
github.com/randalmurphal/orc/internal/executor/recovery.go:121.40,123.4 1 1
github.com/randalmurphal/orc/internal/executor/recovery.go:126.2,126.14 1 1
github.com/randalmurphal/orc/internal/executor/recovery.go:130.37,131.16 1 1
github.com/randalmurphal/orc/internal/executor/recovery.go:131.16,133.3 1 1
github.com/randalmurphal/orc/internal/executor/recovery.go:135.2,137.128 2 1
github.com/randalmurphal/orc/internal/executor/recovery.go:137.128,139.3 1 1
github.com/randalmurphal/orc/internal/executor/recovery.go:141.2,141.83 1 1
github.com/randalmurphal/orc/internal/executor/recovery.go:141.83,143.3 1 1
github.com/randalmurphal/orc/internal/executor/recovery.go:145.2,145.81 1 1
github.com/randalmurphal/orc/internal/executor/recovery.go:145.81,147.3 1 1
github.com/randalmurphal/orc/internal/executor/recovery.go:149.2,149.12 1 1
